<?xml version="1.0" encoding="UTF-8" ?>
<testsuite tests="1" failures="1" name="tests.TestRunner" time="8.653" errors="0" skipped="0">
  <properties>
[...]
</properties>
  <testcase classname="tests.TestRunner" name="tests.TestRunner.testParallel" time="8.653">
    <failure message="status code was: 401, expected: 200, response time in milliseconds: 827, url: https://simple-books-api.glitch.me/orders, response: 
{&quot;error&quot;:&quot;Invalid bearer token.&quot;}
classpath:tests/simpleBooks.feature:78 ==&gt; expected: &lt;0&gt; but was: &lt;1&gt;" type="org.opentest4j.AssertionFailedError">org.opentest4j.AssertionFailedError: status code was: 401, expected: 200, response time in milliseconds: 827, url: https://simple-books-api.glitch.me/orders, response: 
{&quot;error&quot;:&quot;Invalid bearer token.&quot;}
classpath:tests/simpleBooks.feature:78 ==&gt; expected: &lt;0&gt; but was: &lt;1&gt;
	at org.junit.jupiter.api.AssertionUtils.fail(AssertionUtils.java:55)
	at org.junit.jupiter.api.AssertionUtils.failNotEqual(AssertionUtils.java:62)
	at org.junit.jupiter.api.AssertEquals.assertEquals(AssertEquals.java:150)
	at org.junit.jupiter.api.Assertions.assertEquals(Assertions.java:542)
	at tests.TestRunner.testParallel(TestRunner.java:29)
</failure>
    <system-out>15:53:37.400 [main] INFO com.intuit.karate.Runner - using system property &apos;karate.options&apos;: --tags @tag1
15:53:38.473 [main] DEBUG com.intuit.karate.Suite - [config] classpath:karate-config.js
15:53:38.481 [main] DEBUG com.intuit.karate.Suite - waiting for 4 features to complete
15:53:39.367 [pool-1-thread-3] INFO com.intuit.karate - karate.env system property was: null 
15:53:39.367 [pool-1-thread-2] INFO com.intuit.karate - karate.env system property was: null 
15:53:39.367 [pool-1-thread-1] INFO com.intuit.karate - karate.env system property was: null 
15:53:39.526 [pool-1-thread-1] DEBUG com.jayway.jsonpath.internal.path.CompiledPath - Evaluating path: $
15:53:39.576 [pool-1-thread-1] DEBUG io.netty.util.internal.logging.InternalLoggerFactory - Using SLF4J as the default logging framework
15:53:39.578 [pool-1-thread-1] DEBUG io.netty.util.internal.PlatformDependent0 - -Dio.netty.noUnsafe: false
15:53:39.578 [pool-1-thread-1] DEBUG io.netty.util.internal.PlatformDependent0 - Java version: 18
15:53:39.579 [pool-1-thread-1] DEBUG io.netty.util.internal.PlatformDependent0 - sun.misc.Unsafe.theUnsafe: available
15:53:39.579 [pool-1-thread-1] DEBUG io.netty.util.internal.PlatformDependent0 - sun.misc.Unsafe.copyMemory: available
15:53:39.580 [pool-1-thread-1] DEBUG io.netty.util.internal.PlatformDependent0 - java.nio.Buffer.address: available
15:53:39.580 [pool-1-thread-1] DEBUG io.netty.util.internal.PlatformDependent0 - direct buffer constructor: unavailable: Reflective setAccessible(true) disabled
15:53:39.581 [pool-1-thread-1] DEBUG io.netty.util.internal.PlatformDependent0 - java.nio.Bits.unaligned: available, true
15:53:39.582 [pool-1-thread-1] DEBUG io.netty.util.internal.PlatformDependent0 - jdk.internal.misc.Unsafe.allocateUninitializedArray(int): unavailable: class io.netty.util.internal.PlatformDependent0$6 cannot access class jdk.internal.misc.Unsafe (in module java.base) because module java.base does not export jdk.internal.misc to unnamed module @140e5a13
15:53:39.583 [pool-1-thread-1] DEBUG io.netty.util.internal.PlatformDependent0 - java.nio.DirectByteBuffer.&lt;init&gt;(long, int): unavailable
15:53:39.583 [pool-1-thread-1] DEBUG io.netty.util.internal.PlatformDependent - sun.misc.Unsafe: available
15:53:39.584 [pool-1-thread-1] DEBUG io.netty.util.internal.PlatformDependent - maxDirectMemory: 8518631424 bytes (maybe)
15:53:39.584 [pool-1-thread-1] DEBUG io.netty.util.internal.PlatformDependent - -Dio.netty.tmpdir: C:\Users\fzjadour\AppData\Local\Temp (java.io.tmpdir)
15:53:39.584 [pool-1-thread-1] DEBUG io.netty.util.internal.PlatformDependent - -Dio.netty.bitMode: 64 (sun.arch.data.model)
15:53:39.584 [pool-1-thread-1] DEBUG io.netty.util.internal.PlatformDependent - Platform: Windows
15:53:39.585 [pool-1-thread-1] DEBUG io.netty.util.internal.PlatformDependent - -Dio.netty.maxDirectMemory: -1 bytes
15:53:39.585 [pool-1-thread-1] DEBUG io.netty.util.internal.PlatformDependent - -Dio.netty.uninitializedArrayAllocationThreshold: -1
15:53:39.586 [pool-1-thread-1] DEBUG io.netty.util.internal.CleanerJava9 - java.nio.ByteBuffer.cleaner(): available
15:53:39.586 [pool-1-thread-1] DEBUG io.netty.util.internal.PlatformDependent - -Dio.netty.noPreferDirect: false
15:53:39.704 [pool-1-thread-1] DEBUG org.apache.http.client.protocol.RequestAddCookies - CookieSpec selected: karate
15:53:39.705 [pool-1-thread-3] DEBUG org.apache.http.client.protocol.RequestAddCookies - CookieSpec selected: karate
15:53:39.705 [pool-1-thread-2] DEBUG org.apache.http.client.protocol.RequestAddCookies - CookieSpec selected: karate
15:53:39.712 [pool-1-thread-1] DEBUG org.apache.http.client.protocol.RequestAuthCache - Auth cache not set in the context
15:53:39.712 [pool-1-thread-3] DEBUG org.apache.http.client.protocol.RequestAuthCache - Auth cache not set in the context
15:53:39.712 [pool-1-thread-2] DEBUG org.apache.http.client.protocol.RequestAuthCache - Auth cache not set in the context
15:53:39.714 [pool-1-thread-3] DEBUG com.intuit.karate - request:
1 &gt; GET https://simple-books-api.glitch.me/books?type=non-fiction
1 &gt; Host: simple-books-api.glitch.me
1 &gt; Connection: Keep-Alive
1 &gt; User-Agent: Apache-HttpClient/4.5.13 (Java/18.0.2.1)
1 &gt; Accept-Encoding: gzip,deflate


15:53:39.714 [pool-1-thread-2] DEBUG com.intuit.karate - request:
1 &gt; GET https://simple-books-api.glitch.me/books?type=fiction
1 &gt; Host: simple-books-api.glitch.me
1 &gt; Connection: Keep-Alive
1 &gt; User-Agent: Apache-HttpClient/4.5.13 (Java/18.0.2.1)
1 &gt; Accept-Encoding: gzip,deflate


15:53:39.714 [pool-1-thread-1] DEBUG com.intuit.karate - request:
1 &gt; POST https://simple-books-api.glitch.me/api-clients
1 &gt; Content-Type: application/json; charset=UTF-8
1 &gt; Content-Length: 92
1 &gt; Host: simple-books-api.glitch.me
1 &gt; Connection: Keep-Alive
1 &gt; User-Agent: Apache-HttpClient/4.5.13 (Java/18.0.2.1)
1 &gt; Accept-Encoding: gzip,deflate
{&quot;clientName&quot;:&quot;fatima&quot;,&quot;clientEmail&quot;:&quot;fatimae2bba533-49f9-42ce-9c33-7a9aecb2cb02@gmail.com&quot;}

15:53:39.715 [pool-1-thread-2] DEBUG org.apache.http.impl.conn.PoolingHttpClientConnectionManager - Connection request: [route: {s}-&gt;https://simple-books-api.glitch.me:443][total available: 0; route allocated: 0 of 5; total allocated: 0 of 10]
15:53:39.715 [pool-1-thread-3] DEBUG org.apache.http.impl.conn.PoolingHttpClientConnectionManager - Connection request: [route: {s}-&gt;https://simple-books-api.glitch.me:443][total available: 0; route allocated: 0 of 5; total allocated: 0 of 10]
15:53:39.715 [pool-1-thread-1] DEBUG org.apache.http.impl.conn.PoolingHttpClientConnectionManager - Connection request: [route: {s}-&gt;https://simple-books-api.glitch.me:443][total available: 0; route allocated: 0 of 5; total allocated: 0 of 10]
15:53:39.724 [pool-1-thread-3] DEBUG org.apache.http.impl.conn.PoolingHttpClientConnectionManager - Connection leased: [id: 0][route: {s}-&gt;https://simple-books-api.glitch.me:443][total available: 0; route allocated: 1 of 5; total allocated: 1 of 10]
15:53:39.724 [pool-1-thread-2] DEBUG org.apache.http.impl.conn.PoolingHttpClientConnectionManager - Connection leased: [id: 1][route: {s}-&gt;https://simple-books-api.glitch.me:443][total available: 0; route allocated: 1 of 5; total allocated: 1 of 10]
15:53:39.724 [pool-1-thread-1] DEBUG org.apache.http.impl.conn.PoolingHttpClientConnectionManager - Connection leased: [id: 2][route: {s}-&gt;https://simple-books-api.glitch.me:443][total available: 0; route allocated: 1 of 5; total allocated: 1 of 10]
15:53:39.726 [pool-1-thread-2] DEBUG org.apache.http.impl.execchain.MainClientExec - Opening connection {s}-&gt;https://simple-books-api.glitch.me:443
15:53:39.726 [pool-1-thread-3] DEBUG org.apache.http.impl.execchain.MainClientExec - Opening connection {s}-&gt;https://simple-books-api.glitch.me:443
15:53:39.726 [pool-1-thread-1] DEBUG org.apache.http.impl.execchain.MainClientExec - Opening connection {s}-&gt;https://simple-books-api.glitch.me:443
15:53:39.888 [pool-1-thread-1] DEBUG org.apache.http.impl.conn.DefaultHttpClientConnectionOperator - Connecting to simple-books-api.glitch.me/54.209.182.143:443
15:53:39.888 [pool-1-thread-2] DEBUG org.apache.http.impl.conn.DefaultHttpClientConnectionOperator - Connecting to simple-books-api.glitch.me/54.209.182.143:443
15:53:39.888 [pool-1-thread-3] DEBUG org.apache.http.impl.conn.DefaultHttpClientConnectionOperator - Connecting to simple-books-api.glitch.me/54.209.182.143:443
15:53:39.888 [pool-1-thread-2] DEBUG org.apache.http.conn.ssl.SSLConnectionSocketFactory - Connecting socket to simple-books-api.glitch.me/54.209.182.143:443 with timeout 30000
15:53:39.888 [pool-1-thread-1] DEBUG org.apache.http.conn.ssl.SSLConnectionSocketFactory - Connecting socket to simple-books-api.glitch.me/54.209.182.143:443 with timeout 30000
15:53:39.889 [pool-1-thread-3] DEBUG org.apache.http.conn.ssl.SSLConnectionSocketFactory - Connecting socket to simple-books-api.glitch.me/54.209.182.143:443 with timeout 30000
15:53:40.104 [pool-1-thread-3] DEBUG org.apache.http.conn.ssl.SSLConnectionSocketFactory - Enabled protocols: [TLSv1.3, TLSv1.2]
15:53:40.104 [pool-1-thread-1] DEBUG org.apache.http.conn.ssl.SSLConnectionSocketFactory - Enabled protocols: [TLSv1.3, TLSv1.2]
15:53:40.104 [pool-1-thread-2] DEBUG org.apache.http.conn.ssl.SSLConnectionSocketFactory - Enabled protocols: [TLSv1.3, TLSv1.2]
15:53:40.104 [pool-1-thread-3] DEBUG org.apache.http.conn.ssl.SSLConnectionSocketFactory - Enabled cipher suites:[TLS_AES_256_GCM_SHA384, TLS_AES_128_GCM_SHA256, TLS_CHACHA20_POLY1305_SHA256, TLS_ECDHE_ECDSA_WITH_AES_256_GCM_SHA384, TLS_ECDHE_ECDSA_WITH_AES_128_GCM_SHA256, TLS_ECDHE_ECDSA_WITH_CHACHA20_POLY1305_SHA256, TLS_ECDHE_RSA_WITH_AES_256_GCM_SHA384, TLS_ECDHE_RSA_WITH_CHACHA20_POLY1305_SHA256, TLS_ECDHE_RSA_WITH_AES_128_GCM_SHA256, TLS_DHE_RSA_WITH_AES_256_GCM_SHA384, TLS_DHE_RSA_WITH_CHACHA20_POLY1305_SHA256, TLS_DHE_DSS_WITH_AES_256_GCM_SHA384, TLS_DHE_RSA_WITH_AES_128_GCM_SHA256, TLS_DHE_DSS_WITH_AES_128_GCM_SHA256, TLS_ECDHE_ECDSA_WITH_AES_256_CBC_SHA384, TLS_ECDHE_RSA_WITH_AES_256_CBC_SHA384, TLS_ECDHE_ECDSA_WITH_AES_128_CBC_SHA256, TLS_ECDHE_RSA_WITH_AES_128_CBC_SHA256, TLS_DHE_RSA_WITH_AES_256_CBC_SHA256, TLS_DHE_DSS_WITH_AES_256_CBC_SHA256, TLS_DHE_RSA_WITH_AES_128_CBC_SHA256, TLS_DHE_DSS_WITH_AES_128_CBC_SHA256, TLS_ECDH_ECDSA_WITH_AES_256_GCM_SHA384, TLS_ECDH_RSA_WITH_AES_256_GCM_SHA384, TLS_ECDH_ECDSA_WITH_AES_128_GCM_SHA256, TLS_ECDH_RSA_WITH_AES_128_GCM_SHA256, TLS_ECDH_ECDSA_WITH_AES_256_CBC_SHA384, TLS_ECDH_RSA_WITH_AES_256_CBC_SHA384, TLS_ECDH_ECDSA_WITH_AES_128_CBC_SHA256, TLS_ECDH_RSA_WITH_AES_128_CBC_SHA256, TLS_ECDHE_ECDSA_WITH_AES_256_CBC_SHA, TLS_ECDHE_RSA_WITH_AES_256_CBC_SHA, TLS_ECDHE_ECDSA_WITH_AES_128_CBC_SHA, TLS_ECDHE_RSA_WITH_AES_128_CBC_SHA, TLS_DHE_RSA_WITH_AES_256_CBC_SHA, TLS_DHE_DSS_WITH_AES_256_CBC_SHA, TLS_DHE_RSA_WITH_AES_128_CBC_SHA, TLS_DHE_DSS_WITH_AES_128_CBC_SHA, TLS_ECDH_ECDSA_WITH_AES_256_CBC_SHA, TLS_ECDH_RSA_WITH_AES_256_CBC_SHA, TLS_ECDH_ECDSA_WITH_AES_128_CBC_SHA, TLS_ECDH_RSA_WITH_AES_128_CBC_SHA, TLS_RSA_WITH_AES_256_GCM_SHA384, TLS_RSA_WITH_AES_128_GCM_SHA256, TLS_RSA_WITH_AES_256_CBC_SHA256, TLS_RSA_WITH_AES_128_CBC_SHA256, TLS_RSA_WITH_AES_256_CBC_SHA, TLS_RSA_WITH_AES_128_CBC_SHA, TLS_EMPTY_RENEGOTIATION_INFO_SCSV]
15:53:40.105 [pool-1-thread-3] DEBUG org.apache.http.conn.ssl.SSLConnectionSocketFactory - Starting handshake
15:53:40.104 [pool-1-thread-1] DEBUG org.apache.http.conn.ssl.SSLConnectionSocketFactory - Enabled cipher suites:[TLS_AES_256_GCM_SHA384, TLS_AES_128_GCM_SHA256, TLS_CHACHA20_POLY1305_SHA256, TLS_ECDHE_ECDSA_WITH_AES_256_GCM_SHA384, TLS_ECDHE_ECDSA_WITH_AES_128_GCM_SHA256, TLS_ECDHE_ECDSA_WITH_CHACHA20_POLY1305_SHA256, TLS_ECDHE_RSA_WITH_AES_256_GCM_SHA384, TLS_ECDHE_RSA_WITH_CHACHA20_POLY1305_SHA256, TLS_ECDHE_RSA_WITH_AES_128_GCM_SHA256, TLS_DHE_RSA_WITH_AES_256_GCM_SHA384, TLS_DHE_RSA_WITH_CHACHA20_POLY1305_SHA256, TLS_DHE_DSS_WITH_AES_256_GCM_SHA384, TLS_DHE_RSA_WITH_AES_128_GCM_SHA256, TLS_DHE_DSS_WITH_AES_128_GCM_SHA256, TLS_ECDHE_ECDSA_WITH_AES_256_CBC_SHA384, TLS_ECDHE_RSA_WITH_AES_256_CBC_SHA384, TLS_ECDHE_ECDSA_WITH_AES_128_CBC_SHA256, TLS_ECDHE_RSA_WITH_AES_128_CBC_SHA256, TLS_DHE_RSA_WITH_AES_256_CBC_SHA256, TLS_DHE_DSS_WITH_AES_256_CBC_SHA256, TLS_DHE_RSA_WITH_AES_128_CBC_SHA256, TLS_DHE_DSS_WITH_AES_128_CBC_SHA256, TLS_ECDH_ECDSA_WITH_AES_256_GCM_SHA384, TLS_ECDH_RSA_WITH_AES_256_GCM_SHA384, TLS_ECDH_ECDSA_WITH_AES_128_GCM_SHA256, TLS_ECDH_RSA_WITH_AES_128_GCM_SHA256, TLS_ECDH_ECDSA_WITH_AES_256_CBC_SHA384, TLS_ECDH_RSA_WITH_AES_256_CBC_SHA384, TLS_ECDH_ECDSA_WITH_AES_128_CBC_SHA256, TLS_ECDH_RSA_WITH_AES_128_CBC_SHA256, TLS_ECDHE_ECDSA_WITH_AES_256_CBC_SHA, TLS_ECDHE_RSA_WITH_AES_256_CBC_SHA, TLS_ECDHE_ECDSA_WITH_AES_128_CBC_SHA, TLS_ECDHE_RSA_WITH_AES_128_CBC_SHA, TLS_DHE_RSA_WITH_AES_256_CBC_SHA, TLS_DHE_DSS_WITH_AES_256_CBC_SHA, TLS_DHE_RSA_WITH_AES_128_CBC_SHA, TLS_DHE_DSS_WITH_AES_128_CBC_SHA, TLS_ECDH_ECDSA_WITH_AES_256_CBC_SHA, TLS_ECDH_RSA_WITH_AES_256_CBC_SHA, TLS_ECDH_ECDSA_WITH_AES_128_CBC_SHA, TLS_ECDH_RSA_WITH_AES_128_CBC_SHA, TLS_RSA_WITH_AES_256_GCM_SHA384, TLS_RSA_WITH_AES_128_GCM_SHA256, TLS_RSA_WITH_AES_256_CBC_SHA256, TLS_RSA_WITH_AES_128_CBC_SHA256, TLS_RSA_WITH_AES_256_CBC_SHA, TLS_RSA_WITH_AES_128_CBC_SHA, TLS_EMPTY_RENEGOTIATION_INFO_SCSV]
15:53:40.105 [pool-1-thread-2] DEBUG org.apache.http.conn.ssl.SSLConnectionSocketFactory - Enabled cipher suites:[TLS_AES_256_GCM_SHA384, TLS_AES_128_GCM_SHA256, TLS_CHACHA20_POLY1305_SHA256, TLS_ECDHE_ECDSA_WITH_AES_256_GCM_SHA384, TLS_ECDHE_ECDSA_WITH_AES_128_GCM_SHA256, TLS_ECDHE_ECDSA_WITH_CHACHA20_POLY1305_SHA256, TLS_ECDHE_RSA_WITH_AES_256_GCM_SHA384, TLS_ECDHE_RSA_WITH_CHACHA20_POLY1305_SHA256, TLS_ECDHE_RSA_WITH_AES_128_GCM_SHA256, TLS_DHE_RSA_WITH_AES_256_GCM_SHA384, TLS_DHE_RSA_WITH_CHACHA20_POLY1305_SHA256, TLS_DHE_DSS_WITH_AES_256_GCM_SHA384, TLS_DHE_RSA_WITH_AES_128_GCM_SHA256, TLS_DHE_DSS_WITH_AES_128_GCM_SHA256, TLS_ECDHE_ECDSA_WITH_AES_256_CBC_SHA384, TLS_ECDHE_RSA_WITH_AES_256_CBC_SHA384, TLS_ECDHE_ECDSA_WITH_AES_128_CBC_SHA256, TLS_ECDHE_RSA_WITH_AES_128_CBC_SHA256, TLS_DHE_RSA_WITH_AES_256_CBC_SHA256, TLS_DHE_DSS_WITH_AES_256_CBC_SHA256, TLS_DHE_RSA_WITH_AES_128_CBC_SHA256, TLS_DHE_DSS_WITH_AES_128_CBC_SHA256, TLS_ECDH_ECDSA_WITH_AES_256_GCM_SHA384, TLS_ECDH_RSA_WITH_AES_256_GCM_SHA384, TLS_ECDH_ECDSA_WITH_AES_128_GCM_SHA256, TLS_ECDH_RSA_WITH_AES_128_GCM_SHA256, TLS_ECDH_ECDSA_WITH_AES_256_CBC_SHA384, TLS_ECDH_RSA_WITH_AES_256_CBC_SHA384, TLS_ECDH_ECDSA_WITH_AES_128_CBC_SHA256, TLS_ECDH_RSA_WITH_AES_128_CBC_SHA256, TLS_ECDHE_ECDSA_WITH_AES_256_CBC_SHA, TLS_ECDHE_RSA_WITH_AES_256_CBC_SHA, TLS_ECDHE_ECDSA_WITH_AES_128_CBC_SHA, TLS_ECDHE_RSA_WITH_AES_128_CBC_SHA, TLS_DHE_RSA_WITH_AES_256_CBC_SHA, TLS_DHE_DSS_WITH_AES_256_CBC_SHA, TLS_DHE_RSA_WITH_AES_128_CBC_SHA, TLS_DHE_DSS_WITH_AES_128_CBC_SHA, TLS_ECDH_ECDSA_WITH_AES_256_CBC_SHA, TLS_ECDH_RSA_WITH_AES_256_CBC_SHA, TLS_ECDH_ECDSA_WITH_AES_128_CBC_SHA, TLS_ECDH_RSA_WITH_AES_128_CBC_SHA, TLS_RSA_WITH_AES_256_GCM_SHA384, TLS_RSA_WITH_AES_128_GCM_SHA256, TLS_RSA_WITH_AES_256_CBC_SHA256, TLS_RSA_WITH_AES_128_CBC_SHA256, TLS_RSA_WITH_AES_256_CBC_SHA, TLS_RSA_WITH_AES_128_CBC_SHA, TLS_EMPTY_RENEGOTIATION_INFO_SCSV]
15:53:40.107 [pool-1-thread-2] DEBUG org.apache.http.conn.ssl.SSLConnectionSocketFactory - Starting handshake
15:53:40.106 [pool-1-thread-1] DEBUG org.apache.http.conn.ssl.SSLConnectionSocketFactory - Starting handshake
15:53:40.816 [pool-1-thread-2] DEBUG org.apache.http.conn.ssl.SSLConnectionSocketFactory - Secure session established
15:53:40.816 [pool-1-thread-3] DEBUG org.apache.http.conn.ssl.SSLConnectionSocketFactory - Secure session established
15:53:40.816 [pool-1-thread-1] DEBUG org.apache.http.conn.ssl.SSLConnectionSocketFactory - Secure session established
15:53:40.817 [pool-1-thread-2] DEBUG org.apache.http.conn.ssl.SSLConnectionSocketFactory -  negotiated protocol: TLSv1.2
15:53:40.817 [pool-1-thread-3] DEBUG org.apache.http.conn.ssl.SSLConnectionSocketFactory -  negotiated protocol: TLSv1.2
15:53:40.817 [pool-1-thread-1] DEBUG org.apache.http.conn.ssl.SSLConnectionSocketFactory -  negotiated protocol: TLSv1.2
15:53:40.817 [pool-1-thread-2] DEBUG org.apache.http.conn.ssl.SSLConnectionSocketFactory -  negotiated cipher suite: TLS_ECDHE_RSA_WITH_AES_128_GCM_SHA256
15:53:40.817 [pool-1-thread-3] DEBUG org.apache.http.conn.ssl.SSLConnectionSocketFactory -  negotiated cipher suite: TLS_ECDHE_RSA_WITH_AES_128_GCM_SHA256
15:53:40.817 [pool-1-thread-1] DEBUG org.apache.http.conn.ssl.SSLConnectionSocketFactory -  negotiated cipher suite: TLS_ECDHE_RSA_WITH_AES_128_GCM_SHA256
15:53:40.818 [pool-1-thread-3] DEBUG org.apache.http.conn.ssl.SSLConnectionSocketFactory -  peer principal: CN=glitch.com
15:53:40.818 [pool-1-thread-1] DEBUG org.apache.http.conn.ssl.SSLConnectionSocketFactory -  peer principal: CN=glitch.com
15:53:40.818 [pool-1-thread-2] DEBUG org.apache.http.conn.ssl.SSLConnectionSocketFactory -  peer principal: CN=glitch.com
15:53:40.819 [pool-1-thread-1] DEBUG org.apache.http.conn.ssl.SSLConnectionSocketFactory -  peer alternative names: [glitch.com, *.gomix.me, gomix.com, gomix.me, glitch.me, *.glitch.com, *.gomix.com, *.glitch.me]
15:53:40.819 [pool-1-thread-3] DEBUG org.apache.http.conn.ssl.SSLConnectionSocketFactory -  peer alternative names: [glitch.com, *.gomix.me, gomix.com, gomix.me, glitch.me, *.glitch.com, *.gomix.com, *.glitch.me]
15:53:40.819 [pool-1-thread-1] DEBUG org.apache.http.conn.ssl.SSLConnectionSocketFactory -  issuer principal: CN=Amazon, OU=Server CA 1B, O=Amazon, C=US
15:53:40.819 [pool-1-thread-2] DEBUG org.apache.http.conn.ssl.SSLConnectionSocketFactory -  peer alternative names: [glitch.com, *.gomix.me, gomix.com, gomix.me, glitch.me, *.glitch.com, *.gomix.com, *.glitch.me]
15:53:40.819 [pool-1-thread-3] DEBUG org.apache.http.conn.ssl.SSLConnectionSocketFactory -  issuer principal: CN=Amazon, OU=Server CA 1B, O=Amazon, C=US
15:53:40.820 [pool-1-thread-2] DEBUG org.apache.http.conn.ssl.SSLConnectionSocketFactory -  issuer principal: CN=Amazon, OU=Server CA 1B, O=Amazon, C=US
15:53:40.826 [pool-1-thread-1] DEBUG org.apache.http.impl.conn.DefaultHttpClientConnectionOperator - Connection established 192.168.1.41:60959&lt;-&gt;54.209.182.143:443
15:53:40.826 [pool-1-thread-2] DEBUG org.apache.http.impl.conn.DefaultHttpClientConnectionOperator - Connection established 192.168.1.41:60957&lt;-&gt;54.209.182.143:443
15:53:40.826 [pool-1-thread-3] DEBUG org.apache.http.impl.conn.DefaultHttpClientConnectionOperator - Connection established 192.168.1.41:60958&lt;-&gt;54.209.182.143:443
15:53:40.827 [pool-1-thread-2] DEBUG org.apache.http.impl.conn.DefaultManagedHttpClientConnection - http-outgoing-0: set socket timeout to 30000
15:53:40.827 [pool-1-thread-1] DEBUG org.apache.http.impl.conn.DefaultManagedHttpClientConnection - http-outgoing-1: set socket timeout to 30000
15:53:40.827 [pool-1-thread-3] DEBUG org.apache.http.impl.conn.DefaultManagedHttpClientConnection - http-outgoing-2: set socket timeout to 30000
15:53:40.827 [pool-1-thread-1] DEBUG org.apache.http.impl.execchain.MainClientExec - Executing request POST /api-clients HTTP/1.1
15:53:40.827 [pool-1-thread-2] DEBUG org.apache.http.impl.execchain.MainClientExec - Executing request GET /books?type=fiction HTTP/1.1
15:53:40.827 [pool-1-thread-2] DEBUG org.apache.http.impl.execchain.MainClientExec - Target auth state: UNCHALLENGED
15:53:40.827 [pool-1-thread-3] DEBUG org.apache.http.impl.execchain.MainClientExec - Executing request GET /books?type=non-fiction HTTP/1.1
15:53:40.827 [pool-1-thread-3] DEBUG org.apache.http.impl.execchain.MainClientExec - Target auth state: UNCHALLENGED
15:53:40.827 [pool-1-thread-1] DEBUG org.apache.http.impl.execchain.MainClientExec - Target auth state: UNCHALLENGED
15:53:40.828 [pool-1-thread-2] DEBUG org.apache.http.impl.execchain.MainClientExec - Proxy auth state: UNCHALLENGED
15:53:40.828 [pool-1-thread-1] DEBUG org.apache.http.impl.execchain.MainClientExec - Proxy auth state: UNCHALLENGED
15:53:40.828 [pool-1-thread-3] DEBUG org.apache.http.impl.execchain.MainClientExec - Proxy auth state: UNCHALLENGED
15:53:40.829 [pool-1-thread-3] DEBUG org.apache.http.headers - http-outgoing-2 &gt;&gt; GET /books?type=non-fiction HTTP/1.1
15:53:40.829 [pool-1-thread-2] DEBUG org.apache.http.headers - http-outgoing-0 &gt;&gt; GET /books?type=fiction HTTP/1.1
15:53:40.829 [pool-1-thread-3] DEBUG org.apache.http.headers - http-outgoing-2 &gt;&gt; Host: simple-books-api.glitch.me
15:53:40.829 [pool-1-thread-2] DEBUG org.apache.http.headers - http-outgoing-0 &gt;&gt; Host: simple-books-api.glitch.me
15:53:40.829 [pool-1-thread-3] DEBUG org.apache.http.headers - http-outgoing-2 &gt;&gt; Connection: Keep-Alive
15:53:40.829 [pool-1-thread-3] DEBUG org.apache.http.headers - http-outgoing-2 &gt;&gt; User-Agent: Apache-HttpClient/4.5.13 (Java/18.0.2.1)
15:53:40.829 [pool-1-thread-1] DEBUG org.apache.http.headers - http-outgoing-1 &gt;&gt; POST /api-clients HTTP/1.1
15:53:40.829 [pool-1-thread-2] DEBUG org.apache.http.headers - http-outgoing-0 &gt;&gt; Connection: Keep-Alive
15:53:40.830 [pool-1-thread-1] DEBUG org.apache.http.headers - http-outgoing-1 &gt;&gt; Content-Type: application/json; charset=UTF-8
15:53:40.829 [pool-1-thread-3] DEBUG org.apache.http.headers - http-outgoing-2 &gt;&gt; Accept-Encoding: gzip,deflate
15:53:40.830 [pool-1-thread-2] DEBUG org.apache.http.headers - http-outgoing-0 &gt;&gt; User-Agent: Apache-HttpClient/4.5.13 (Java/18.0.2.1)
15:53:40.830 [pool-1-thread-1] DEBUG org.apache.http.headers - http-outgoing-1 &gt;&gt; Content-Length: 92
15:53:40.830 [pool-1-thread-2] DEBUG org.apache.http.headers - http-outgoing-0 &gt;&gt; Accept-Encoding: gzip,deflate
15:53:40.830 [pool-1-thread-3] DEBUG org.apache.http.wire - http-outgoing-2 &gt;&gt; &quot;GET /books?type=non-fiction HTTP/1.1[\r][\n]&quot;
15:53:40.830 [pool-1-thread-2] DEBUG org.apache.http.wire - http-outgoing-0 &gt;&gt; &quot;GET /books?type=fiction HTTP/1.1[\r][\n]&quot;
15:53:40.832 [pool-1-thread-3] DEBUG org.apache.http.wire - http-outgoing-2 &gt;&gt; &quot;Host: simple-books-api.glitch.me[\r][\n]&quot;
15:53:40.830 [pool-1-thread-1] DEBUG org.apache.http.headers - http-outgoing-1 &gt;&gt; Host: simple-books-api.glitch.me
15:53:40.832 [pool-1-thread-3] DEBUG org.apache.http.wire - http-outgoing-2 &gt;&gt; &quot;Connection: Keep-Alive[\r][\n]&quot;
15:53:40.832 [pool-1-thread-1] DEBUG org.apache.http.headers - http-outgoing-1 &gt;&gt; Connection: Keep-Alive
15:53:40.832 [pool-1-thread-2] DEBUG org.apache.http.wire - http-outgoing-0 &gt;&gt; &quot;Host: simple-books-api.glitch.me[\r][\n]&quot;
15:53:40.832 [pool-1-thread-3] DEBUG org.apache.http.wire - http-outgoing-2 &gt;&gt; &quot;User-Agent: Apache-HttpClient/4.5.13 (Java/18.0.2.1)[\r][\n]&quot;
15:53:40.832 [pool-1-thread-1] DEBUG org.apache.http.headers - http-outgoing-1 &gt;&gt; User-Agent: Apache-HttpClient/4.5.13 (Java/18.0.2.1)
15:53:40.832 [pool-1-thread-3] DEBUG org.apache.http.wire - http-outgoing-2 &gt;&gt; &quot;Accept-Encoding: gzip,deflate[\r][\n]&quot;
15:53:40.832 [pool-1-thread-2] DEBUG org.apache.http.wire - http-outgoing-0 &gt;&gt; &quot;Connection: Keep-Alive[\r][\n]&quot;
15:53:40.832 [pool-1-thread-1] DEBUG org.apache.http.headers - http-outgoing-1 &gt;&gt; Accept-Encoding: gzip,deflate
15:53:40.832 [pool-1-thread-3] DEBUG org.apache.http.wire - http-outgoing-2 &gt;&gt; &quot;[\r][\n]&quot;
15:53:40.832 [pool-1-thread-2] DEBUG org.apache.http.wire - http-outgoing-0 &gt;&gt; &quot;User-Agent: Apache-HttpClient/4.5.13 (Java/18.0.2.1)[\r][\n]&quot;
15:53:40.832 [pool-1-thread-2] DEBUG org.apache.http.wire - http-outgoing-0 &gt;&gt; &quot;Accept-Encoding: gzip,deflate[\r][\n]&quot;
15:53:40.832 [pool-1-thread-1] DEBUG org.apache.http.wire - http-outgoing-1 &gt;&gt; &quot;POST /api-clients HTTP/1.1[\r][\n]&quot;
15:53:40.832 [pool-1-thread-2] DEBUG org.apache.http.wire - http-outgoing-0 &gt;&gt; &quot;[\r][\n]&quot;
15:53:40.832 [pool-1-thread-1] DEBUG org.apache.http.wire - http-outgoing-1 &gt;&gt; &quot;Content-Type: application/json; charset=UTF-8[\r][\n]&quot;
15:53:40.832 [pool-1-thread-1] DEBUG org.apache.http.wire - http-outgoing-1 &gt;&gt; &quot;Content-Length: 92[\r][\n]&quot;
15:53:40.832 [pool-1-thread-1] DEBUG org.apache.http.wire - http-outgoing-1 &gt;&gt; &quot;Host: simple-books-api.glitch.me[\r][\n]&quot;
15:53:40.832 [pool-1-thread-1] DEBUG org.apache.http.wire - http-outgoing-1 &gt;&gt; &quot;Connection: Keep-Alive[\r][\n]&quot;
15:53:40.832 [pool-1-thread-1] DEBUG org.apache.http.wire - http-outgoing-1 &gt;&gt; &quot;User-Agent: Apache-HttpClient/4.5.13 (Java/18.0.2.1)[\r][\n]&quot;
15:53:40.832 [pool-1-thread-1] DEBUG org.apache.http.wire - http-outgoing-1 &gt;&gt; &quot;Accept-Encoding: gzip,deflate[\r][\n]&quot;
15:53:40.832 [pool-1-thread-1] DEBUG org.apache.http.wire - http-outgoing-1 &gt;&gt; &quot;[\r][\n]&quot;
15:53:40.832 [pool-1-thread-1] DEBUG org.apache.http.wire - http-outgoing-1 &gt;&gt; &quot;{&quot;clientName&quot;:&quot;fatima&quot;,&quot;clientEmail&quot;:&quot;fatimae2bba533-49f9-42ce-9c33-7a9aecb2cb02@gmail.com&quot;}&quot;
15:53:41.016 [pool-1-thread-3] DEBUG org.apache.http.wire - http-outgoing-2 &lt;&lt; &quot;HTTP/1.1 200 OK[\r][\n]&quot;
15:53:41.016 [pool-1-thread-3] DEBUG org.apache.http.wire - http-outgoing-2 &lt;&lt; &quot;Date: Thu, 01 Dec 2022 14:53:36 GMT[\r][\n]&quot;
15:53:41.016 [pool-1-thread-3] DEBUG org.apache.http.wire - http-outgoing-2 &lt;&lt; &quot;Content-Type: application/json; charset=utf-8[\r][\n]&quot;
15:53:41.016 [pool-1-thread-3] DEBUG org.apache.http.wire - http-outgoing-2 &lt;&lt; &quot;Content-Length: 135[\r][\n]&quot;
15:53:41.016 [pool-1-thread-3] DEBUG org.apache.http.wire - http-outgoing-2 &lt;&lt; &quot;Connection: keep-alive[\r][\n]&quot;
15:53:41.016 [pool-1-thread-3] DEBUG org.apache.http.wire - http-outgoing-2 &lt;&lt; &quot;x-powered-by: Express[\r][\n]&quot;
15:53:41.016 [pool-1-thread-3] DEBUG org.apache.http.wire - http-outgoing-2 &lt;&lt; &quot;etag: W/&quot;87-fbXCfgu0GEMnqcRoXq5fuhhKazw&quot;[\r][\n]&quot;
15:53:41.016 [pool-1-thread-3] DEBUG org.apache.http.wire - http-outgoing-2 &lt;&lt; &quot;[\r][\n]&quot;
15:53:41.016 [pool-1-thread-3] DEBUG org.apache.http.wire - http-outgoing-2 &lt;&lt; &quot;[{&quot;id&quot;:2,&quot;name&quot;:&quot;Just as I Am&quot;,&quot;type&quot;:&quot;non-fiction&quot;,&quot;available&quot;:false},{&quot;id&quot;:5,&quot;name&quot;:&quot;Untamed&quot;,&quot;type&quot;:&quot;non-fiction&quot;,&quot;available&quot;:true}]&quot;
15:53:41.020 [pool-1-thread-3] DEBUG org.apache.http.headers - http-outgoing-2 &lt;&lt; HTTP/1.1 200 OK
15:53:41.020 [pool-1-thread-3] DEBUG org.apache.http.headers - http-outgoing-2 &lt;&lt; Date: Thu, 01 Dec 2022 14:53:36 GMT
15:53:41.020 [pool-1-thread-3] DEBUG org.apache.http.headers - http-outgoing-2 &lt;&lt; Content-Type: application/json; charset=utf-8
15:53:41.020 [pool-1-thread-3] DEBUG org.apache.http.headers - http-outgoing-2 &lt;&lt; Content-Length: 135
15:53:41.020 [pool-1-thread-3] DEBUG org.apache.http.headers - http-outgoing-2 &lt;&lt; Connection: keep-alive
15:53:41.020 [pool-1-thread-3] DEBUG org.apache.http.headers - http-outgoing-2 &lt;&lt; x-powered-by: Express
15:53:41.020 [pool-1-thread-3] DEBUG org.apache.http.headers - http-outgoing-2 &lt;&lt; etag: W/&quot;87-fbXCfgu0GEMnqcRoXq5fuhhKazw&quot;
15:53:41.022 [pool-1-thread-3] DEBUG org.apache.http.impl.execchain.MainClientExec - Connection can be kept alive indefinitely
15:53:41.024 [pool-1-thread-3] DEBUG org.apache.http.impl.conn.PoolingHttpClientConnectionManager - Connection [id: 0][route: {s}-&gt;https://simple-books-api.glitch.me:443] can be kept alive indefinitely
15:53:41.024 [pool-1-thread-3] DEBUG org.apache.http.impl.conn.DefaultManagedHttpClientConnection - http-outgoing-2: set socket timeout to 0
15:53:41.024 [pool-1-thread-3] DEBUG org.apache.http.impl.conn.PoolingHttpClientConnectionManager - Connection released: [id: 0][route: {s}-&gt;https://simple-books-api.glitch.me:443][total available: 1; route allocated: 1 of 5; total allocated: 1 of 10]
15:53:41.025 [pool-1-thread-3] DEBUG com.intuit.karate - response time in milliseconds: 1310
1 &lt; 200
1 &lt; Date: Thu, 01 Dec 2022 14:53:36 GMT
1 &lt; Content-Type: application/json; charset=utf-8
1 &lt; Content-Length: 135
1 &lt; Connection: keep-alive
1 &lt; x-powered-by: Express
1 &lt; etag: W/&quot;87-fbXCfgu0GEMnqcRoXq5fuhhKazw&quot;
[{&quot;id&quot;:2,&quot;name&quot;:&quot;Just as I Am&quot;,&quot;type&quot;:&quot;non-fiction&quot;,&quot;available&quot;:false},{&quot;id&quot;:5,&quot;name&quot;:&quot;Untamed&quot;,&quot;type&quot;:&quot;non-fiction&quot;,&quot;available&quot;:true}]

15:53:41.033 [pool-1-thread-3] DEBUG com.jayway.jsonpath.internal.path.CompiledPath - Evaluating path: $[*][&apos;type&apos;]
15:53:41.050 [pool-1-thread-3] INFO com.intuit.karate - karate.env system property was: null 
15:53:41.055 [pool-1-thread-2] DEBUG org.apache.http.wire - http-outgoing-0 &lt;&lt; &quot;HTTP/1.1 200 OK[\r][\n]&quot;
15:53:41.055 [pool-1-thread-2] DEBUG org.apache.http.wire - http-outgoing-0 &lt;&lt; &quot;Date: Thu, 01 Dec 2022 14:53:36 GMT[\r][\n]&quot;
15:53:41.055 [pool-1-thread-2] DEBUG org.apache.http.wire - http-outgoing-0 &lt;&lt; &quot;Content-Type: application/json; charset=utf-8[\r][\n]&quot;
15:53:41.055 [pool-1-thread-2] DEBUG org.apache.http.wire - http-outgoing-0 &lt;&lt; &quot;Content-Length: 283[\r][\n]&quot;
15:53:41.055 [pool-1-thread-2] DEBUG org.apache.http.wire - http-outgoing-0 &lt;&lt; &quot;Connection: keep-alive[\r][\n]&quot;
15:53:41.055 [pool-1-thread-2] DEBUG org.apache.http.wire - http-outgoing-0 &lt;&lt; &quot;x-powered-by: Express[\r][\n]&quot;
15:53:41.055 [pool-1-thread-2] DEBUG org.apache.http.wire - http-outgoing-0 &lt;&lt; &quot;etag: W/&quot;11b-o9uRXcrIVMM6g2P09v+quQbTy2s&quot;[\r][\n]&quot;
15:53:41.055 [pool-1-thread-2] DEBUG org.apache.http.wire - http-outgoing-0 &lt;&lt; &quot;[\r][\n]&quot;
15:53:41.055 [pool-1-thread-2] DEBUG org.apache.http.wire - http-outgoing-0 &lt;&lt; &quot;[{&quot;id&quot;:1,&quot;name&quot;:&quot;The Russian&quot;,&quot;type&quot;:&quot;fiction&quot;,&quot;available&quot;:true},{&quot;id&quot;:3,&quot;name&quot;:&quot;The Vanishing Half&quot;,&quot;type&quot;:&quot;fiction&quot;,&quot;available&quot;:true},{&quot;id&quot;:4,&quot;name&quot;:&quot;The Midnight Library&quot;,&quot;type&quot;:&quot;fiction&quot;,&quot;available&quot;:true},{&quot;id&quot;:6,&quot;name&quot;:&quot;Viscount Who Loved Me&quot;,&quot;type&quot;:&quot;fiction&quot;,&quot;available&quot;:true}]&quot;
15:53:41.055 [pool-1-thread-2] DEBUG org.apache.http.headers - http-outgoing-0 &lt;&lt; HTTP/1.1 200 OK
15:53:41.055 [pool-1-thread-2] DEBUG org.apache.http.headers - http-outgoing-0 &lt;&lt; Date: Thu, 01 Dec 2022 14:53:36 GMT
15:53:41.055 [pool-1-thread-2] DEBUG org.apache.http.headers - http-outgoing-0 &lt;&lt; Content-Type: application/json; charset=utf-8
15:53:41.055 [pool-1-thread-2] DEBUG org.apache.http.headers - http-outgoing-0 &lt;&lt; Content-Length: 283
15:53:41.055 [pool-1-thread-2] DEBUG org.apache.http.headers - http-outgoing-0 &lt;&lt; Connection: keep-alive
15:53:41.055 [pool-1-thread-2] DEBUG org.apache.http.headers - http-outgoing-0 &lt;&lt; x-powered-by: Express
15:53:41.055 [pool-1-thread-2] DEBUG org.apache.http.headers - http-outgoing-0 &lt;&lt; etag: W/&quot;11b-o9uRXcrIVMM6g2P09v+quQbTy2s&quot;
15:53:41.056 [pool-1-thread-2] DEBUG org.apache.http.impl.execchain.MainClientExec - Connection can be kept alive indefinitely
15:53:41.056 [pool-1-thread-2] DEBUG org.apache.http.impl.conn.PoolingHttpClientConnectionManager - Connection [id: 1][route: {s}-&gt;https://simple-books-api.glitch.me:443] can be kept alive indefinitely
15:53:41.056 [pool-1-thread-2] DEBUG org.apache.http.impl.conn.DefaultManagedHttpClientConnection - http-outgoing-0: set socket timeout to 0
15:53:41.056 [pool-1-thread-2] DEBUG org.apache.http.impl.conn.PoolingHttpClientConnectionManager - Connection released: [id: 1][route: {s}-&gt;https://simple-books-api.glitch.me:443][total available: 1; route allocated: 1 of 5; total allocated: 1 of 10]
15:53:41.056 [pool-1-thread-2] DEBUG com.intuit.karate - response time in milliseconds: 1342
1 &lt; 200
1 &lt; Date: Thu, 01 Dec 2022 14:53:36 GMT
1 &lt; Content-Type: application/json; charset=utf-8
1 &lt; Content-Length: 283
1 &lt; Connection: keep-alive
1 &lt; x-powered-by: Express
1 &lt; etag: W/&quot;11b-o9uRXcrIVMM6g2P09v+quQbTy2s&quot;
[{&quot;id&quot;:1,&quot;name&quot;:&quot;The Russian&quot;,&quot;type&quot;:&quot;fiction&quot;,&quot;available&quot;:true},{&quot;id&quot;:3,&quot;name&quot;:&quot;The Vanishing Half&quot;,&quot;type&quot;:&quot;fiction&quot;,&quot;available&quot;:true},{&quot;id&quot;:4,&quot;name&quot;:&quot;The Midnight Library&quot;,&quot;type&quot;:&quot;fiction&quot;,&quot;available&quot;:true},{&quot;id&quot;:6,&quot;name&quot;:&quot;Viscount Who Loved Me&quot;,&quot;type&quot;:&quot;fiction&quot;,&quot;available&quot;:true}]

15:53:41.060 [pool-1-thread-3] DEBUG org.apache.http.client.protocol.RequestAddCookies - CookieSpec selected: karate
15:53:41.060 [pool-1-thread-2] DEBUG com.jayway.jsonpath.internal.path.CompiledPath - Evaluating path: $[*][&apos;type&apos;]
15:53:41.060 [pool-1-thread-3] DEBUG org.apache.http.client.protocol.RequestAuthCache - Auth cache not set in the context
15:53:41.060 [pool-1-thread-3] DEBUG com.intuit.karate - request:
1 &gt; GET https://simple-books-api.glitch.me/books
1 &gt; Host: simple-books-api.glitch.me
1 &gt; Connection: Keep-Alive
1 &gt; User-Agent: Apache-HttpClient/4.5.13 (Java/18.0.2.1)
1 &gt; Accept-Encoding: gzip,deflate


15:53:41.060 [pool-1-thread-3] DEBUG org.apache.http.impl.conn.PoolingHttpClientConnectionManager - Connection request: [route: {s}-&gt;https://simple-books-api.glitch.me:443][total available: 0; route allocated: 0 of 5; total allocated: 0 of 10]
15:53:41.060 [pool-1-thread-3] DEBUG org.apache.http.impl.conn.PoolingHttpClientConnectionManager - Connection leased: [id: 3][route: {s}-&gt;https://simple-books-api.glitch.me:443][total available: 0; route allocated: 1 of 5; total allocated: 1 of 10]
15:53:41.061 [pool-1-thread-3] DEBUG org.apache.http.impl.execchain.MainClientExec - Opening connection {s}-&gt;https://simple-books-api.glitch.me:443
15:53:41.061 [pool-1-thread-3] DEBUG org.apache.http.impl.conn.DefaultHttpClientConnectionOperator - Connecting to simple-books-api.glitch.me/54.209.182.143:443
15:53:41.061 [pool-1-thread-3] DEBUG org.apache.http.conn.ssl.SSLConnectionSocketFactory - Connecting socket to simple-books-api.glitch.me/54.209.182.143:443 with timeout 30000
15:53:41.072 [pool-1-thread-2] INFO com.intuit.karate - karate.env system property was: null 
15:53:41.117 [pool-1-thread-2] DEBUG org.apache.http.client.protocol.RequestAddCookies - CookieSpec selected: karate
15:53:41.117 [pool-1-thread-2] DEBUG org.apache.http.client.protocol.RequestAuthCache - Auth cache not set in the context
15:53:41.117 [pool-1-thread-2] DEBUG com.intuit.karate - request:
1 &gt; GET https://simple-books-api.glitch.me/books
1 &gt; Host: simple-books-api.glitch.me
1 &gt; Connection: Keep-Alive
1 &gt; User-Agent: Apache-HttpClient/4.5.13 (Java/18.0.2.1)
1 &gt; Accept-Encoding: gzip,deflate


15:53:41.117 [pool-1-thread-2] DEBUG org.apache.http.impl.conn.PoolingHttpClientConnectionManager - Connection request: [route: {s}-&gt;https://simple-books-api.glitch.me:443][total available: 0; route allocated: 0 of 5; total allocated: 0 of 10]
15:53:41.117 [pool-1-thread-2] DEBUG org.apache.http.impl.conn.PoolingHttpClientConnectionManager - Connection leased: [id: 4][route: {s}-&gt;https://simple-books-api.glitch.me:443][total available: 0; route allocated: 1 of 5; total allocated: 1 of 10]
15:53:41.118 [pool-1-thread-2] DEBUG org.apache.http.impl.execchain.MainClientExec - Opening connection {s}-&gt;https://simple-books-api.glitch.me:443
15:53:41.118 [pool-1-thread-2] DEBUG org.apache.http.impl.conn.DefaultHttpClientConnectionOperator - Connecting to simple-books-api.glitch.me/54.209.182.143:443
15:53:41.118 [pool-1-thread-2] DEBUG org.apache.http.conn.ssl.SSLConnectionSocketFactory - Connecting socket to simple-books-api.glitch.me/54.209.182.143:443 with timeout 30000
15:53:41.241 [pool-1-thread-1] DEBUG org.apache.http.wire - http-outgoing-1 &lt;&lt; &quot;HTTP/1.1 201 Created[\r][\n]&quot;
15:53:41.241 [pool-1-thread-1] DEBUG org.apache.http.wire - http-outgoing-1 &lt;&lt; &quot;Date: Thu, 01 Dec 2022 14:53:36 GMT[\r][\n]&quot;
15:53:41.241 [pool-1-thread-1] DEBUG org.apache.http.wire - http-outgoing-1 &lt;&lt; &quot;Content-Type: application/json; charset=utf-8[\r][\n]&quot;
15:53:41.241 [pool-1-thread-1] DEBUG org.apache.http.wire - http-outgoing-1 &lt;&lt; &quot;Content-Length: 82[\r][\n]&quot;
15:53:41.243 [pool-1-thread-1] DEBUG org.apache.http.wire - http-outgoing-1 &lt;&lt; &quot;Connection: keep-alive[\r][\n]&quot;
15:53:41.243 [pool-1-thread-1] DEBUG org.apache.http.wire - http-outgoing-1 &lt;&lt; &quot;x-powered-by: Express[\r][\n]&quot;
15:53:41.243 [pool-1-thread-1] DEBUG org.apache.http.wire - http-outgoing-1 &lt;&lt; &quot;etag: W/&quot;52-gs8LaQjdup3LyDzyhM8aKPtFs6U&quot;[\r][\n]&quot;
15:53:41.243 [pool-1-thread-1] DEBUG org.apache.http.wire - http-outgoing-1 &lt;&lt; &quot;[\r][\n]&quot;
15:53:41.243 [pool-1-thread-1] DEBUG org.apache.http.wire - http-outgoing-1 &lt;&lt; &quot;{&quot;accessToken&quot;:&quot;d6dc29ca8742d88134535385afec2be13158420ab266e66c8723831912d3f04f&quot;}&quot;
15:53:41.243 [pool-1-thread-1] DEBUG org.apache.http.headers - http-outgoing-1 &lt;&lt; HTTP/1.1 201 Created
15:53:41.243 [pool-1-thread-1] DEBUG org.apache.http.headers - http-outgoing-1 &lt;&lt; Date: Thu, 01 Dec 2022 14:53:36 GMT
15:53:41.243 [pool-1-thread-1] DEBUG org.apache.http.headers - http-outgoing-1 &lt;&lt; Content-Type: application/json; charset=utf-8
15:53:41.243 [pool-1-thread-1] DEBUG org.apache.http.headers - http-outgoing-1 &lt;&lt; Content-Length: 82
15:53:41.243 [pool-1-thread-1] DEBUG org.apache.http.headers - http-outgoing-1 &lt;&lt; Connection: keep-alive
15:53:41.243 [pool-1-thread-1] DEBUG org.apache.http.headers - http-outgoing-1 &lt;&lt; x-powered-by: Express
15:53:41.243 [pool-1-thread-1] DEBUG org.apache.http.headers - http-outgoing-1 &lt;&lt; etag: W/&quot;52-gs8LaQjdup3LyDzyhM8aKPtFs6U&quot;
15:53:41.243 [pool-1-thread-1] DEBUG org.apache.http.impl.execchain.MainClientExec - Connection can be kept alive indefinitely
15:53:41.243 [pool-1-thread-1] DEBUG org.apache.http.impl.conn.PoolingHttpClientConnectionManager - Connection [id: 2][route: {s}-&gt;https://simple-books-api.glitch.me:443] can be kept alive indefinitely
15:53:41.243 [pool-1-thread-1] DEBUG org.apache.http.impl.conn.DefaultManagedHttpClientConnection - http-outgoing-1: set socket timeout to 0
15:53:41.243 [pool-1-thread-1] DEBUG org.apache.http.impl.conn.PoolingHttpClientConnectionManager - Connection released: [id: 2][route: {s}-&gt;https://simple-books-api.glitch.me:443][total available: 1; route allocated: 1 of 5; total allocated: 1 of 10]
15:53:41.243 [pool-1-thread-1] DEBUG com.intuit.karate - response time in milliseconds: 1529
1 &lt; 201
1 &lt; Date: Thu, 01 Dec 2022 14:53:36 GMT
1 &lt; Content-Type: application/json; charset=utf-8
1 &lt; Content-Length: 82
1 &lt; Connection: keep-alive
1 &lt; x-powered-by: Express
1 &lt; etag: W/&quot;52-gs8LaQjdup3LyDzyhM8aKPtFs6U&quot;
{&quot;accessToken&quot;:&quot;d6dc29ca8742d88134535385afec2be13158420ab266e66c8723831912d3f04f&quot;}

15:53:41.246 [pool-1-thread-1] DEBUG com.jayway.jsonpath.internal.path.CompiledPath - Evaluating path: $
15:53:41.246 [pool-1-thread-1] DEBUG com.intuit.karate.core.ScenarioEngine - over-writing existing variable &apos;token&apos; with new value: $.accessToken
15:53:41.246 [pool-1-thread-1] DEBUG com.jayway.jsonpath.internal.path.CompiledPath - Evaluating path: $[&apos;accessToken&apos;]
15:53:41.248 [pool-1-thread-1] DEBUG com.jayway.jsonpath.internal.path.CompiledPath - Evaluating path: $
15:53:41.304 [pool-1-thread-3] DEBUG org.apache.http.conn.ssl.SSLConnectionSocketFactory - Enabled protocols: [TLSv1.3, TLSv1.2]
15:53:41.304 [pool-1-thread-3] DEBUG org.apache.http.conn.ssl.SSLConnectionSocketFactory - Enabled cipher suites:[TLS_AES_256_GCM_SHA384, TLS_AES_128_GCM_SHA256, TLS_CHACHA20_POLY1305_SHA256, TLS_ECDHE_ECDSA_WITH_AES_256_GCM_SHA384, TLS_ECDHE_ECDSA_WITH_AES_128_GCM_SHA256, TLS_ECDHE_ECDSA_WITH_CHACHA20_POLY1305_SHA256, TLS_ECDHE_RSA_WITH_AES_256_GCM_SHA384, TLS_ECDHE_RSA_WITH_CHACHA20_POLY1305_SHA256, TLS_ECDHE_RSA_WITH_AES_128_GCM_SHA256, TLS_DHE_RSA_WITH_AES_256_GCM_SHA384, TLS_DHE_RSA_WITH_CHACHA20_POLY1305_SHA256, TLS_DHE_DSS_WITH_AES_256_GCM_SHA384, TLS_DHE_RSA_WITH_AES_128_GCM_SHA256, TLS_DHE_DSS_WITH_AES_128_GCM_SHA256, TLS_ECDHE_ECDSA_WITH_AES_256_CBC_SHA384, TLS_ECDHE_RSA_WITH_AES_256_CBC_SHA384, TLS_ECDHE_ECDSA_WITH_AES_128_CBC_SHA256, TLS_ECDHE_RSA_WITH_AES_128_CBC_SHA256, TLS_DHE_RSA_WITH_AES_256_CBC_SHA256, TLS_DHE_DSS_WITH_AES_256_CBC_SHA256, TLS_DHE_RSA_WITH_AES_128_CBC_SHA256, TLS_DHE_DSS_WITH_AES_128_CBC_SHA256, TLS_ECDH_ECDSA_WITH_AES_256_GCM_SHA384, TLS_ECDH_RSA_WITH_AES_256_GCM_SHA384, TLS_ECDH_ECDSA_WITH_AES_128_GCM_SHA256, TLS_ECDH_RSA_WITH_AES_128_GCM_SHA256, TLS_ECDH_ECDSA_WITH_AES_256_CBC_SHA384, TLS_ECDH_RSA_WITH_AES_256_CBC_SHA384, TLS_ECDH_ECDSA_WITH_AES_128_CBC_SHA256, TLS_ECDH_RSA_WITH_AES_128_CBC_SHA256, TLS_ECDHE_ECDSA_WITH_AES_256_CBC_SHA, TLS_ECDHE_RSA_WITH_AES_256_CBC_SHA, TLS_ECDHE_ECDSA_WITH_AES_128_CBC_SHA, TLS_ECDHE_RSA_WITH_AES_128_CBC_SHA, TLS_DHE_RSA_WITH_AES_256_CBC_SHA, TLS_DHE_DSS_WITH_AES_256_CBC_SHA, TLS_DHE_RSA_WITH_AES_128_CBC_SHA, TLS_DHE_DSS_WITH_AES_128_CBC_SHA, TLS_ECDH_ECDSA_WITH_AES_256_CBC_SHA, TLS_ECDH_RSA_WITH_AES_256_CBC_SHA, TLS_ECDH_ECDSA_WITH_AES_128_CBC_SHA, TLS_ECDH_RSA_WITH_AES_128_CBC_SHA, TLS_RSA_WITH_AES_256_GCM_SHA384, TLS_RSA_WITH_AES_128_GCM_SHA256, TLS_RSA_WITH_AES_256_CBC_SHA256, TLS_RSA_WITH_AES_128_CBC_SHA256, TLS_RSA_WITH_AES_256_CBC_SHA, TLS_RSA_WITH_AES_128_CBC_SHA, TLS_EMPTY_RENEGOTIATION_INFO_SCSV]
15:53:41.304 [pool-1-thread-3] DEBUG org.apache.http.conn.ssl.SSLConnectionSocketFactory - Starting handshake
15:53:41.306 [pool-1-thread-1] INFO com.intuit.karate - karate.env system property was: null 
15:53:41.311 [pool-1-thread-1] DEBUG com.jayway.jsonpath.internal.path.CompiledPath - Evaluating path: $
15:53:41.330 [pool-1-thread-1] DEBUG com.jayway.jsonpath.internal.path.CompiledPath - Evaluating path: $[&apos;bookId&apos;]
15:53:41.331 [pool-1-thread-1] DEBUG com.jayway.jsonpath.internal.path.CompiledPath - Evaluating path: $
15:53:41.331 [pool-1-thread-1] DEBUG com.jayway.jsonpath.internal.JsonContext - Put path $ key bookId value 4
15:53:41.332 [pool-1-thread-1] DEBUG org.apache.http.client.protocol.RequestAddCookies - CookieSpec selected: karate
15:53:41.332 [pool-1-thread-1] DEBUG org.apache.http.client.protocol.RequestAuthCache - Auth cache not set in the context
15:53:41.333 [pool-1-thread-1] DEBUG com.intuit.karate - request:
1 &gt; POST https://simple-books-api.glitch.me/orders
1 &gt; Authorization: Bearer d6dc29ca8742d88134535385afec2be13158420ab266e66c8723831912d3f04f
1 &gt; Content-Type: application/json; charset=UTF-8
1 &gt; Content-Length: 36
1 &gt; Host: simple-books-api.glitch.me
1 &gt; Connection: Keep-Alive
1 &gt; User-Agent: Apache-HttpClient/4.5.13 (Java/18.0.2.1)
1 &gt; Accept-Encoding: gzip,deflate
{&quot;bookId&quot;:4,&quot;customerName&quot;:&quot;Fatima&quot;}

15:53:41.333 [pool-1-thread-1] DEBUG org.apache.http.impl.conn.PoolingHttpClientConnectionManager - Connection request: [route: {s}-&gt;https://simple-books-api.glitch.me:443][total available: 0; route allocated: 0 of 5; total allocated: 0 of 10]
15:53:41.333 [pool-1-thread-1] DEBUG org.apache.http.impl.conn.PoolingHttpClientConnectionManager - Connection leased: [id: 5][route: {s}-&gt;https://simple-books-api.glitch.me:443][total available: 0; route allocated: 1 of 5; total allocated: 1 of 10]
15:53:41.333 [pool-1-thread-1] DEBUG org.apache.http.impl.execchain.MainClientExec - Opening connection {s}-&gt;https://simple-books-api.glitch.me:443
15:53:41.333 [pool-1-thread-1] DEBUG org.apache.http.impl.conn.DefaultHttpClientConnectionOperator - Connecting to simple-books-api.glitch.me/54.209.182.143:443
15:53:41.333 [pool-1-thread-1] DEBUG org.apache.http.conn.ssl.SSLConnectionSocketFactory - Connecting socket to simple-books-api.glitch.me/54.209.182.143:443 with timeout 30000
15:53:41.349 [pool-1-thread-2] DEBUG org.apache.http.conn.ssl.SSLConnectionSocketFactory - Enabled protocols: [TLSv1.3, TLSv1.2]
15:53:41.349 [pool-1-thread-2] DEBUG org.apache.http.conn.ssl.SSLConnectionSocketFactory - Enabled cipher suites:[TLS_AES_256_GCM_SHA384, TLS_AES_128_GCM_SHA256, TLS_CHACHA20_POLY1305_SHA256, TLS_ECDHE_ECDSA_WITH_AES_256_GCM_SHA384, TLS_ECDHE_ECDSA_WITH_AES_128_GCM_SHA256, TLS_ECDHE_ECDSA_WITH_CHACHA20_POLY1305_SHA256, TLS_ECDHE_RSA_WITH_AES_256_GCM_SHA384, TLS_ECDHE_RSA_WITH_CHACHA20_POLY1305_SHA256, TLS_ECDHE_RSA_WITH_AES_128_GCM_SHA256, TLS_DHE_RSA_WITH_AES_256_GCM_SHA384, TLS_DHE_RSA_WITH_CHACHA20_POLY1305_SHA256, TLS_DHE_DSS_WITH_AES_256_GCM_SHA384, TLS_DHE_RSA_WITH_AES_128_GCM_SHA256, TLS_DHE_DSS_WITH_AES_128_GCM_SHA256, TLS_ECDHE_ECDSA_WITH_AES_256_CBC_SHA384, TLS_ECDHE_RSA_WITH_AES_256_CBC_SHA384, TLS_ECDHE_ECDSA_WITH_AES_128_CBC_SHA256, TLS_ECDHE_RSA_WITH_AES_128_CBC_SHA256, TLS_DHE_RSA_WITH_AES_256_CBC_SHA256, TLS_DHE_DSS_WITH_AES_256_CBC_SHA256, TLS_DHE_RSA_WITH_AES_128_CBC_SHA256, TLS_DHE_DSS_WITH_AES_128_CBC_SHA256, TLS_ECDH_ECDSA_WITH_AES_256_GCM_SHA384, TLS_ECDH_RSA_WITH_AES_256_GCM_SHA384, TLS_ECDH_ECDSA_WITH_AES_128_GCM_SHA256, TLS_ECDH_RSA_WITH_AES_128_GCM_SHA256, TLS_ECDH_ECDSA_WITH_AES_256_CBC_SHA384, TLS_ECDH_RSA_WITH_AES_256_CBC_SHA384, TLS_ECDH_ECDSA_WITH_AES_128_CBC_SHA256, TLS_ECDH_RSA_WITH_AES_128_CBC_SHA256, TLS_ECDHE_ECDSA_WITH_AES_256_CBC_SHA, TLS_ECDHE_RSA_WITH_AES_256_CBC_SHA, TLS_ECDHE_ECDSA_WITH_AES_128_CBC_SHA, TLS_ECDHE_RSA_WITH_AES_128_CBC_SHA, TLS_DHE_RSA_WITH_AES_256_CBC_SHA, TLS_DHE_DSS_WITH_AES_256_CBC_SHA, TLS_DHE_RSA_WITH_AES_128_CBC_SHA, TLS_DHE_DSS_WITH_AES_128_CBC_SHA, TLS_ECDH_ECDSA_WITH_AES_256_CBC_SHA, TLS_ECDH_RSA_WITH_AES_256_CBC_SHA, TLS_ECDH_ECDSA_WITH_AES_128_CBC_SHA, TLS_ECDH_RSA_WITH_AES_128_CBC_SHA, TLS_RSA_WITH_AES_256_GCM_SHA384, TLS_RSA_WITH_AES_128_GCM_SHA256, TLS_RSA_WITH_AES_256_CBC_SHA256, TLS_RSA_WITH_AES_128_CBC_SHA256, TLS_RSA_WITH_AES_256_CBC_SHA, TLS_RSA_WITH_AES_128_CBC_SHA, TLS_EMPTY_RENEGOTIATION_INFO_SCSV]
15:53:41.349 [pool-1-thread-2] DEBUG org.apache.http.conn.ssl.SSLConnectionSocketFactory - Starting handshake
15:53:41.502 [pool-1-thread-1] DEBUG org.apache.http.conn.ssl.SSLConnectionSocketFactory - Enabled protocols: [TLSv1.3, TLSv1.2]
15:53:41.502 [pool-1-thread-1] DEBUG org.apache.http.conn.ssl.SSLConnectionSocketFactory - Enabled cipher suites:[TLS_AES_256_GCM_SHA384, TLS_AES_128_GCM_SHA256, TLS_CHACHA20_POLY1305_SHA256, TLS_ECDHE_ECDSA_WITH_AES_256_GCM_SHA384, TLS_ECDHE_ECDSA_WITH_AES_128_GCM_SHA256, TLS_ECDHE_ECDSA_WITH_CHACHA20_POLY1305_SHA256, TLS_ECDHE_RSA_WITH_AES_256_GCM_SHA384, TLS_ECDHE_RSA_WITH_CHACHA20_POLY1305_SHA256, TLS_ECDHE_RSA_WITH_AES_128_GCM_SHA256, TLS_DHE_RSA_WITH_AES_256_GCM_SHA384, TLS_DHE_RSA_WITH_CHACHA20_POLY1305_SHA256, TLS_DHE_DSS_WITH_AES_256_GCM_SHA384, TLS_DHE_RSA_WITH_AES_128_GCM_SHA256, TLS_DHE_DSS_WITH_AES_128_GCM_SHA256, TLS_ECDHE_ECDSA_WITH_AES_256_CBC_SHA384, TLS_ECDHE_RSA_WITH_AES_256_CBC_SHA384, TLS_ECDHE_ECDSA_WITH_AES_128_CBC_SHA256, TLS_ECDHE_RSA_WITH_AES_128_CBC_SHA256, TLS_DHE_RSA_WITH_AES_256_CBC_SHA256, TLS_DHE_DSS_WITH_AES_256_CBC_SHA256, TLS_DHE_RSA_WITH_AES_128_CBC_SHA256, TLS_DHE_DSS_WITH_AES_128_CBC_SHA256, TLS_ECDH_ECDSA_WITH_AES_256_GCM_SHA384, TLS_ECDH_RSA_WITH_AES_256_GCM_SHA384, TLS_ECDH_ECDSA_WITH_AES_128_GCM_SHA256, TLS_ECDH_RSA_WITH_AES_128_GCM_SHA256, TLS_ECDH_ECDSA_WITH_AES_256_CBC_SHA384, TLS_ECDH_RSA_WITH_AES_256_CBC_SHA384, TLS_ECDH_ECDSA_WITH_AES_128_CBC_SHA256, TLS_ECDH_RSA_WITH_AES_128_CBC_SHA256, TLS_ECDHE_ECDSA_WITH_AES_256_CBC_SHA, TLS_ECDHE_RSA_WITH_AES_256_CBC_SHA, TLS_ECDHE_ECDSA_WITH_AES_128_CBC_SHA, TLS_ECDHE_RSA_WITH_AES_128_CBC_SHA, TLS_DHE_RSA_WITH_AES_256_CBC_SHA, TLS_DHE_DSS_WITH_AES_256_CBC_SHA, TLS_DHE_RSA_WITH_AES_128_CBC_SHA, TLS_DHE_DSS_WITH_AES_128_CBC_SHA, TLS_ECDH_ECDSA_WITH_AES_256_CBC_SHA, TLS_ECDH_RSA_WITH_AES_256_CBC_SHA, TLS_ECDH_ECDSA_WITH_AES_128_CBC_SHA, TLS_ECDH_RSA_WITH_AES_128_CBC_SHA, TLS_RSA_WITH_AES_256_GCM_SHA384, TLS_RSA_WITH_AES_128_GCM_SHA256, TLS_RSA_WITH_AES_256_CBC_SHA256, TLS_RSA_WITH_AES_128_CBC_SHA256, TLS_RSA_WITH_AES_256_CBC_SHA, TLS_RSA_WITH_AES_128_CBC_SHA, TLS_EMPTY_RENEGOTIATION_INFO_SCSV]
15:53:41.502 [pool-1-thread-1] DEBUG org.apache.http.conn.ssl.SSLConnectionSocketFactory - Starting handshake
15:53:41.680 [pool-1-thread-3] DEBUG org.apache.http.conn.ssl.SSLConnectionSocketFactory - Secure session established
15:53:41.680 [pool-1-thread-3] DEBUG org.apache.http.conn.ssl.SSLConnectionSocketFactory -  negotiated protocol: TLSv1.2
15:53:41.680 [pool-1-thread-3] DEBUG org.apache.http.conn.ssl.SSLConnectionSocketFactory -  negotiated cipher suite: TLS_ECDHE_RSA_WITH_AES_128_GCM_SHA256
15:53:41.680 [pool-1-thread-3] DEBUG org.apache.http.conn.ssl.SSLConnectionSocketFactory -  peer principal: CN=glitch.com
15:53:41.680 [pool-1-thread-3] DEBUG org.apache.http.conn.ssl.SSLConnectionSocketFactory -  peer alternative names: [glitch.com, *.gomix.me, gomix.com, gomix.me, glitch.me, *.glitch.com, *.gomix.com, *.glitch.me]
15:53:41.680 [pool-1-thread-3] DEBUG org.apache.http.conn.ssl.SSLConnectionSocketFactory -  issuer principal: CN=Amazon, OU=Server CA 1B, O=Amazon, C=US
15:53:41.681 [pool-1-thread-3] DEBUG org.apache.http.impl.conn.DefaultHttpClientConnectionOperator - Connection established 192.168.1.41:60960&lt;-&gt;54.209.182.143:443
15:53:41.681 [pool-1-thread-3] DEBUG org.apache.http.impl.conn.DefaultManagedHttpClientConnection - http-outgoing-3: set socket timeout to 30000
15:53:41.681 [pool-1-thread-3] DEBUG org.apache.http.impl.execchain.MainClientExec - Executing request GET /books HTTP/1.1
15:53:41.681 [pool-1-thread-3] DEBUG org.apache.http.impl.execchain.MainClientExec - Target auth state: UNCHALLENGED
15:53:41.681 [pool-1-thread-3] DEBUG org.apache.http.impl.execchain.MainClientExec - Proxy auth state: UNCHALLENGED
15:53:41.682 [pool-1-thread-3] DEBUG org.apache.http.headers - http-outgoing-3 &gt;&gt; GET /books HTTP/1.1
15:53:41.682 [pool-1-thread-3] DEBUG org.apache.http.headers - http-outgoing-3 &gt;&gt; Host: simple-books-api.glitch.me
15:53:41.682 [pool-1-thread-3] DEBUG org.apache.http.headers - http-outgoing-3 &gt;&gt; Connection: Keep-Alive
15:53:41.682 [pool-1-thread-3] DEBUG org.apache.http.headers - http-outgoing-3 &gt;&gt; User-Agent: Apache-HttpClient/4.5.13 (Java/18.0.2.1)
15:53:41.682 [pool-1-thread-3] DEBUG org.apache.http.headers - http-outgoing-3 &gt;&gt; Accept-Encoding: gzip,deflate
15:53:41.682 [pool-1-thread-3] DEBUG org.apache.http.wire - http-outgoing-3 &gt;&gt; &quot;GET /books HTTP/1.1[\r][\n]&quot;
15:53:41.682 [pool-1-thread-3] DEBUG org.apache.http.wire - http-outgoing-3 &gt;&gt; &quot;Host: simple-books-api.glitch.me[\r][\n]&quot;
15:53:41.682 [pool-1-thread-3] DEBUG org.apache.http.wire - http-outgoing-3 &gt;&gt; &quot;Connection: Keep-Alive[\r][\n]&quot;
15:53:41.682 [pool-1-thread-3] DEBUG org.apache.http.wire - http-outgoing-3 &gt;&gt; &quot;User-Agent: Apache-HttpClient/4.5.13 (Java/18.0.2.1)[\r][\n]&quot;
15:53:41.683 [pool-1-thread-3] DEBUG org.apache.http.wire - http-outgoing-3 &gt;&gt; &quot;Accept-Encoding: gzip,deflate[\r][\n]&quot;
15:53:41.683 [pool-1-thread-3] DEBUG org.apache.http.wire - http-outgoing-3 &gt;&gt; &quot;[\r][\n]&quot;
15:53:41.763 [pool-1-thread-2] DEBUG org.apache.http.conn.ssl.SSLConnectionSocketFactory - Secure session established
15:53:41.763 [pool-1-thread-2] DEBUG org.apache.http.conn.ssl.SSLConnectionSocketFactory -  negotiated protocol: TLSv1.2
15:53:41.763 [pool-1-thread-2] DEBUG org.apache.http.conn.ssl.SSLConnectionSocketFactory -  negotiated cipher suite: TLS_ECDHE_RSA_WITH_AES_128_GCM_SHA256
15:53:41.763 [pool-1-thread-2] DEBUG org.apache.http.conn.ssl.SSLConnectionSocketFactory -  peer principal: CN=glitch.com
15:53:41.764 [pool-1-thread-2] DEBUG org.apache.http.conn.ssl.SSLConnectionSocketFactory -  peer alternative names: [glitch.com, *.gomix.me, gomix.com, gomix.me, glitch.me, *.glitch.com, *.gomix.com, *.glitch.me]
15:53:41.764 [pool-1-thread-2] DEBUG org.apache.http.conn.ssl.SSLConnectionSocketFactory -  issuer principal: CN=Amazon, OU=Server CA 1B, O=Amazon, C=US
15:53:41.764 [pool-1-thread-2] DEBUG org.apache.http.impl.conn.DefaultHttpClientConnectionOperator - Connection established 192.168.1.41:60961&lt;-&gt;54.209.182.143:443
15:53:41.764 [pool-1-thread-2] DEBUG org.apache.http.impl.conn.DefaultManagedHttpClientConnection - http-outgoing-4: set socket timeout to 30000
15:53:41.764 [pool-1-thread-2] DEBUG org.apache.http.impl.execchain.MainClientExec - Executing request GET /books HTTP/1.1
15:53:41.765 [pool-1-thread-2] DEBUG org.apache.http.impl.execchain.MainClientExec - Target auth state: UNCHALLENGED
15:53:41.765 [pool-1-thread-2] DEBUG org.apache.http.impl.execchain.MainClientExec - Proxy auth state: UNCHALLENGED
15:53:41.765 [pool-1-thread-2] DEBUG org.apache.http.headers - http-outgoing-4 &gt;&gt; GET /books HTTP/1.1
15:53:41.765 [pool-1-thread-2] DEBUG org.apache.http.headers - http-outgoing-4 &gt;&gt; Host: simple-books-api.glitch.me
15:53:41.765 [pool-1-thread-2] DEBUG org.apache.http.headers - http-outgoing-4 &gt;&gt; Connection: Keep-Alive
15:53:41.765 [pool-1-thread-2] DEBUG org.apache.http.headers - http-outgoing-4 &gt;&gt; User-Agent: Apache-HttpClient/4.5.13 (Java/18.0.2.1)
15:53:41.765 [pool-1-thread-2] DEBUG org.apache.http.headers - http-outgoing-4 &gt;&gt; Accept-Encoding: gzip,deflate
15:53:41.765 [pool-1-thread-2] DEBUG org.apache.http.wire - http-outgoing-4 &gt;&gt; &quot;GET /books HTTP/1.1[\r][\n]&quot;
15:53:41.765 [pool-1-thread-2] DEBUG org.apache.http.wire - http-outgoing-4 &gt;&gt; &quot;Host: simple-books-api.glitch.me[\r][\n]&quot;
15:53:41.765 [pool-1-thread-2] DEBUG org.apache.http.wire - http-outgoing-4 &gt;&gt; &quot;Connection: Keep-Alive[\r][\n]&quot;
15:53:41.765 [pool-1-thread-2] DEBUG org.apache.http.wire - http-outgoing-4 &gt;&gt; &quot;User-Agent: Apache-HttpClient/4.5.13 (Java/18.0.2.1)[\r][\n]&quot;
15:53:41.765 [pool-1-thread-2] DEBUG org.apache.http.wire - http-outgoing-4 &gt;&gt; &quot;Accept-Encoding: gzip,deflate[\r][\n]&quot;
15:53:41.765 [pool-1-thread-2] DEBUG org.apache.http.wire - http-outgoing-4 &gt;&gt; &quot;[\r][\n]&quot;
15:53:41.939 [pool-1-thread-3] DEBUG org.apache.http.wire - http-outgoing-3 &lt;&lt; &quot;HTTP/1.1 200 OK[\r][\n]&quot;
15:53:41.939 [pool-1-thread-3] DEBUG org.apache.http.wire - http-outgoing-3 &lt;&lt; &quot;Date: Thu, 01 Dec 2022 14:53:36 GMT[\r][\n]&quot;
15:53:41.939 [pool-1-thread-3] DEBUG org.apache.http.wire - http-outgoing-3 &lt;&lt; &quot;Content-Type: application/json; charset=utf-8[\r][\n]&quot;
15:53:41.939 [pool-1-thread-3] DEBUG org.apache.http.wire - http-outgoing-3 &lt;&lt; &quot;Content-Length: 417[\r][\n]&quot;
15:53:41.939 [pool-1-thread-3] DEBUG org.apache.http.wire - http-outgoing-3 &lt;&lt; &quot;Connection: keep-alive[\r][\n]&quot;
15:53:41.939 [pool-1-thread-3] DEBUG org.apache.http.wire - http-outgoing-3 &lt;&lt; &quot;x-powered-by: Express[\r][\n]&quot;
15:53:41.940 [pool-1-thread-3] DEBUG org.apache.http.wire - http-outgoing-3 &lt;&lt; &quot;etag: W/&quot;1a1-MfqhfTYtZO2sguD1mJq8Vf41WjU&quot;[\r][\n]&quot;
15:53:41.940 [pool-1-thread-3] DEBUG org.apache.http.wire - http-outgoing-3 &lt;&lt; &quot;[\r][\n]&quot;
15:53:41.940 [pool-1-thread-1] DEBUG org.apache.http.conn.ssl.SSLConnectionSocketFactory - Secure session established
15:53:41.940 [pool-1-thread-3] DEBUG org.apache.http.wire - http-outgoing-3 &lt;&lt; &quot;[{&quot;id&quot;:1,&quot;name&quot;:&quot;The Russian&quot;,&quot;type&quot;:&quot;fiction&quot;,&quot;available&quot;:true},{&quot;id&quot;:2,&quot;name&quot;:&quot;Just as I Am&quot;,&quot;type&quot;:&quot;non-fiction&quot;,&quot;available&quot;:false},{&quot;id&quot;:3,&quot;name&quot;:&quot;The Vanishing Half&quot;,&quot;type&quot;:&quot;fiction&quot;,&quot;available&quot;:true},{&quot;id&quot;:4,&quot;name&quot;:&quot;The Midnight Library&quot;,&quot;type&quot;:&quot;fiction&quot;,&quot;available&quot;:true},{&quot;id&quot;:5,&quot;name&quot;:&quot;Untamed&quot;,&quot;type&quot;:&quot;non-fiction&quot;,&quot;available&quot;:true},{&quot;id&quot;:6,&quot;name&quot;:&quot;Viscount Who Loved Me&quot;,&quot;type&quot;:&quot;fiction&quot;,&quot;available&quot;:true}]&quot;
15:53:41.940 [pool-1-thread-1] DEBUG org.apache.http.conn.ssl.SSLConnectionSocketFactory -  negotiated protocol: TLSv1.2
15:53:41.940 [pool-1-thread-1] DEBUG org.apache.http.conn.ssl.SSLConnectionSocketFactory -  negotiated cipher suite: TLS_ECDHE_RSA_WITH_AES_128_GCM_SHA256
15:53:41.940 [pool-1-thread-1] DEBUG org.apache.http.conn.ssl.SSLConnectionSocketFactory -  peer principal: CN=glitch.com
15:53:41.940 [pool-1-thread-1] DEBUG org.apache.http.conn.ssl.SSLConnectionSocketFactory -  peer alternative names: [glitch.com, *.gomix.me, gomix.com, gomix.me, glitch.me, *.glitch.com, *.gomix.com, *.glitch.me]
15:53:41.940 [pool-1-thread-1] DEBUG org.apache.http.conn.ssl.SSLConnectionSocketFactory -  issuer principal: CN=Amazon, OU=Server CA 1B, O=Amazon, C=US
15:53:41.940 [pool-1-thread-3] DEBUG org.apache.http.headers - http-outgoing-3 &lt;&lt; HTTP/1.1 200 OK
15:53:41.940 [pool-1-thread-3] DEBUG org.apache.http.headers - http-outgoing-3 &lt;&lt; Date: Thu, 01 Dec 2022 14:53:36 GMT
15:53:41.940 [pool-1-thread-3] DEBUG org.apache.http.headers - http-outgoing-3 &lt;&lt; Content-Type: application/json; charset=utf-8
15:53:41.940 [pool-1-thread-3] DEBUG org.apache.http.headers - http-outgoing-3 &lt;&lt; Content-Length: 417
15:53:41.941 [pool-1-thread-3] DEBUG org.apache.http.headers - http-outgoing-3 &lt;&lt; Connection: keep-alive
15:53:41.941 [pool-1-thread-3] DEBUG org.apache.http.headers - http-outgoing-3 &lt;&lt; x-powered-by: Express
15:53:41.941 [pool-1-thread-3] DEBUG org.apache.http.headers - http-outgoing-3 &lt;&lt; etag: W/&quot;1a1-MfqhfTYtZO2sguD1mJq8Vf41WjU&quot;
15:53:41.941 [pool-1-thread-3] DEBUG org.apache.http.impl.execchain.MainClientExec - Connection can be kept alive indefinitely
15:53:41.941 [pool-1-thread-1] DEBUG org.apache.http.impl.conn.DefaultHttpClientConnectionOperator - Connection established 192.168.1.41:60962&lt;-&gt;54.209.182.143:443
15:53:41.942 [pool-1-thread-1] DEBUG org.apache.http.impl.conn.DefaultManagedHttpClientConnection - http-outgoing-5: set socket timeout to 30000
15:53:41.942 [pool-1-thread-3] DEBUG org.apache.http.impl.conn.PoolingHttpClientConnectionManager - Connection [id: 3][route: {s}-&gt;https://simple-books-api.glitch.me:443] can be kept alive indefinitely
15:53:41.942 [pool-1-thread-1] DEBUG org.apache.http.impl.execchain.MainClientExec - Executing request POST /orders HTTP/1.1
15:53:41.942 [pool-1-thread-3] DEBUG org.apache.http.impl.conn.DefaultManagedHttpClientConnection - http-outgoing-3: set socket timeout to 0
15:53:41.942 [pool-1-thread-1] DEBUG org.apache.http.impl.execchain.MainClientExec - Proxy auth state: UNCHALLENGED
15:53:41.942 [pool-1-thread-3] DEBUG org.apache.http.impl.conn.PoolingHttpClientConnectionManager - Connection released: [id: 3][route: {s}-&gt;https://simple-books-api.glitch.me:443][total available: 1; route allocated: 1 of 5; total allocated: 1 of 10]
15:53:41.942 [pool-1-thread-1] DEBUG org.apache.http.headers - http-outgoing-5 &gt;&gt; POST /orders HTTP/1.1
15:53:41.942 [pool-1-thread-1] DEBUG org.apache.http.headers - http-outgoing-5 &gt;&gt; Authorization: Bearer d6dc29ca8742d88134535385afec2be13158420ab266e66c8723831912d3f04f
15:53:41.942 [pool-1-thread-1] DEBUG org.apache.http.headers - http-outgoing-5 &gt;&gt; Content-Type: application/json; charset=UTF-8
15:53:41.942 [pool-1-thread-1] DEBUG org.apache.http.headers - http-outgoing-5 &gt;&gt; Content-Length: 36
15:53:41.942 [pool-1-thread-1] DEBUG org.apache.http.headers - http-outgoing-5 &gt;&gt; Host: simple-books-api.glitch.me
15:53:41.943 [pool-1-thread-1] DEBUG org.apache.http.headers - http-outgoing-5 &gt;&gt; Connection: Keep-Alive
15:53:41.943 [pool-1-thread-3] DEBUG com.intuit.karate - response time in milliseconds: 882
1 &lt; 200
1 &lt; Date: Thu, 01 Dec 2022 14:53:36 GMT
1 &lt; Content-Type: application/json; charset=utf-8
1 &lt; Content-Length: 417
1 &lt; Connection: keep-alive
1 &lt; x-powered-by: Express
1 &lt; etag: W/&quot;1a1-MfqhfTYtZO2sguD1mJq8Vf41WjU&quot;
[{&quot;id&quot;:1,&quot;name&quot;:&quot;The Russian&quot;,&quot;type&quot;:&quot;fiction&quot;,&quot;available&quot;:true},{&quot;id&quot;:2,&quot;name&quot;:&quot;Just as I Am&quot;,&quot;type&quot;:&quot;non-fiction&quot;,&quot;available&quot;:false},{&quot;id&quot;:3,&quot;name&quot;:&quot;The Vanishing Half&quot;,&quot;type&quot;:&quot;fiction&quot;,&quot;available&quot;:true},{&quot;id&quot;:4,&quot;name&quot;:&quot;The Midnight Library&quot;,&quot;type&quot;:&quot;fiction&quot;,&quot;available&quot;:true},{&quot;id&quot;:5,&quot;name&quot;:&quot;Untamed&quot;,&quot;type&quot;:&quot;non-fiction&quot;,&quot;available&quot;:true},{&quot;id&quot;:6,&quot;name&quot;:&quot;Viscount Who Loved Me&quot;,&quot;type&quot;:&quot;fiction&quot;,&quot;available&quot;:true}]

15:53:41.943 [pool-1-thread-1] DEBUG org.apache.http.headers - http-outgoing-5 &gt;&gt; User-Agent: Apache-HttpClient/4.5.13 (Java/18.0.2.1)
15:53:41.943 [pool-1-thread-1] DEBUG org.apache.http.headers - http-outgoing-5 &gt;&gt; Accept-Encoding: gzip,deflate
15:53:41.943 [pool-1-thread-1] DEBUG org.apache.http.wire - http-outgoing-5 &gt;&gt; &quot;POST /orders HTTP/1.1[\r][\n]&quot;
15:53:41.943 [pool-1-thread-1] DEBUG org.apache.http.wire - http-outgoing-5 &gt;&gt; &quot;Authorization: Bearer d6dc29ca8742d88134535385afec2be13158420ab266e66c8723831912d3f04f[\r][\n]&quot;
15:53:41.943 [pool-1-thread-1] DEBUG org.apache.http.wire - http-outgoing-5 &gt;&gt; &quot;Content-Type: application/json; charset=UTF-8[\r][\n]&quot;
15:53:41.943 [pool-1-thread-1] DEBUG org.apache.http.wire - http-outgoing-5 &gt;&gt; &quot;Content-Length: 36[\r][\n]&quot;
15:53:41.943 [pool-1-thread-1] DEBUG org.apache.http.wire - http-outgoing-5 &gt;&gt; &quot;Host: simple-books-api.glitch.me[\r][\n]&quot;
15:53:41.943 [pool-1-thread-1] DEBUG org.apache.http.wire - http-outgoing-5 &gt;&gt; &quot;Connection: Keep-Alive[\r][\n]&quot;
15:53:41.943 [pool-1-thread-1] DEBUG org.apache.http.wire - http-outgoing-5 &gt;&gt; &quot;User-Agent: Apache-HttpClient/4.5.13 (Java/18.0.2.1)[\r][\n]&quot;
15:53:41.943 [pool-1-thread-1] DEBUG org.apache.http.wire - http-outgoing-5 &gt;&gt; &quot;Accept-Encoding: gzip,deflate[\r][\n]&quot;
15:53:41.944 [pool-1-thread-1] DEBUG org.apache.http.wire - http-outgoing-5 &gt;&gt; &quot;[\r][\n]&quot;
15:53:41.944 [pool-1-thread-1] DEBUG org.apache.http.wire - http-outgoing-5 &gt;&gt; &quot;{&quot;bookId&quot;:4,&quot;customerName&quot;:&quot;Fatima&quot;}&quot;
15:53:41.971 [pool-1-thread-2] DEBUG org.apache.http.wire - http-outgoing-4 &lt;&lt; &quot;HTTP/1.1 200 OK[\r][\n]&quot;
15:53:41.971 [pool-1-thread-2] DEBUG org.apache.http.wire - http-outgoing-4 &lt;&lt; &quot;Date: Thu, 01 Dec 2022 14:53:37 GMT[\r][\n]&quot;
15:53:41.971 [pool-1-thread-2] DEBUG org.apache.http.wire - http-outgoing-4 &lt;&lt; &quot;Content-Type: application/json; charset=utf-8[\r][\n]&quot;
15:53:41.971 [pool-1-thread-2] DEBUG org.apache.http.wire - http-outgoing-4 &lt;&lt; &quot;Content-Length: 417[\r][\n]&quot;
15:53:41.971 [pool-1-thread-2] DEBUG org.apache.http.wire - http-outgoing-4 &lt;&lt; &quot;Connection: keep-alive[\r][\n]&quot;
15:53:41.971 [pool-1-thread-2] DEBUG org.apache.http.wire - http-outgoing-4 &lt;&lt; &quot;x-powered-by: Express[\r][\n]&quot;
15:53:41.971 [pool-1-thread-2] DEBUG org.apache.http.wire - http-outgoing-4 &lt;&lt; &quot;etag: W/&quot;1a1-MfqhfTYtZO2sguD1mJq8Vf41WjU&quot;[\r][\n]&quot;
15:53:41.971 [pool-1-thread-2] DEBUG org.apache.http.wire - http-outgoing-4 &lt;&lt; &quot;[\r][\n]&quot;
15:53:41.971 [pool-1-thread-2] DEBUG org.apache.http.wire - http-outgoing-4 &lt;&lt; &quot;[{&quot;id&quot;:1,&quot;name&quot;:&quot;The Russian&quot;,&quot;type&quot;:&quot;fiction&quot;,&quot;available&quot;:true},{&quot;id&quot;:2,&quot;name&quot;:&quot;Just as I Am&quot;,&quot;type&quot;:&quot;non-fiction&quot;,&quot;available&quot;:false},{&quot;id&quot;:3,&quot;name&quot;:&quot;The Vanishing Half&quot;,&quot;type&quot;:&quot;fiction&quot;,&quot;available&quot;:true},{&quot;id&quot;:4,&quot;name&quot;:&quot;The Midnight Library&quot;,&quot;type&quot;:&quot;fiction&quot;,&quot;available&quot;:true},{&quot;id&quot;:5,&quot;name&quot;:&quot;Untamed&quot;,&quot;type&quot;:&quot;non-fiction&quot;,&quot;available&quot;:true},{&quot;id&quot;:6,&quot;name&quot;:&quot;Viscount Who Loved Me&quot;,&quot;type&quot;:&quot;fiction&quot;,&quot;available&quot;:true}]&quot;
15:53:41.972 [pool-1-thread-2] DEBUG org.apache.http.headers - http-outgoing-4 &lt;&lt; HTTP/1.1 200 OK
15:53:41.972 [pool-1-thread-2] DEBUG org.apache.http.headers - http-outgoing-4 &lt;&lt; Date: Thu, 01 Dec 2022 14:53:37 GMT
15:53:41.972 [pool-1-thread-2] DEBUG org.apache.http.headers - http-outgoing-4 &lt;&lt; Content-Type: application/json; charset=utf-8
15:53:41.972 [pool-1-thread-2] DEBUG org.apache.http.headers - http-outgoing-4 &lt;&lt; Content-Length: 417
15:53:41.972 [pool-1-thread-2] DEBUG org.apache.http.headers - http-outgoing-4 &lt;&lt; Connection: keep-alive
15:53:41.972 [pool-1-thread-2] DEBUG org.apache.http.headers - http-outgoing-4 &lt;&lt; x-powered-by: Express
15:53:41.972 [pool-1-thread-2] DEBUG org.apache.http.headers - http-outgoing-4 &lt;&lt; etag: W/&quot;1a1-MfqhfTYtZO2sguD1mJq8Vf41WjU&quot;
15:53:41.972 [pool-1-thread-2] DEBUG org.apache.http.impl.execchain.MainClientExec - Connection can be kept alive indefinitely
15:53:41.972 [pool-1-thread-2] DEBUG org.apache.http.impl.conn.PoolingHttpClientConnectionManager - Connection [id: 4][route: {s}-&gt;https://simple-books-api.glitch.me:443] can be kept alive indefinitely
15:53:41.972 [pool-1-thread-2] DEBUG org.apache.http.impl.conn.DefaultManagedHttpClientConnection - http-outgoing-4: set socket timeout to 0
15:53:41.973 [pool-1-thread-2] DEBUG org.apache.http.impl.conn.PoolingHttpClientConnectionManager - Connection released: [id: 4][route: {s}-&gt;https://simple-books-api.glitch.me:443][total available: 1; route allocated: 1 of 5; total allocated: 1 of 10]
15:53:41.973 [pool-1-thread-2] DEBUG com.intuit.karate - response time in milliseconds: 856
1 &lt; 200
1 &lt; Date: Thu, 01 Dec 2022 14:53:37 GMT
1 &lt; Content-Type: application/json; charset=utf-8
1 &lt; Content-Length: 417
1 &lt; Connection: keep-alive
1 &lt; x-powered-by: Express
1 &lt; etag: W/&quot;1a1-MfqhfTYtZO2sguD1mJq8Vf41WjU&quot;
[{&quot;id&quot;:1,&quot;name&quot;:&quot;The Russian&quot;,&quot;type&quot;:&quot;fiction&quot;,&quot;available&quot;:true},{&quot;id&quot;:2,&quot;name&quot;:&quot;Just as I Am&quot;,&quot;type&quot;:&quot;non-fiction&quot;,&quot;available&quot;:false},{&quot;id&quot;:3,&quot;name&quot;:&quot;The Vanishing Half&quot;,&quot;type&quot;:&quot;fiction&quot;,&quot;available&quot;:true},{&quot;id&quot;:4,&quot;name&quot;:&quot;The Midnight Library&quot;,&quot;type&quot;:&quot;fiction&quot;,&quot;available&quot;:true},{&quot;id&quot;:5,&quot;name&quot;:&quot;Untamed&quot;,&quot;type&quot;:&quot;non-fiction&quot;,&quot;available&quot;:true},{&quot;id&quot;:6,&quot;name&quot;:&quot;Viscount Who Loved Me&quot;,&quot;type&quot;:&quot;fiction&quot;,&quot;available&quot;:true}]

15:53:41.997 [pool-1-thread-2] DEBUG com.jayway.jsonpath.internal.path.CompiledPath - Evaluating path: $[?][&apos;id&apos;]
15:53:41.997 [pool-1-thread-3] INFO com.intuit.karate - [print] [
  {
    &quot;id&quot;: 1,
    &quot;name&quot;: &quot;The Russian&quot;,
    &quot;type&quot;: &quot;fiction&quot;,
    &quot;available&quot;: true
  },
  {
    &quot;id&quot;: 3,
    &quot;name&quot;: &quot;The Vanishing Half&quot;,
    &quot;type&quot;: &quot;fiction&quot;,
    &quot;available&quot;: true
  },
  {
    &quot;id&quot;: 4,
    &quot;name&quot;: &quot;The Midnight Library&quot;,
    &quot;type&quot;: &quot;fiction&quot;,
    &quot;available&quot;: true
  },
  {
    &quot;id&quot;: 6,
    &quot;name&quot;: &quot;Viscount Who Loved Me&quot;,
    &quot;type&quot;: &quot;fiction&quot;,
    &quot;available&quot;: true
  }
]
 
15:53:42.000 [pool-1-thread-2] DEBUG com.jayway.jsonpath.internal.path.CompiledPath - Evaluating path: @[&apos;available&apos;]
15:53:42.018 [pool-1-thread-3] INFO com.intuit.karate - karate.env system property was: null 
15:53:42.034 [pool-1-thread-3] DEBUG org.apache.http.client.protocol.RequestAddCookies - CookieSpec selected: karate
15:53:42.034 [pool-1-thread-3] DEBUG org.apache.http.client.protocol.RequestAuthCache - Auth cache not set in the context
15:53:42.034 [pool-1-thread-3] DEBUG com.intuit.karate - request:
1 &gt; GET https://simple-books-api.glitch.me/books
1 &gt; Host: simple-books-api.glitch.me
1 &gt; Connection: Keep-Alive
1 &gt; User-Agent: Apache-HttpClient/4.5.13 (Java/18.0.2.1)
1 &gt; Accept-Encoding: gzip,deflate


15:53:42.034 [pool-1-thread-3] DEBUG org.apache.http.impl.conn.PoolingHttpClientConnectionManager - Connection request: [route: {s}-&gt;https://simple-books-api.glitch.me:443][total available: 0; route allocated: 0 of 5; total allocated: 0 of 10]
15:53:42.034 [pool-1-thread-3] DEBUG org.apache.http.impl.conn.PoolingHttpClientConnectionManager - Connection leased: [id: 6][route: {s}-&gt;https://simple-books-api.glitch.me:443][total available: 0; route allocated: 1 of 5; total allocated: 1 of 10]
15:53:42.034 [pool-1-thread-3] DEBUG org.apache.http.impl.execchain.MainClientExec - Opening connection {s}-&gt;https://simple-books-api.glitch.me:443
15:53:42.035 [pool-1-thread-3] DEBUG org.apache.http.impl.conn.DefaultHttpClientConnectionOperator - Connecting to simple-books-api.glitch.me/54.209.182.143:443
15:53:42.035 [pool-1-thread-3] DEBUG org.apache.http.conn.ssl.SSLConnectionSocketFactory - Connecting socket to simple-books-api.glitch.me/54.209.182.143:443 with timeout 30000
15:53:42.046 [pool-1-thread-2] DEBUG com.jayway.jsonpath.internal.path.CompiledPath - Evaluating path: @[&apos;available&apos;]
15:53:42.046 [pool-1-thread-2] DEBUG com.jayway.jsonpath.internal.path.CompiledPath - Evaluating path: @[&apos;available&apos;]
15:53:42.046 [pool-1-thread-2] DEBUG com.jayway.jsonpath.internal.path.CompiledPath - Evaluating path: @[&apos;available&apos;]
15:53:42.046 [pool-1-thread-2] DEBUG com.jayway.jsonpath.internal.path.CompiledPath - Evaluating path: @[&apos;available&apos;]
15:53:42.046 [pool-1-thread-2] DEBUG com.jayway.jsonpath.internal.path.CompiledPath - Evaluating path: @[&apos;available&apos;]
15:53:42.047 [pool-1-thread-2] DEBUG com.jayway.jsonpath.internal.path.CompiledPath - Evaluating path: $
15:53:42.052 [pool-1-thread-2] INFO com.intuit.karate - karate.env system property was: null 
15:53:42.065 [pool-1-thread-2] DEBUG org.apache.http.client.protocol.RequestAddCookies - CookieSpec selected: karate
15:53:42.065 [pool-1-thread-2] DEBUG org.apache.http.client.protocol.RequestAuthCache - Auth cache not set in the context
15:53:42.065 [pool-1-thread-2] DEBUG com.intuit.karate - request:
1 &gt; GET https://simple-books-api.glitch.me/orders
1 &gt; Authorization: Bearer null
1 &gt; Host: simple-books-api.glitch.me
1 &gt; Connection: Keep-Alive
1 &gt; User-Agent: Apache-HttpClient/4.5.13 (Java/18.0.2.1)
1 &gt; Accept-Encoding: gzip,deflate


15:53:42.066 [pool-1-thread-2] DEBUG org.apache.http.impl.conn.PoolingHttpClientConnectionManager - Connection request: [route: {s}-&gt;https://simple-books-api.glitch.me:443][total available: 0; route allocated: 0 of 5; total allocated: 0 of 10]
15:53:42.066 [pool-1-thread-2] DEBUG org.apache.http.impl.conn.PoolingHttpClientConnectionManager - Connection leased: [id: 7][route: {s}-&gt;https://simple-books-api.glitch.me:443][total available: 0; route allocated: 1 of 5; total allocated: 1 of 10]
15:53:42.066 [pool-1-thread-2] DEBUG org.apache.http.impl.execchain.MainClientExec - Opening connection {s}-&gt;https://simple-books-api.glitch.me:443
15:53:42.066 [pool-1-thread-2] DEBUG org.apache.http.impl.conn.DefaultHttpClientConnectionOperator - Connecting to simple-books-api.glitch.me/54.209.182.143:443
15:53:42.066 [pool-1-thread-2] DEBUG org.apache.http.conn.ssl.SSLConnectionSocketFactory - Connecting socket to simple-books-api.glitch.me/54.209.182.143:443 with timeout 30000
15:53:42.200 [pool-1-thread-3] DEBUG org.apache.http.conn.ssl.SSLConnectionSocketFactory - Enabled protocols: [TLSv1.3, TLSv1.2]
15:53:42.200 [pool-1-thread-3] DEBUG org.apache.http.conn.ssl.SSLConnectionSocketFactory - Enabled cipher suites:[TLS_AES_256_GCM_SHA384, TLS_AES_128_GCM_SHA256, TLS_CHACHA20_POLY1305_SHA256, TLS_ECDHE_ECDSA_WITH_AES_256_GCM_SHA384, TLS_ECDHE_ECDSA_WITH_AES_128_GCM_SHA256, TLS_ECDHE_ECDSA_WITH_CHACHA20_POLY1305_SHA256, TLS_ECDHE_RSA_WITH_AES_256_GCM_SHA384, TLS_ECDHE_RSA_WITH_CHACHA20_POLY1305_SHA256, TLS_ECDHE_RSA_WITH_AES_128_GCM_SHA256, TLS_DHE_RSA_WITH_AES_256_GCM_SHA384, TLS_DHE_RSA_WITH_CHACHA20_POLY1305_SHA256, TLS_DHE_DSS_WITH_AES_256_GCM_SHA384, TLS_DHE_RSA_WITH_AES_128_GCM_SHA256, TLS_DHE_DSS_WITH_AES_128_GCM_SHA256, TLS_ECDHE_ECDSA_WITH_AES_256_CBC_SHA384, TLS_ECDHE_RSA_WITH_AES_256_CBC_SHA384, TLS_ECDHE_ECDSA_WITH_AES_128_CBC_SHA256, TLS_ECDHE_RSA_WITH_AES_128_CBC_SHA256, TLS_DHE_RSA_WITH_AES_256_CBC_SHA256, TLS_DHE_DSS_WITH_AES_256_CBC_SHA256, TLS_DHE_RSA_WITH_AES_128_CBC_SHA256, TLS_DHE_DSS_WITH_AES_128_CBC_SHA256, TLS_ECDH_ECDSA_WITH_AES_256_GCM_SHA384, TLS_ECDH_RSA_WITH_AES_256_GCM_SHA384, TLS_ECDH_ECDSA_WITH_AES_128_GCM_SHA256, TLS_ECDH_RSA_WITH_AES_128_GCM_SHA256, TLS_ECDH_ECDSA_WITH_AES_256_CBC_SHA384, TLS_ECDH_RSA_WITH_AES_256_CBC_SHA384, TLS_ECDH_ECDSA_WITH_AES_128_CBC_SHA256, TLS_ECDH_RSA_WITH_AES_128_CBC_SHA256, TLS_ECDHE_ECDSA_WITH_AES_256_CBC_SHA, TLS_ECDHE_RSA_WITH_AES_256_CBC_SHA, TLS_ECDHE_ECDSA_WITH_AES_128_CBC_SHA, TLS_ECDHE_RSA_WITH_AES_128_CBC_SHA, TLS_DHE_RSA_WITH_AES_256_CBC_SHA, TLS_DHE_DSS_WITH_AES_256_CBC_SHA, TLS_DHE_RSA_WITH_AES_128_CBC_SHA, TLS_DHE_DSS_WITH_AES_128_CBC_SHA, TLS_ECDH_ECDSA_WITH_AES_256_CBC_SHA, TLS_ECDH_RSA_WITH_AES_256_CBC_SHA, TLS_ECDH_ECDSA_WITH_AES_128_CBC_SHA, TLS_ECDH_RSA_WITH_AES_128_CBC_SHA, TLS_RSA_WITH_AES_256_GCM_SHA384, TLS_RSA_WITH_AES_128_GCM_SHA256, TLS_RSA_WITH_AES_256_CBC_SHA256, TLS_RSA_WITH_AES_128_CBC_SHA256, TLS_RSA_WITH_AES_256_CBC_SHA, TLS_RSA_WITH_AES_128_CBC_SHA, TLS_EMPTY_RENEGOTIATION_INFO_SCSV]
15:53:42.201 [pool-1-thread-3] DEBUG org.apache.http.conn.ssl.SSLConnectionSocketFactory - Starting handshake
15:53:42.246 [pool-1-thread-1] DEBUG org.apache.http.wire - http-outgoing-5 &lt;&lt; &quot;HTTP/1.1 201 Created[\r][\n]&quot;
15:53:42.246 [pool-1-thread-1] DEBUG org.apache.http.wire - http-outgoing-5 &lt;&lt; &quot;Date: Thu, 01 Dec 2022 14:53:37 GMT[\r][\n]&quot;
15:53:42.246 [pool-1-thread-1] DEBUG org.apache.http.wire - http-outgoing-5 &lt;&lt; &quot;Content-Type: application/json; charset=utf-8[\r][\n]&quot;
15:53:42.246 [pool-1-thread-1] DEBUG org.apache.http.wire - http-outgoing-5 &lt;&lt; &quot;Content-Length: 50[\r][\n]&quot;
15:53:42.246 [pool-1-thread-1] DEBUG org.apache.http.wire - http-outgoing-5 &lt;&lt; &quot;Connection: keep-alive[\r][\n]&quot;
15:53:42.246 [pool-1-thread-1] DEBUG org.apache.http.wire - http-outgoing-5 &lt;&lt; &quot;x-powered-by: Express[\r][\n]&quot;
15:53:42.246 [pool-1-thread-1] DEBUG org.apache.http.wire - http-outgoing-5 &lt;&lt; &quot;etag: W/&quot;32-0KqgtfFsxciG5x7iNILYk+KZngY&quot;[\r][\n]&quot;
15:53:42.246 [pool-1-thread-1] DEBUG org.apache.http.wire - http-outgoing-5 &lt;&lt; &quot;[\r][\n]&quot;
15:53:42.246 [pool-1-thread-1] DEBUG org.apache.http.wire - http-outgoing-5 &lt;&lt; &quot;{&quot;created&quot;:true,&quot;orderId&quot;:&quot;M5LY7MsBWnpnc_9eNsFcE&quot;}&quot;
15:53:42.246 [pool-1-thread-1] DEBUG org.apache.http.headers - http-outgoing-5 &lt;&lt; HTTP/1.1 201 Created
15:53:42.246 [pool-1-thread-1] DEBUG org.apache.http.headers - http-outgoing-5 &lt;&lt; Date: Thu, 01 Dec 2022 14:53:37 GMT
15:53:42.246 [pool-1-thread-1] DEBUG org.apache.http.headers - http-outgoing-5 &lt;&lt; Content-Type: application/json; charset=utf-8
15:53:42.246 [pool-1-thread-1] DEBUG org.apache.http.headers - http-outgoing-5 &lt;&lt; Content-Length: 50
15:53:42.246 [pool-1-thread-1] DEBUG org.apache.http.headers - http-outgoing-5 &lt;&lt; Connection: keep-alive
15:53:42.246 [pool-1-thread-1] DEBUG org.apache.http.headers - http-outgoing-5 &lt;&lt; x-powered-by: Express
15:53:42.246 [pool-1-thread-1] DEBUG org.apache.http.headers - http-outgoing-5 &lt;&lt; etag: W/&quot;32-0KqgtfFsxciG5x7iNILYk+KZngY&quot;
15:53:42.247 [pool-1-thread-1] DEBUG org.apache.http.impl.execchain.MainClientExec - Connection can be kept alive indefinitely
15:53:42.247 [pool-1-thread-1] DEBUG org.apache.http.impl.conn.PoolingHttpClientConnectionManager - Connection [id: 5][route: {s}-&gt;https://simple-books-api.glitch.me:443] can be kept alive indefinitely
15:53:42.247 [pool-1-thread-1] DEBUG org.apache.http.impl.conn.DefaultManagedHttpClientConnection - http-outgoing-5: set socket timeout to 0
15:53:42.247 [pool-1-thread-1] DEBUG org.apache.http.impl.conn.PoolingHttpClientConnectionManager - Connection released: [id: 5][route: {s}-&gt;https://simple-books-api.glitch.me:443][total available: 1; route allocated: 1 of 5; total allocated: 1 of 10]
15:53:42.247 [pool-1-thread-1] DEBUG com.intuit.karate - response time in milliseconds: 914
1 &lt; 201
1 &lt; Date: Thu, 01 Dec 2022 14:53:37 GMT
1 &lt; Content-Type: application/json; charset=utf-8
1 &lt; Content-Length: 50
1 &lt; Connection: keep-alive
1 &lt; x-powered-by: Express
1 &lt; etag: W/&quot;32-0KqgtfFsxciG5x7iNILYk+KZngY&quot;
{&quot;created&quot;:true,&quot;orderId&quot;:&quot;M5LY7MsBWnpnc_9eNsFcE&quot;}

15:53:42.252 [pool-1-thread-1] INFO com.intuit.karate - [print] {
  &quot;created&quot;: true,
  &quot;orderId&quot;: &quot;M5LY7MsBWnpnc_9eNsFcE&quot;
}
 
15:53:42.253 [pool-1-thread-2] DEBUG org.apache.http.conn.ssl.SSLConnectionSocketFactory - Enabled protocols: [TLSv1.3, TLSv1.2]
[...]
15:53:45.821 [main] DEBUG org.apache.velocity.macro - added VM includeBuildInfo: source=org.apache.velocity.Template@746cd757
15:53:45.821 [main] DEBUG org.apache.velocity.loader - ResourceManager: found /templates/macros/page/buildinfo.vm with loader org.apache.velocity.runtime.resource.loader.ClasspathResourceLoader
15:53:45.822 [main] DEBUG org.apache.velocity.macro - added VM includeClassifications: source=org.apache.velocity.Template@77b9d0c7
15:53:45.822 [main] DEBUG org.apache.velocity.loader - ResourceManager: found /templates/macros/page/classifications.vm with loader org.apache.velocity.runtime.resource.loader.ClasspathResourceLoader
15:53:45.823 [main] DEBUG org.apache.velocity.macro - added VM includeLead: source=org.apache.velocity.Template@127f9161
15:53:45.823 [main] DEBUG org.apache.velocity.loader - ResourceManager: found /templates/macros/page/lead.vm with loader org.apache.velocity.runtime.resource.loader.ClasspathResourceLoader
15:53:45.824 [main] DEBUG org.apache.velocity.macro - added VM includeNavigation: source=org.apache.velocity.Template@4349754
15:53:45.824 [main] DEBUG org.apache.velocity.loader - ResourceManager: found /templates/macros/page/navigation.vm with loader org.apache.velocity.runtime.resource.loader.ClasspathResourceLoader
15:53:45.826 [main] DEBUG org.apache.velocity.macro - added VM includeReportInfo: source=org.apache.velocity.Template@1ba05e38
15:53:45.826 [main] DEBUG org.apache.velocity.loader - ResourceManager: found /templates/macros/page/reportInfo.vm with loader org.apache.velocity.runtime.resource.loader.ClasspathResourceLoader
15:53:45.827 [main] DEBUG org.apache.velocity.macro - added VM includeTitle: source=org.apache.velocity.Template@723ed581
15:53:45.827 [main] DEBUG org.apache.velocity.loader - ResourceManager: found /templates/macros/page/title.vm with loader org.apache.velocity.runtime.resource.loader.ClasspathResourceLoader
15:53:45.827 [main] DEBUG org.apache.velocity.macro - added VM includeExpandingButtons: source=org.apache.velocity.Template@28a6301f
15:53:45.827 [main] DEBUG org.apache.velocity.loader - ResourceManager: found /templates/macros/report/expandAllButtons.vm with loader org.apache.velocity.runtime.resource.loader.ClasspathResourceLoader
15:53:45.828 [main] DEBUG org.apache.velocity.macro - added VM includeReportTable: source=org.apache.velocity.Template@d8948cd
15:53:45.828 [main] DEBUG org.apache.velocity.loader - ResourceManager: found /templates/macros/report/reportTable.vm with loader org.apache.velocity.runtime.resource.loader.ClasspathResourceLoader
15:53:45.829 [main] DEBUG org.apache.velocity.macro - added VM includeReportHeader: source=org.apache.velocity.Template@3d36dff4
15:53:45.829 [main] DEBUG org.apache.velocity.loader - ResourceManager: found /templates/macros/report/reportHeader.vm with loader org.apache.velocity.runtime.resource.loader.ClasspathResourceLoader
15:53:45.831 [main] DEBUG org.apache.velocity.macro - added VM includeStatsTable: source=org.apache.velocity.Template@38a1c423
15:53:45.831 [main] DEBUG org.apache.velocity.loader - ResourceManager: found /templates/macros/report/statsTable.vm with loader org.apache.velocity.runtime.resource.loader.ClasspathResourceLoader
15:53:45.831 [main] DEBUG org.apache.velocity.macro - added VM includeBrief: source=org.apache.velocity.Template@4567e53d
15:53:45.831 [main] DEBUG org.apache.velocity.loader - ResourceManager: found /templates/macros/json/brief.vm with loader org.apache.velocity.runtime.resource.loader.ClasspathResourceLoader
15:53:45.832 [main] DEBUG org.apache.velocity.macro - added VM includeDocString: source=org.apache.velocity.Template@3ac04654
15:53:45.832 [main] DEBUG org.apache.velocity.loader - ResourceManager: found /templates/macros/json/docstring.vm with loader org.apache.velocity.runtime.resource.loader.ClasspathResourceLoader
15:53:45.833 [main] DEBUG org.apache.velocity.macro - added VM includeDuration: source=org.apache.velocity.Template@5e268ce6
15:53:45.833 [main] DEBUG org.apache.velocity.loader - ResourceManager: found /templates/macros/json/duration.vm with loader org.apache.velocity.runtime.resource.loader.ClasspathResourceLoader
15:53:45.834 [main] DEBUG org.apache.velocity.macro - added VM includeElement: source=org.apache.velocity.Template@3c0fbd3a
15:53:45.834 [main] DEBUG org.apache.velocity.loader - ResourceManager: found /templates/macros/json/element.vm with loader org.apache.velocity.runtime.resource.loader.ClasspathResourceLoader
15:53:45.837 [main] DEBUG org.apache.velocity.macro - added VM includeEmbeddings: source=org.apache.velocity.Template@1a35993f
15:53:45.837 [main] DEBUG org.apache.velocity.macro - added VM includeHtmlEmbedding: source=org.apache.velocity.Template@1a35993f
15:53:45.837 [main] DEBUG org.apache.velocity.macro - added VM includeVideoEmbedding: source=org.apache.velocity.Template@1a35993f
15:53:45.837 [main] DEBUG org.apache.velocity.macro - added VM includeImageEmbedding: source=org.apache.velocity.Template@1a35993f
15:53:45.837 [main] DEBUG org.apache.velocity.macro - added VM includeImageReferenceEmbedding: source=org.apache.velocity.Template@1a35993f
15:53:45.837 [main] DEBUG org.apache.velocity.macro - added VM includeTextEmbedding: source=org.apache.velocity.Template@1a35993f
15:53:45.837 [main] DEBUG org.apache.velocity.macro - added VM includeUnknownEmbedding: source=org.apache.velocity.Template@1a35993f
15:53:45.837 [main] DEBUG org.apache.velocity.loader - ResourceManager: found /templates/macros/json/embeddings.vm with loader org.apache.velocity.runtime.resource.loader.ClasspathResourceLoader
15:53:45.839 [main] DEBUG org.apache.velocity.macro - added VM includeHooks: source=org.apache.velocity.Template@4a3be6a5
15:53:45.839 [main] DEBUG org.apache.velocity.loader - ResourceManager: found /templates/macros/json/hooks.vm with loader org.apache.velocity.runtime.resource.loader.ClasspathResourceLoader
15:53:45.840 [main] DEBUG org.apache.velocity.macro - added VM includeOutput: source=org.apache.velocity.Template@766a4535
15:53:45.840 [main] DEBUG org.apache.velocity.loader - ResourceManager: found /templates/macros/json/output.vm with loader org.apache.velocity.runtime.resource.loader.ClasspathResourceLoader
15:53:45.841 [main] DEBUG org.apache.velocity.macro - added VM includeMessage: source=org.apache.velocity.Template@2b4786dd
15:53:45.841 [main] DEBUG org.apache.velocity.loader - ResourceManager: found /templates/macros/json/message.vm with loader org.apache.velocity.runtime.resource.loader.ClasspathResourceLoader
15:53:45.843 [main] DEBUG org.apache.velocity.macro - added VM includeSteps: source=org.apache.velocity.Template@630d1b2f
15:53:45.843 [main] DEBUG org.apache.velocity.loader - ResourceManager: found /templates/macros/json/steps.vm with loader org.apache.velocity.runtime.resource.loader.ClasspathResourceLoader
15:53:45.843 [main] DEBUG org.apache.velocity.macro - added VM includeStepName: source=org.apache.velocity.Template@aac3f4e
15:53:45.843 [main] DEBUG org.apache.velocity.loader - ResourceManager: found /templates/macros/json/stepName.vm with loader org.apache.velocity.runtime.resource.loader.ClasspathResourceLoader
15:53:45.844 [main] DEBUG org.apache.velocity.macro - added VM includeTags: source=org.apache.velocity.Template@2715644a
15:53:45.844 [main] DEBUG org.apache.velocity.loader - ResourceManager: found /templates/macros/json/tags.vm with loader org.apache.velocity.runtime.resource.loader.ClasspathResourceLoader
15:53:45.846 [main] DEBUG org.apache.velocity.loader - ResourceManager: found /templates/footer.vm with loader org.apache.velocity.runtime.resource.loader.ClasspathResourceLoader
15:53:45.848 [main] DEBUG org.apache.velocity - Initializing Velocity, Calling init()...
15:53:45.848 [main] DEBUG org.apache.velocity - Starting Apache Velocity v2.3
15:53:45.848 [main] DEBUG org.apache.velocity - Default Properties resource: org/apache/velocity/runtime/defaults/velocity.properties
15:53:45.849 [main] DEBUG org.apache.velocity - ResourceLoader instantiated: org.apache.velocity.runtime.resource.loader.ClasspathResourceLoader
15:53:45.849 [main] DEBUG org.apache.velocity - initialized (class org.apache.velocity.runtime.resource.ResourceCacheImpl) with class java.util.Collections$SynchronizedMap cache map.
15:53:45.849 [main] DEBUG org.apache.velocity - Loaded System Directive: org.apache.velocity.runtime.directive.Stop
15:53:45.849 [main] DEBUG org.apache.velocity - Loaded System Directive: org.apache.velocity.runtime.directive.Define
15:53:45.849 [main] DEBUG org.apache.velocity - Loaded System Directive: org.apache.velocity.runtime.directive.Break
15:53:45.849 [main] DEBUG org.apache.velocity - Loaded System Directive: org.apache.velocity.runtime.directive.Evaluate
15:53:45.849 [main] DEBUG org.apache.velocity - Loaded System Directive: org.apache.velocity.runtime.directive.Macro
15:53:45.849 [main] DEBUG org.apache.velocity - Loaded System Directive: org.apache.velocity.runtime.directive.Parse
15:53:45.849 [main] DEBUG org.apache.velocity - Loaded System Directive: org.apache.velocity.runtime.directive.Include
15:53:45.849 [main] DEBUG org.apache.velocity - Loaded System Directive: org.apache.velocity.runtime.directive.Foreach
15:53:45.851 [main] DEBUG org.apache.velocity.parser - Created &apos;20&apos; parsers.
15:53:45.851 [main] DEBUG org.apache.velocity.macro - &quot;velocimacro.library.path&quot; is not set. Trying default library: velocimacros.vtl
15:53:45.851 [main] DEBUG org.apache.velocity.loader.class - Could not load resource &apos;velocimacros.vtl&apos; from ResourceLoader org.apache.velocity.runtime.resource.loader.ClasspathResourceLoader
15:53:45.851 [main] DEBUG org.apache.velocity.macro - Default library velocimacros.vtl not found. Trying old default library: VM_global_library.vm
15:53:45.851 [main] DEBUG org.apache.velocity.loader.class - Could not load resource &apos;VM_global_library.vm&apos; from ResourceLoader org.apache.velocity.runtime.resource.loader.ClasspathResourceLoader
15:53:45.851 [main] DEBUG org.apache.velocity.macro - Old default library VM_global_library.vm not found.
15:53:45.851 [main] DEBUG org.apache.velocity.macro - allowInline = true: VMs can be defined inline in templates
15:53:45.851 [main] DEBUG org.apache.velocity.macro - allowInlineToOverride = false: VMs defined inline may NOT replace previous VM definitions
15:53:45.851 [main] DEBUG org.apache.velocity.macro - allowInlineLocal = false: VMs defined inline will be global in scope if allowed.
15:53:45.851 [main] DEBUG org.apache.velocity.macro - autoload off: VM system will not automatically reload global library macros
15:53:45.853 [main] DEBUG org.apache.velocity.loader - ResourceManager: found templates/generators/overviewFailures.vm with loader org.apache.velocity.runtime.resource.loader.ClasspathResourceLoader
15:53:45.854 [main] DEBUG org.apache.velocity.loader - ResourceManager: found /templates/headers.vm with loader org.apache.velocity.runtime.resource.loader.ClasspathResourceLoader
15:53:45.855 [main] DEBUG org.apache.velocity.loader - ResourceManager: found /templates/head.vm with loader org.apache.velocity.runtime.resource.loader.ClasspathResourceLoader
15:53:45.856 [main] DEBUG org.apache.velocity.macro - added VM stringArray: source=org.apache.velocity.Template@4ed38226
15:53:45.856 [main] DEBUG org.apache.velocity.macro - added VM numberArray: source=org.apache.velocity.Template@4ed38226
15:53:45.856 [main] DEBUG org.apache.velocity.loader - ResourceManager: found /templates/macros/array.js.vm with loader org.apache.velocity.runtime.resource.loader.ClasspathResourceLoader
15:53:45.856 [main] DEBUG org.apache.velocity.macro - added VM includeBuildInfo: source=org.apache.velocity.Template@676ff3b0
15:53:45.856 [main] DEBUG org.apache.velocity.loader - ResourceManager: found /templates/macros/page/buildinfo.vm with loader org.apache.velocity.runtime.resource.loader.ClasspathResourceLoader
15:53:45.857 [main] DEBUG org.apache.velocity.macro - added VM includeClassifications: source=org.apache.velocity.Template@476a736d
15:53:45.857 [main] DEBUG org.apache.velocity.loader - ResourceManager: found /templates/macros/page/classifications.vm with loader org.apache.velocity.runtime.resource.loader.ClasspathResourceLoader
15:53:45.858 [main] DEBUG org.apache.velocity.macro - added VM includeLead: source=org.apache.velocity.Template@7159139f
15:53:45.858 [main] DEBUG org.apache.velocity.loader - ResourceManager: found /templates/macros/page/lead.vm with loader org.apache.velocity.runtime.resource.loader.ClasspathResourceLoader
15:53:45.859 [main] DEBUG org.apache.velocity.macro - added VM includeNavigation: source=org.apache.velocity.Template@6e106680
15:53:45.859 [main] DEBUG org.apache.velocity.loader - ResourceManager: found /templates/macros/page/navigation.vm with loader org.apache.velocity.runtime.resource.loader.ClasspathResourceLoader
15:53:45.859 [main] DEBUG org.apache.velocity.macro - added VM includeReportInfo: source=org.apache.velocity.Template@5a8ba37c
15:53:45.859 [main] DEBUG org.apache.velocity.loader - ResourceManager: found /templates/macros/page/reportInfo.vm with loader org.apache.velocity.runtime.resource.loader.ClasspathResourceLoader
15:53:45.860 [main] DEBUG org.apache.velocity.macro - added VM includeTitle: source=org.apache.velocity.Template@32b9bd12
15:53:45.860 [main] DEBUG org.apache.velocity.loader - ResourceManager: found /templates/macros/page/title.vm with loader org.apache.velocity.runtime.resource.loader.ClasspathResourceLoader
15:53:45.860 [main] DEBUG org.apache.velocity.macro - added VM includeExpandingButtons: source=org.apache.velocity.Template@15bc339
15:53:45.860 [main] DEBUG org.apache.velocity.loader - ResourceManager: found /templates/macros/report/expandAllButtons.vm with loader org.apache.velocity.runtime.resource.loader.ClasspathResourceLoader
15:53:45.861 [main] DEBUG org.apache.velocity.macro - added VM includeReportTable: source=org.apache.velocity.Template@7fc645e4
15:53:45.861 [main] DEBUG org.apache.velocity.loader - ResourceManager: found /templates/macros/report/reportTable.vm with loader org.apache.velocity.runtime.resource.loader.ClasspathResourceLoader
15:53:45.861 [main] DEBUG org.apache.velocity.macro - added VM includeReportHeader: source=org.apache.velocity.Template@3cbcd8f3
15:53:45.861 [main] DEBUG org.apache.velocity.loader - ResourceManager: found /templates/macros/report/reportHeader.vm with loader org.apache.velocity.runtime.resource.loader.ClasspathResourceLoader
15:53:45.863 [main] DEBUG org.apache.velocity.macro - added VM includeStatsTable: source=org.apache.velocity.Template@58112bc4
15:53:45.863 [main] DEBUG org.apache.velocity.loader - ResourceManager: found /templates/macros/report/statsTable.vm with loader org.apache.velocity.runtime.resource.loader.ClasspathResourceLoader
15:53:45.863 [main] DEBUG org.apache.velocity.macro - added VM includeBrief: source=org.apache.velocity.Template@2f5c1332
15:53:45.863 [main] DEBUG org.apache.velocity.loader - ResourceManager: found /templates/macros/json/brief.vm with loader org.apache.velocity.runtime.resource.loader.ClasspathResourceLoader
15:53:45.864 [main] DEBUG org.apache.velocity.macro - added VM includeDocString: source=org.apache.velocity.Template@6a84bc3f
15:53:45.864 [main] DEBUG org.apache.velocity.loader - ResourceManager: found /templates/macros/json/docstring.vm with loader org.apache.velocity.runtime.resource.loader.ClasspathResourceLoader
15:53:45.864 [main] DEBUG org.apache.velocity.macro - added VM includeDuration: source=org.apache.velocity.Template@6d171ce0
15:53:45.864 [main] DEBUG org.apache.velocity.loader - ResourceManager: found /templates/macros/json/duration.vm with loader org.apache.velocity.runtime.resource.loader.ClasspathResourceLoader
15:53:45.865 [main] DEBUG org.apache.velocity.macro - added VM includeElement: source=org.apache.velocity.Template@3bb8aabc
15:53:45.865 [main] DEBUG org.apache.velocity.loader - ResourceManager: found /templates/macros/json/element.vm with loader org.apache.velocity.runtime.resource.loader.ClasspathResourceLoader
15:53:45.867 [main] DEBUG org.apache.velocity.macro - added VM includeEmbeddings: source=org.apache.velocity.Template@29a4f594
15:53:45.867 [main] DEBUG org.apache.velocity.macro - added VM includeHtmlEmbedding: source=org.apache.velocity.Template@29a4f594
15:53:45.867 [main] DEBUG org.apache.velocity.macro - added VM includeVideoEmbedding: source=org.apache.velocity.Template@29a4f594
15:53:45.867 [main] DEBUG org.apache.velocity.macro - added VM includeImageEmbedding: source=org.apache.velocity.Template@29a4f594
15:53:45.867 [main] DEBUG org.apache.velocity.macro - added VM includeImageReferenceEmbedding: source=org.apache.velocity.Template@29a4f594
15:53:45.867 [main] DEBUG org.apache.velocity.macro - added VM includeTextEmbedding: source=org.apache.velocity.Template@29a4f594
15:53:45.868 [main] DEBUG org.apache.velocity.macro - added VM includeUnknownEmbedding: source=org.apache.velocity.Template@29a4f594
15:53:45.868 [main] DEBUG org.apache.velocity.loader - ResourceManager: found /templates/macros/json/embeddings.vm with loader org.apache.velocity.runtime.resource.loader.ClasspathResourceLoader
15:53:45.869 [main] DEBUG org.apache.velocity.macro - added VM includeHooks: source=org.apache.velocity.Template@2679311f
15:53:45.869 [main] DEBUG org.apache.velocity.loader - ResourceManager: found /templates/macros/json/hooks.vm with loader org.apache.velocity.runtime.resource.loader.ClasspathResourceLoader
15:53:45.869 [main] DEBUG org.apache.velocity.macro - added VM includeOutput: source=org.apache.velocity.Template@2b556bb2
15:53:45.869 [main] DEBUG org.apache.velocity.loader - ResourceManager: found /templates/macros/json/output.vm with loader org.apache.velocity.runtime.resource.loader.ClasspathResourceLoader
15:53:45.870 [main] DEBUG org.apache.velocity.macro - added VM includeMessage: source=org.apache.velocity.Template@2e3cdec2
15:53:45.870 [main] DEBUG org.apache.velocity.loader - ResourceManager: found /templates/macros/json/message.vm with loader org.apache.velocity.runtime.resource.loader.ClasspathResourceLoader
15:53:45.871 [main] DEBUG org.apache.velocity.macro - added VM includeSteps: source=org.apache.velocity.Template@1f52eb6f
15:53:45.871 [main] DEBUG org.apache.velocity.loader - ResourceManager: found /templates/macros/json/steps.vm with loader org.apache.velocity.runtime.resource.loader.ClasspathResourceLoader
15:53:45.872 [main] DEBUG org.apache.velocity.macro - added VM includeStepName: source=org.apache.velocity.Template@67c277a0
15:53:45.872 [main] DEBUG org.apache.velocity.loader - ResourceManager: found /templates/macros/json/stepName.vm with loader org.apache.velocity.runtime.resource.loader.ClasspathResourceLoader
15:53:45.873 [main] DEBUG org.apache.velocity.macro - added VM includeTags: source=org.apache.velocity.Template@2d5f7182
15:53:45.873 [main] DEBUG org.apache.velocity.loader - ResourceManager: found /templates/macros/json/tags.vm with loader org.apache.velocity.runtime.resource.loader.ClasspathResourceLoader
15:53:45.874 [main] DEBUG org.apache.velocity.macro - VM #includeBrief: too few arguments to macro. Wanted 5 got 4
15:53:45.875 [main] DEBUG org.apache.velocity.macro - VM #includeBrief: too few arguments to macro. Wanted 5 got 4
15:53:45.876 [main] DEBUG org.apache.velocity.loader - ResourceManager: found /templates/footer.vm with loader org.apache.velocity.runtime.resource.loader.ClasspathResourceLoader
</system-out>
    <system-err>déc. 01, 2022 3:53:45 PM net.masterthought.cucumber.ReportParser parseJsonFiles
INFO: File &apos;C:\Users\fzjadour\IdeaProjects\KarateSimpleBooksExercice\target\karate-reports\tests.simpleBooks.json&apos; contains 1 feature(s)
</system-err>
  </testcase>
</testsuite>