<?xml version="1.0" encoding="UTF-8" ?>
<testsuite tests="1" failures="1" name="tests.TestRunner" time="7.283" errors="0" skipped="0">
  <properties>
[...]
</properties>
  <testcase classname="tests.TestRunner" name="tests.TestRunner.testParallel" time="7.283">
    <failure message="status code was: 401, expected: 201, response time in milliseconds: 3093, url: https://simple-books-api.glitch.me/orders, response: 
{&quot;error&quot;:&quot;Invalid bearer token.&quot;}
classpath:tests/simpleBooksv1.feature:69 ==&gt; expected: &lt;0&gt; but was: &lt;1&gt;" type="org.opentest4j.AssertionFailedError">org.opentest4j.AssertionFailedError: status code was: 401, expected: 201, response time in milliseconds: 3093, url: https://simple-books-api.glitch.me/orders, response: 
{&quot;error&quot;:&quot;Invalid bearer token.&quot;}
classpath:tests/simpleBooksv1.feature:69 ==&gt; expected: &lt;0&gt; but was: &lt;1&gt;
	at org.junit.jupiter.api.AssertionUtils.fail(AssertionUtils.java:55)
	at org.junit.jupiter.api.AssertionUtils.failNotEqual(AssertionUtils.java:62)
	at org.junit.jupiter.api.AssertEquals.assertEquals(AssertEquals.java:150)
	at org.junit.jupiter.api.Assertions.assertEquals(Assertions.java:542)
	at tests.TestRunner.testParallel(TestRunner.java:27)
</failure>
    <system-out>11:18:38.000 [main] INFO com.intuit.karate.Runner - using system property &apos;karate.options&apos;: --tags @tag2
11:18:38.974 [main] DEBUG com.intuit.karate.Suite - [config] classpath:karate-config.js
11:18:38.984 [main] DEBUG com.intuit.karate.Suite - waiting for 4 features to complete
11:18:39.940 [pool-1-thread-1] INFO com.intuit.karate - karate.env system property was: null 
11:18:39.940 [pool-1-thread-2] INFO com.intuit.karate - karate.env system property was: null 
11:18:39.940 [pool-1-thread-3] INFO com.intuit.karate - karate.env system property was: null 
11:18:40.089 [pool-1-thread-1] DEBUG com.intuit.karate.core.ScenarioEngine - over-writing existing variable &apos;email&apos; with new value: call generateEmail
11:18:40.106 [pool-1-thread-1] DEBUG com.jayway.jsonpath.internal.path.CompiledPath - Evaluating path: $
11:18:40.106 [pool-1-thread-3] DEBUG com.jayway.jsonpath.internal.path.CompiledPath - Evaluating path: $
11:18:40.160 [pool-1-thread-3] DEBUG io.netty.util.internal.logging.InternalLoggerFactory - Using SLF4J as the default logging framework
11:18:40.167 [pool-1-thread-3] DEBUG io.netty.util.internal.PlatformDependent0 - -Dio.netty.noUnsafe: false
11:18:40.167 [pool-1-thread-3] DEBUG io.netty.util.internal.PlatformDependent0 - Java version: 18
11:18:40.169 [pool-1-thread-3] DEBUG io.netty.util.internal.PlatformDependent0 - sun.misc.Unsafe.theUnsafe: available
11:18:40.170 [pool-1-thread-3] DEBUG io.netty.util.internal.PlatformDependent0 - sun.misc.Unsafe.copyMemory: available
11:18:40.172 [pool-1-thread-3] DEBUG io.netty.util.internal.PlatformDependent0 - java.nio.Buffer.address: available
11:18:40.174 [pool-1-thread-3] DEBUG io.netty.util.internal.PlatformDependent0 - direct buffer constructor: unavailable: Reflective setAccessible(true) disabled
11:18:40.176 [pool-1-thread-3] DEBUG io.netty.util.internal.PlatformDependent0 - java.nio.Bits.unaligned: available, true
11:18:40.178 [pool-1-thread-3] DEBUG io.netty.util.internal.PlatformDependent0 - jdk.internal.misc.Unsafe.allocateUninitializedArray(int): unavailable: class io.netty.util.internal.PlatformDependent0$6 cannot access class jdk.internal.misc.Unsafe (in module java.base) because module java.base does not export jdk.internal.misc to unnamed module @140e5a13
11:18:40.178 [pool-1-thread-3] DEBUG io.netty.util.internal.PlatformDependent0 - java.nio.DirectByteBuffer.&lt;init&gt;(long, int): unavailable
11:18:40.178 [pool-1-thread-3] DEBUG io.netty.util.internal.PlatformDependent - sun.misc.Unsafe: available
11:18:40.178 [pool-1-thread-3] DEBUG io.netty.util.internal.PlatformDependent - maxDirectMemory: 8518631424 bytes (maybe)
11:18:40.180 [pool-1-thread-3] DEBUG io.netty.util.internal.PlatformDependent - -Dio.netty.tmpdir: C:\Users\fzjadour\AppData\Local\Temp (java.io.tmpdir)
11:18:40.180 [pool-1-thread-3] DEBUG io.netty.util.internal.PlatformDependent - -Dio.netty.bitMode: 64 (sun.arch.data.model)
11:18:40.180 [pool-1-thread-3] DEBUG io.netty.util.internal.PlatformDependent - Platform: Windows
11:18:40.181 [pool-1-thread-3] DEBUG io.netty.util.internal.PlatformDependent - -Dio.netty.maxDirectMemory: -1 bytes
11:18:40.181 [pool-1-thread-3] DEBUG io.netty.util.internal.PlatformDependent - -Dio.netty.uninitializedArrayAllocationThreshold: -1
11:18:40.183 [pool-1-thread-3] DEBUG io.netty.util.internal.CleanerJava9 - java.nio.ByteBuffer.cleaner(): available
11:18:40.183 [pool-1-thread-3] DEBUG io.netty.util.internal.PlatformDependent - -Dio.netty.noPreferDirect: false
11:18:40.353 [pool-1-thread-1] DEBUG org.apache.http.client.protocol.RequestAddCookies - CookieSpec selected: karate
11:18:40.353 [pool-1-thread-3] DEBUG org.apache.http.client.protocol.RequestAddCookies - CookieSpec selected: karate
11:18:40.354 [pool-1-thread-2] DEBUG org.apache.http.client.protocol.RequestAddCookies - CookieSpec selected: karate
11:18:40.363 [pool-1-thread-1] DEBUG org.apache.http.client.protocol.RequestAuthCache - Auth cache not set in the context
11:18:40.363 [pool-1-thread-3] DEBUG org.apache.http.client.protocol.RequestAuthCache - Auth cache not set in the context
11:18:40.363 [pool-1-thread-2] DEBUG org.apache.http.client.protocol.RequestAuthCache - Auth cache not set in the context
11:18:40.365 [pool-1-thread-2] DEBUG com.intuit.karate - request:
1 &gt; GET https://simple-books-api.glitch.me/books?type=fiction
1 &gt; Host: simple-books-api.glitch.me
1 &gt; Connection: Keep-Alive
1 &gt; User-Agent: Apache-HttpClient/4.5.13 (Java/18.0.2.1)
1 &gt; Accept-Encoding: gzip,deflate


11:18:40.366 [pool-1-thread-1] DEBUG com.intuit.karate - request:
1 &gt; POST https://simple-books-api.glitch.me/api-clients
1 &gt; Content-Type: application/json; charset=UTF-8
1 &gt; Content-Length: 92
1 &gt; Host: simple-books-api.glitch.me
1 &gt; Connection: Keep-Alive
1 &gt; User-Agent: Apache-HttpClient/4.5.13 (Java/18.0.2.1)
1 &gt; Accept-Encoding: gzip,deflate
{&quot;clientName&quot;:&quot;fatima&quot;,&quot;clientEmail&quot;:&quot;fatimac67d35d5-1a2a-4086-8cad-5d91a1549a25@gmail.com&quot;}

11:18:40.366 [pool-1-thread-3] DEBUG com.intuit.karate - request:
1 &gt; POST https://simple-books-api.glitch.me/orders
1 &gt; Authorization: Bearer null
1 &gt; Content-Type: application/json; charset=UTF-8
1 &gt; Content-Length: 34
1 &gt; Host: simple-books-api.glitch.me
1 &gt; Connection: Keep-Alive
1 &gt; User-Agent: Apache-HttpClient/4.5.13 (Java/18.0.2.1)
1 &gt; Accept-Encoding: gzip,deflate
{&quot;bookId&quot;:1,&quot;customerName&quot;:&quot;John&quot;}

11:18:40.367 [pool-1-thread-1] DEBUG org.apache.http.impl.conn.PoolingHttpClientConnectionManager - Connection request: [route: {s}-&gt;https://simple-books-api.glitch.me:443][total available: 0; route allocated: 0 of 5; total allocated: 0 of 10]
11:18:40.367 [pool-1-thread-3] DEBUG org.apache.http.impl.conn.PoolingHttpClientConnectionManager - Connection request: [route: {s}-&gt;https://simple-books-api.glitch.me:443][total available: 0; route allocated: 0 of 5; total allocated: 0 of 10]
11:18:40.367 [pool-1-thread-2] DEBUG org.apache.http.impl.conn.PoolingHttpClientConnectionManager - Connection request: [route: {s}-&gt;https://simple-books-api.glitch.me:443][total available: 0; route allocated: 0 of 5; total allocated: 0 of 10]
11:18:40.382 [pool-1-thread-1] DEBUG org.apache.http.impl.conn.PoolingHttpClientConnectionManager - Connection leased: [id: 2][route: {s}-&gt;https://simple-books-api.glitch.me:443][total available: 0; route allocated: 1 of 5; total allocated: 1 of 10]
11:18:40.382 [pool-1-thread-2] DEBUG org.apache.http.impl.conn.PoolingHttpClientConnectionManager - Connection leased: [id: 0][route: {s}-&gt;https://simple-books-api.glitch.me:443][total available: 0; route allocated: 1 of 5; total allocated: 1 of 10]
11:18:40.382 [pool-1-thread-3] DEBUG org.apache.http.impl.conn.PoolingHttpClientConnectionManager - Connection leased: [id: 1][route: {s}-&gt;https://simple-books-api.glitch.me:443][total available: 0; route allocated: 1 of 5; total allocated: 1 of 10]
11:18:40.384 [pool-1-thread-1] DEBUG org.apache.http.impl.execchain.MainClientExec - Opening connection {s}-&gt;https://simple-books-api.glitch.me:443
11:18:40.384 [pool-1-thread-3] DEBUG org.apache.http.impl.execchain.MainClientExec - Opening connection {s}-&gt;https://simple-books-api.glitch.me:443
11:18:40.384 [pool-1-thread-2] DEBUG org.apache.http.impl.execchain.MainClientExec - Opening connection {s}-&gt;https://simple-books-api.glitch.me:443
11:18:40.546 [pool-1-thread-1] DEBUG org.apache.http.impl.conn.DefaultHttpClientConnectionOperator - Connecting to simple-books-api.glitch.me/54.209.182.143:443
11:18:40.546 [pool-1-thread-3] DEBUG org.apache.http.impl.conn.DefaultHttpClientConnectionOperator - Connecting to simple-books-api.glitch.me/54.209.182.143:443
11:18:40.546 [pool-1-thread-1] DEBUG org.apache.http.conn.ssl.SSLConnectionSocketFactory - Connecting socket to simple-books-api.glitch.me/54.209.182.143:443 with timeout 30000
11:18:40.546 [pool-1-thread-2] DEBUG org.apache.http.impl.conn.DefaultHttpClientConnectionOperator - Connecting to simple-books-api.glitch.me/54.209.182.143:443
11:18:40.546 [pool-1-thread-3] DEBUG org.apache.http.conn.ssl.SSLConnectionSocketFactory - Connecting socket to simple-books-api.glitch.me/54.209.182.143:443 with timeout 30000
11:18:40.546 [pool-1-thread-2] DEBUG org.apache.http.conn.ssl.SSLConnectionSocketFactory - Connecting socket to simple-books-api.glitch.me/54.209.182.143:443 with timeout 30000
11:18:40.743 [pool-1-thread-1] DEBUG org.apache.http.conn.ssl.SSLConnectionSocketFactory - Enabled protocols: [TLSv1.3, TLSv1.2]
11:18:40.743 [pool-1-thread-2] DEBUG org.apache.http.conn.ssl.SSLConnectionSocketFactory - Enabled protocols: [TLSv1.3, TLSv1.2]
11:18:40.743 [pool-1-thread-1] DEBUG org.apache.http.conn.ssl.SSLConnectionSocketFactory - Enabled cipher suites:[TLS_AES_256_GCM_SHA384, TLS_AES_128_GCM_SHA256, TLS_CHACHA20_POLY1305_SHA256, TLS_ECDHE_ECDSA_WITH_AES_256_GCM_SHA384, TLS_ECDHE_ECDSA_WITH_AES_128_GCM_SHA256, TLS_ECDHE_ECDSA_WITH_CHACHA20_POLY1305_SHA256, TLS_ECDHE_RSA_WITH_AES_256_GCM_SHA384, TLS_ECDHE_RSA_WITH_CHACHA20_POLY1305_SHA256, TLS_ECDHE_RSA_WITH_AES_128_GCM_SHA256, TLS_DHE_RSA_WITH_AES_256_GCM_SHA384, TLS_DHE_RSA_WITH_CHACHA20_POLY1305_SHA256, TLS_DHE_DSS_WITH_AES_256_GCM_SHA384, TLS_DHE_RSA_WITH_AES_128_GCM_SHA256, TLS_DHE_DSS_WITH_AES_128_GCM_SHA256, TLS_ECDHE_ECDSA_WITH_AES_256_CBC_SHA384, TLS_ECDHE_RSA_WITH_AES_256_CBC_SHA384, TLS_ECDHE_ECDSA_WITH_AES_128_CBC_SHA256, TLS_ECDHE_RSA_WITH_AES_128_CBC_SHA256, TLS_DHE_RSA_WITH_AES_256_CBC_SHA256, TLS_DHE_DSS_WITH_AES_256_CBC_SHA256, TLS_DHE_RSA_WITH_AES_128_CBC_SHA256, TLS_DHE_DSS_WITH_AES_128_CBC_SHA256, TLS_ECDH_ECDSA_WITH_AES_256_GCM_SHA384, TLS_ECDH_RSA_WITH_AES_256_GCM_SHA384, TLS_ECDH_ECDSA_WITH_AES_128_GCM_SHA256, TLS_ECDH_RSA_WITH_AES_128_GCM_SHA256, TLS_ECDH_ECDSA_WITH_AES_256_CBC_SHA384, TLS_ECDH_RSA_WITH_AES_256_CBC_SHA384, TLS_ECDH_ECDSA_WITH_AES_128_CBC_SHA256, TLS_ECDH_RSA_WITH_AES_128_CBC_SHA256, TLS_ECDHE_ECDSA_WITH_AES_256_CBC_SHA, TLS_ECDHE_RSA_WITH_AES_256_CBC_SHA, TLS_ECDHE_ECDSA_WITH_AES_128_CBC_SHA, TLS_ECDHE_RSA_WITH_AES_128_CBC_SHA, TLS_DHE_RSA_WITH_AES_256_CBC_SHA, TLS_DHE_DSS_WITH_AES_256_CBC_SHA, TLS_DHE_RSA_WITH_AES_128_CBC_SHA, TLS_DHE_DSS_WITH_AES_128_CBC_SHA, TLS_ECDH_ECDSA_WITH_AES_256_CBC_SHA, TLS_ECDH_RSA_WITH_AES_256_CBC_SHA, TLS_ECDH_ECDSA_WITH_AES_128_CBC_SHA, TLS_ECDH_RSA_WITH_AES_128_CBC_SHA, TLS_RSA_WITH_AES_256_GCM_SHA384, TLS_RSA_WITH_AES_128_GCM_SHA256, TLS_RSA_WITH_AES_256_CBC_SHA256, TLS_RSA_WITH_AES_128_CBC_SHA256, TLS_RSA_WITH_AES_256_CBC_SHA, TLS_RSA_WITH_AES_128_CBC_SHA, TLS_EMPTY_RENEGOTIATION_INFO_SCSV]
11:18:40.744 [pool-1-thread-1] DEBUG org.apache.http.conn.ssl.SSLConnectionSocketFactory - Starting handshake
11:18:40.743 [pool-1-thread-3] DEBUG org.apache.http.conn.ssl.SSLConnectionSocketFactory - Enabled protocols: [TLSv1.3, TLSv1.2]
11:18:40.743 [pool-1-thread-2] DEBUG org.apache.http.conn.ssl.SSLConnectionSocketFactory - Enabled cipher suites:[TLS_AES_256_GCM_SHA384, TLS_AES_128_GCM_SHA256, TLS_CHACHA20_POLY1305_SHA256, TLS_ECDHE_ECDSA_WITH_AES_256_GCM_SHA384, TLS_ECDHE_ECDSA_WITH_AES_128_GCM_SHA256, TLS_ECDHE_ECDSA_WITH_CHACHA20_POLY1305_SHA256, TLS_ECDHE_RSA_WITH_AES_256_GCM_SHA384, TLS_ECDHE_RSA_WITH_CHACHA20_POLY1305_SHA256, TLS_ECDHE_RSA_WITH_AES_128_GCM_SHA256, TLS_DHE_RSA_WITH_AES_256_GCM_SHA384, TLS_DHE_RSA_WITH_CHACHA20_POLY1305_SHA256, TLS_DHE_DSS_WITH_AES_256_GCM_SHA384, TLS_DHE_RSA_WITH_AES_128_GCM_SHA256, TLS_DHE_DSS_WITH_AES_128_GCM_SHA256, TLS_ECDHE_ECDSA_WITH_AES_256_CBC_SHA384, TLS_ECDHE_RSA_WITH_AES_256_CBC_SHA384, TLS_ECDHE_ECDSA_WITH_AES_128_CBC_SHA256, TLS_ECDHE_RSA_WITH_AES_128_CBC_SHA256, TLS_DHE_RSA_WITH_AES_256_CBC_SHA256, TLS_DHE_DSS_WITH_AES_256_CBC_SHA256, TLS_DHE_RSA_WITH_AES_128_CBC_SHA256, TLS_DHE_DSS_WITH_AES_128_CBC_SHA256, TLS_ECDH_ECDSA_WITH_AES_256_GCM_SHA384, TLS_ECDH_RSA_WITH_AES_256_GCM_SHA384, TLS_ECDH_ECDSA_WITH_AES_128_GCM_SHA256, TLS_ECDH_RSA_WITH_AES_128_GCM_SHA256, TLS_ECDH_ECDSA_WITH_AES_256_CBC_SHA384, TLS_ECDH_RSA_WITH_AES_256_CBC_SHA384, TLS_ECDH_ECDSA_WITH_AES_128_CBC_SHA256, TLS_ECDH_RSA_WITH_AES_128_CBC_SHA256, TLS_ECDHE_ECDSA_WITH_AES_256_CBC_SHA, TLS_ECDHE_RSA_WITH_AES_256_CBC_SHA, TLS_ECDHE_ECDSA_WITH_AES_128_CBC_SHA, TLS_ECDHE_RSA_WITH_AES_128_CBC_SHA, TLS_DHE_RSA_WITH_AES_256_CBC_SHA, TLS_DHE_DSS_WITH_AES_256_CBC_SHA, TLS_DHE_RSA_WITH_AES_128_CBC_SHA, TLS_DHE_DSS_WITH_AES_128_CBC_SHA, TLS_ECDH_ECDSA_WITH_AES_256_CBC_SHA, TLS_ECDH_RSA_WITH_AES_256_CBC_SHA, TLS_ECDH_ECDSA_WITH_AES_128_CBC_SHA, TLS_ECDH_RSA_WITH_AES_128_CBC_SHA, TLS_RSA_WITH_AES_256_GCM_SHA384, TLS_RSA_WITH_AES_128_GCM_SHA256, TLS_RSA_WITH_AES_256_CBC_SHA256, TLS_RSA_WITH_AES_128_CBC_SHA256, TLS_RSA_WITH_AES_256_CBC_SHA, TLS_RSA_WITH_AES_128_CBC_SHA, TLS_EMPTY_RENEGOTIATION_INFO_SCSV]
11:18:40.744 [pool-1-thread-2] DEBUG org.apache.http.conn.ssl.SSLConnectionSocketFactory - Starting handshake
11:18:40.744 [pool-1-thread-3] DEBUG org.apache.http.conn.ssl.SSLConnectionSocketFactory - Enabled cipher suites:[TLS_AES_256_GCM_SHA384, TLS_AES_128_GCM_SHA256, TLS_CHACHA20_POLY1305_SHA256, TLS_ECDHE_ECDSA_WITH_AES_256_GCM_SHA384, TLS_ECDHE_ECDSA_WITH_AES_128_GCM_SHA256, TLS_ECDHE_ECDSA_WITH_CHACHA20_POLY1305_SHA256, TLS_ECDHE_RSA_WITH_AES_256_GCM_SHA384, TLS_ECDHE_RSA_WITH_CHACHA20_POLY1305_SHA256, TLS_ECDHE_RSA_WITH_AES_128_GCM_SHA256, TLS_DHE_RSA_WITH_AES_256_GCM_SHA384, TLS_DHE_RSA_WITH_CHACHA20_POLY1305_SHA256, TLS_DHE_DSS_WITH_AES_256_GCM_SHA384, TLS_DHE_RSA_WITH_AES_128_GCM_SHA256, TLS_DHE_DSS_WITH_AES_128_GCM_SHA256, TLS_ECDHE_ECDSA_WITH_AES_256_CBC_SHA384, TLS_ECDHE_RSA_WITH_AES_256_CBC_SHA384, TLS_ECDHE_ECDSA_WITH_AES_128_CBC_SHA256, TLS_ECDHE_RSA_WITH_AES_128_CBC_SHA256, TLS_DHE_RSA_WITH_AES_256_CBC_SHA256, TLS_DHE_DSS_WITH_AES_256_CBC_SHA256, TLS_DHE_RSA_WITH_AES_128_CBC_SHA256, TLS_DHE_DSS_WITH_AES_128_CBC_SHA256, TLS_ECDH_ECDSA_WITH_AES_256_GCM_SHA384, TLS_ECDH_RSA_WITH_AES_256_GCM_SHA384, TLS_ECDH_ECDSA_WITH_AES_128_GCM_SHA256, TLS_ECDH_RSA_WITH_AES_128_GCM_SHA256, TLS_ECDH_ECDSA_WITH_AES_256_CBC_SHA384, TLS_ECDH_RSA_WITH_AES_256_CBC_SHA384, TLS_ECDH_ECDSA_WITH_AES_128_CBC_SHA256, TLS_ECDH_RSA_WITH_AES_128_CBC_SHA256, TLS_ECDHE_ECDSA_WITH_AES_256_CBC_SHA, TLS_ECDHE_RSA_WITH_AES_256_CBC_SHA, TLS_ECDHE_ECDSA_WITH_AES_128_CBC_SHA, TLS_ECDHE_RSA_WITH_AES_128_CBC_SHA, TLS_DHE_RSA_WITH_AES_256_CBC_SHA, TLS_DHE_DSS_WITH_AES_256_CBC_SHA, TLS_DHE_RSA_WITH_AES_128_CBC_SHA, TLS_DHE_DSS_WITH_AES_128_CBC_SHA, TLS_ECDH_ECDSA_WITH_AES_256_CBC_SHA, TLS_ECDH_RSA_WITH_AES_256_CBC_SHA, TLS_ECDH_ECDSA_WITH_AES_128_CBC_SHA, TLS_ECDH_RSA_WITH_AES_128_CBC_SHA, TLS_RSA_WITH_AES_256_GCM_SHA384, TLS_RSA_WITH_AES_128_GCM_SHA256, TLS_RSA_WITH_AES_256_CBC_SHA256, TLS_RSA_WITH_AES_128_CBC_SHA256, TLS_RSA_WITH_AES_256_CBC_SHA, TLS_RSA_WITH_AES_128_CBC_SHA, TLS_EMPTY_RENEGOTIATION_INFO_SCSV]
11:18:40.745 [pool-1-thread-3] DEBUG org.apache.http.conn.ssl.SSLConnectionSocketFactory - Starting handshake
11:18:41.257 [pool-1-thread-1] DEBUG org.apache.http.conn.ssl.SSLConnectionSocketFactory - Secure session established
11:18:41.257 [pool-1-thread-1] DEBUG org.apache.http.conn.ssl.SSLConnectionSocketFactory -  negotiated protocol: TLSv1.2
11:18:41.258 [pool-1-thread-1] DEBUG org.apache.http.conn.ssl.SSLConnectionSocketFactory -  negotiated cipher suite: TLS_ECDHE_RSA_WITH_AES_128_GCM_SHA256
11:18:41.258 [pool-1-thread-1] DEBUG org.apache.http.conn.ssl.SSLConnectionSocketFactory -  peer principal: CN=glitch.com
11:18:41.258 [pool-1-thread-1] DEBUG org.apache.http.conn.ssl.SSLConnectionSocketFactory -  peer alternative names: [glitch.com, *.gomix.me, gomix.com, gomix.me, glitch.me, *.glitch.com, *.gomix.com, *.glitch.me]
11:18:41.259 [pool-1-thread-1] DEBUG org.apache.http.conn.ssl.SSLConnectionSocketFactory -  issuer principal: CN=Amazon, OU=Server CA 1B, O=Amazon, C=US
11:18:41.263 [pool-1-thread-1] DEBUG org.apache.http.impl.conn.DefaultHttpClientConnectionOperator - Connection established 192.168.1.35:49677&lt;-&gt;54.209.182.143:443
11:18:41.263 [pool-1-thread-1] DEBUG org.apache.http.impl.conn.DefaultManagedHttpClientConnection - http-outgoing-0: set socket timeout to 30000
11:18:41.263 [pool-1-thread-1] DEBUG org.apache.http.impl.execchain.MainClientExec - Executing request POST /api-clients HTTP/1.1
11:18:41.263 [pool-1-thread-1] DEBUG org.apache.http.impl.execchain.MainClientExec - Target auth state: UNCHALLENGED
11:18:41.263 [pool-1-thread-1] DEBUG org.apache.http.impl.execchain.MainClientExec - Proxy auth state: UNCHALLENGED
11:18:41.264 [pool-1-thread-1] DEBUG org.apache.http.headers - http-outgoing-0 &gt;&gt; POST /api-clients HTTP/1.1
11:18:41.265 [pool-1-thread-1] DEBUG org.apache.http.headers - http-outgoing-0 &gt;&gt; Content-Type: application/json; charset=UTF-8
11:18:41.265 [pool-1-thread-1] DEBUG org.apache.http.headers - http-outgoing-0 &gt;&gt; Content-Length: 92
11:18:41.265 [pool-1-thread-1] DEBUG org.apache.http.headers - http-outgoing-0 &gt;&gt; Host: simple-books-api.glitch.me
11:18:41.265 [pool-1-thread-1] DEBUG org.apache.http.headers - http-outgoing-0 &gt;&gt; Connection: Keep-Alive
11:18:41.265 [pool-1-thread-1] DEBUG org.apache.http.headers - http-outgoing-0 &gt;&gt; User-Agent: Apache-HttpClient/4.5.13 (Java/18.0.2.1)
11:18:41.265 [pool-1-thread-1] DEBUG org.apache.http.headers - http-outgoing-0 &gt;&gt; Accept-Encoding: gzip,deflate
11:18:41.265 [pool-1-thread-1] DEBUG org.apache.http.wire - http-outgoing-0 &gt;&gt; &quot;POST /api-clients HTTP/1.1[\r][\n]&quot;
11:18:41.265 [pool-1-thread-1] DEBUG org.apache.http.wire - http-outgoing-0 &gt;&gt; &quot;Content-Type: application/json; charset=UTF-8[\r][\n]&quot;
11:18:41.265 [pool-1-thread-1] DEBUG org.apache.http.wire - http-outgoing-0 &gt;&gt; &quot;Content-Length: 92[\r][\n]&quot;
11:18:41.265 [pool-1-thread-1] DEBUG org.apache.http.wire - http-outgoing-0 &gt;&gt; &quot;Host: simple-books-api.glitch.me[\r][\n]&quot;
11:18:41.265 [pool-1-thread-1] DEBUG org.apache.http.wire - http-outgoing-0 &gt;&gt; &quot;Connection: Keep-Alive[\r][\n]&quot;
11:18:41.265 [pool-1-thread-1] DEBUG org.apache.http.wire - http-outgoing-0 &gt;&gt; &quot;User-Agent: Apache-HttpClient/4.5.13 (Java/18.0.2.1)[\r][\n]&quot;
11:18:41.265 [pool-1-thread-1] DEBUG org.apache.http.wire - http-outgoing-0 &gt;&gt; &quot;Accept-Encoding: gzip,deflate[\r][\n]&quot;
11:18:41.265 [pool-1-thread-1] DEBUG org.apache.http.wire - http-outgoing-0 &gt;&gt; &quot;[\r][\n]&quot;
11:18:41.265 [pool-1-thread-1] DEBUG org.apache.http.wire - http-outgoing-0 &gt;&gt; &quot;{&quot;clientName&quot;:&quot;fatima&quot;,&quot;clientEmail&quot;:&quot;fatimac67d35d5-1a2a-4086-8cad-5d91a1549a25@gmail.com&quot;}&quot;
11:18:41.787 [pool-1-thread-1] DEBUG org.apache.http.wire - http-outgoing-0 &lt;&lt; &quot;HTTP/1.1 201 Created[\r][\n]&quot;
11:18:41.788 [pool-1-thread-1] DEBUG org.apache.http.wire - http-outgoing-0 &lt;&lt; &quot;Date: Fri, 25 Nov 2022 10:18:32 GMT[\r][\n]&quot;
11:18:41.788 [pool-1-thread-1] DEBUG org.apache.http.wire - http-outgoing-0 &lt;&lt; &quot;Content-Type: application/json; charset=utf-8[\r][\n]&quot;
11:18:41.788 [pool-1-thread-1] DEBUG org.apache.http.wire - http-outgoing-0 &lt;&lt; &quot;Content-Length: 82[\r][\n]&quot;
11:18:41.788 [pool-1-thread-1] DEBUG org.apache.http.wire - http-outgoing-0 &lt;&lt; &quot;Connection: keep-alive[\r][\n]&quot;
11:18:41.788 [pool-1-thread-1] DEBUG org.apache.http.wire - http-outgoing-0 &lt;&lt; &quot;x-powered-by: Express[\r][\n]&quot;
11:18:41.788 [pool-1-thread-1] DEBUG org.apache.http.wire - http-outgoing-0 &lt;&lt; &quot;etag: W/&quot;52-j3FvRkfKjRRKI4kc9NkSnSd6pNo&quot;[\r][\n]&quot;
11:18:41.788 [pool-1-thread-1] DEBUG org.apache.http.wire - http-outgoing-0 &lt;&lt; &quot;[\r][\n]&quot;
11:18:41.788 [pool-1-thread-1] DEBUG org.apache.http.wire - http-outgoing-0 &lt;&lt; &quot;{&quot;accessToken&quot;:&quot;e054ac4e55291ea7990b109e244938810eacbbd428988bac517baf3d05501b58&quot;}&quot;
11:18:41.795 [pool-1-thread-1] DEBUG org.apache.http.headers - http-outgoing-0 &lt;&lt; HTTP/1.1 201 Created
11:18:41.795 [pool-1-thread-1] DEBUG org.apache.http.headers - http-outgoing-0 &lt;&lt; Date: Fri, 25 Nov 2022 10:18:32 GMT
11:18:41.795 [pool-1-thread-1] DEBUG org.apache.http.headers - http-outgoing-0 &lt;&lt; Content-Type: application/json; charset=utf-8
11:18:41.795 [pool-1-thread-1] DEBUG org.apache.http.headers - http-outgoing-0 &lt;&lt; Content-Length: 82
11:18:41.795 [pool-1-thread-1] DEBUG org.apache.http.headers - http-outgoing-0 &lt;&lt; Connection: keep-alive
11:18:41.795 [pool-1-thread-1] DEBUG org.apache.http.headers - http-outgoing-0 &lt;&lt; x-powered-by: Express
11:18:41.795 [pool-1-thread-1] DEBUG org.apache.http.headers - http-outgoing-0 &lt;&lt; etag: W/&quot;52-j3FvRkfKjRRKI4kc9NkSnSd6pNo&quot;
11:18:41.801 [pool-1-thread-1] DEBUG org.apache.http.impl.execchain.MainClientExec - Connection can be kept alive indefinitely
11:18:41.804 [pool-1-thread-1] DEBUG org.apache.http.impl.conn.PoolingHttpClientConnectionManager - Connection [id: 2][route: {s}-&gt;https://simple-books-api.glitch.me:443] can be kept alive indefinitely
11:18:41.804 [pool-1-thread-1] DEBUG org.apache.http.impl.conn.DefaultManagedHttpClientConnection - http-outgoing-0: set socket timeout to 0
11:18:41.804 [pool-1-thread-1] DEBUG org.apache.http.impl.conn.PoolingHttpClientConnectionManager - Connection released: [id: 2][route: {s}-&gt;https://simple-books-api.glitch.me:443][total available: 1; route allocated: 1 of 5; total allocated: 1 of 10]
11:18:41.808 [pool-1-thread-1] DEBUG com.intuit.karate - response time in milliseconds: 1438
1 &lt; 201
1 &lt; Date: Fri, 25 Nov 2022 10:18:32 GMT
1 &lt; Content-Type: application/json; charset=utf-8
1 &lt; Content-Length: 82
1 &lt; Connection: keep-alive
1 &lt; x-powered-by: Express
1 &lt; etag: W/&quot;52-j3FvRkfKjRRKI4kc9NkSnSd6pNo&quot;
{&quot;accessToken&quot;:&quot;e054ac4e55291ea7990b109e244938810eacbbd428988bac517baf3d05501b58&quot;}

11:18:41.819 [pool-1-thread-1] DEBUG com.jayway.jsonpath.internal.path.CompiledPath - Evaluating path: $
11:18:41.826 [pool-1-thread-1] DEBUG com.intuit.karate.core.ScenarioEngine - over-writing existing variable &apos;token&apos; with new value: $.accessToken
11:18:41.827 [pool-1-thread-1] DEBUG com.jayway.jsonpath.internal.path.CompiledPath - Evaluating path: $[&apos;accessToken&apos;]
11:18:41.829 [pool-1-thread-1] INFO com.intuit.karate - [print] e054ac4e55291ea7990b109e244938810eacbbd428988bac517baf3d05501b58 
11:18:41.833 [pool-1-thread-1] DEBUG com.jayway.jsonpath.internal.path.CompiledPath - Evaluating path: $
11:18:41.889 [pool-1-thread-1] INFO com.intuit.karate - karate.env system property was: null 
11:18:41.898 [pool-1-thread-1] DEBUG com.jayway.jsonpath.internal.path.CompiledPath - Evaluating path: $
11:18:41.899 [pool-1-thread-1] DEBUG org.apache.http.client.protocol.RequestAddCookies - CookieSpec selected: karate
11:18:41.900 [pool-1-thread-1] DEBUG org.apache.http.client.protocol.RequestAuthCache - Auth cache not set in the context
11:18:41.900 [pool-1-thread-1] DEBUG com.intuit.karate - request:
1 &gt; POST https://simple-books-api.glitch.me/orders
1 &gt; Authorization: Bearer e054ac4e55291ea7990b109e244938810eacbbd428988bac517baf3d05501b58
1 &gt; Content-Type: application/json; charset=UTF-8
1 &gt; Content-Length: 34
1 &gt; Host: simple-books-api.glitch.me
1 &gt; Connection: Keep-Alive
1 &gt; User-Agent: Apache-HttpClient/4.5.13 (Java/18.0.2.1)
1 &gt; Accept-Encoding: gzip,deflate
{&quot;bookId&quot;:2,&quot;customerName&quot;:&quot;John&quot;}

11:18:41.900 [pool-1-thread-1] DEBUG org.apache.http.impl.conn.PoolingHttpClientConnectionManager - Connection request: [route: {s}-&gt;https://simple-books-api.glitch.me:443][total available: 0; route allocated: 0 of 5; total allocated: 0 of 10]
11:18:41.900 [pool-1-thread-1] DEBUG org.apache.http.impl.conn.PoolingHttpClientConnectionManager - Connection leased: [id: 3][route: {s}-&gt;https://simple-books-api.glitch.me:443][total available: 0; route allocated: 1 of 5; total allocated: 1 of 10]
11:18:41.900 [pool-1-thread-1] DEBUG org.apache.http.impl.execchain.MainClientExec - Opening connection {s}-&gt;https://simple-books-api.glitch.me:443
11:18:41.900 [pool-1-thread-1] DEBUG org.apache.http.impl.conn.DefaultHttpClientConnectionOperator - Connecting to simple-books-api.glitch.me/54.209.182.143:443
11:18:41.900 [pool-1-thread-1] DEBUG org.apache.http.conn.ssl.SSLConnectionSocketFactory - Connecting socket to simple-books-api.glitch.me/54.209.182.143:443 with timeout 30000
11:18:42.094 [pool-1-thread-1] DEBUG org.apache.http.conn.ssl.SSLConnectionSocketFactory - Enabled protocols: [TLSv1.3, TLSv1.2]
11:18:42.094 [pool-1-thread-1] DEBUG org.apache.http.conn.ssl.SSLConnectionSocketFactory - Enabled cipher suites:[TLS_AES_256_GCM_SHA384, TLS_AES_128_GCM_SHA256, TLS_CHACHA20_POLY1305_SHA256, TLS_ECDHE_ECDSA_WITH_AES_256_GCM_SHA384, TLS_ECDHE_ECDSA_WITH_AES_128_GCM_SHA256, TLS_ECDHE_ECDSA_WITH_CHACHA20_POLY1305_SHA256, TLS_ECDHE_RSA_WITH_AES_256_GCM_SHA384, TLS_ECDHE_RSA_WITH_CHACHA20_POLY1305_SHA256, TLS_ECDHE_RSA_WITH_AES_128_GCM_SHA256, TLS_DHE_RSA_WITH_AES_256_GCM_SHA384, TLS_DHE_RSA_WITH_CHACHA20_POLY1305_SHA256, TLS_DHE_DSS_WITH_AES_256_GCM_SHA384, TLS_DHE_RSA_WITH_AES_128_GCM_SHA256, TLS_DHE_DSS_WITH_AES_128_GCM_SHA256, TLS_ECDHE_ECDSA_WITH_AES_256_CBC_SHA384, TLS_ECDHE_RSA_WITH_AES_256_CBC_SHA384, TLS_ECDHE_ECDSA_WITH_AES_128_CBC_SHA256, TLS_ECDHE_RSA_WITH_AES_128_CBC_SHA256, TLS_DHE_RSA_WITH_AES_256_CBC_SHA256, TLS_DHE_DSS_WITH_AES_256_CBC_SHA256, TLS_DHE_RSA_WITH_AES_128_CBC_SHA256, TLS_DHE_DSS_WITH_AES_128_CBC_SHA256, TLS_ECDH_ECDSA_WITH_AES_256_GCM_SHA384, TLS_ECDH_RSA_WITH_AES_256_GCM_SHA384, TLS_ECDH_ECDSA_WITH_AES_128_GCM_SHA256, TLS_ECDH_RSA_WITH_AES_128_GCM_SHA256, TLS_ECDH_ECDSA_WITH_AES_256_CBC_SHA384, TLS_ECDH_RSA_WITH_AES_256_CBC_SHA384, TLS_ECDH_ECDSA_WITH_AES_128_CBC_SHA256, TLS_ECDH_RSA_WITH_AES_128_CBC_SHA256, TLS_ECDHE_ECDSA_WITH_AES_256_CBC_SHA, TLS_ECDHE_RSA_WITH_AES_256_CBC_SHA, TLS_ECDHE_ECDSA_WITH_AES_128_CBC_SHA, TLS_ECDHE_RSA_WITH_AES_128_CBC_SHA, TLS_DHE_RSA_WITH_AES_256_CBC_SHA, TLS_DHE_DSS_WITH_AES_256_CBC_SHA, TLS_DHE_RSA_WITH_AES_128_CBC_SHA, TLS_DHE_DSS_WITH_AES_128_CBC_SHA, TLS_ECDH_ECDSA_WITH_AES_256_CBC_SHA, TLS_ECDH_RSA_WITH_AES_256_CBC_SHA, TLS_ECDH_ECDSA_WITH_AES_128_CBC_SHA, TLS_ECDH_RSA_WITH_AES_128_CBC_SHA, TLS_RSA_WITH_AES_256_GCM_SHA384, TLS_RSA_WITH_AES_128_GCM_SHA256, TLS_RSA_WITH_AES_256_CBC_SHA256, TLS_RSA_WITH_AES_128_CBC_SHA256, TLS_RSA_WITH_AES_256_CBC_SHA, TLS_RSA_WITH_AES_128_CBC_SHA, TLS_EMPTY_RENEGOTIATION_INFO_SCSV]
11:18:42.094 [pool-1-thread-1] DEBUG org.apache.http.conn.ssl.SSLConnectionSocketFactory - Starting handshake
11:18:42.136 [pool-1-thread-2] DEBUG org.apache.http.conn.ssl.SSLConnectionSocketFactory - Secure session established
11:18:42.137 [pool-1-thread-2] DEBUG org.apache.http.conn.ssl.SSLConnectionSocketFactory -  negotiated protocol: TLSv1.2
11:18:42.137 [pool-1-thread-2] DEBUG org.apache.http.conn.ssl.SSLConnectionSocketFactory -  negotiated cipher suite: TLS_ECDHE_RSA_WITH_AES_128_GCM_SHA256
11:18:42.137 [pool-1-thread-2] DEBUG org.apache.http.conn.ssl.SSLConnectionSocketFactory -  peer principal: CN=glitch.com
11:18:42.137 [pool-1-thread-2] DEBUG org.apache.http.conn.ssl.SSLConnectionSocketFactory -  peer alternative names: [glitch.com, *.gomix.me, gomix.com, gomix.me, glitch.me, *.glitch.com, *.gomix.com, *.glitch.me]
11:18:42.137 [pool-1-thread-2] DEBUG org.apache.http.conn.ssl.SSLConnectionSocketFactory -  issuer principal: CN=Amazon, OU=Server CA 1B, O=Amazon, C=US
11:18:42.138 [pool-1-thread-2] DEBUG org.apache.http.impl.conn.DefaultHttpClientConnectionOperator - Connection established 192.168.1.35:49676&lt;-&gt;54.209.182.143:443
11:18:42.138 [pool-1-thread-2] DEBUG org.apache.http.impl.conn.DefaultManagedHttpClientConnection - http-outgoing-1: set socket timeout to 30000
11:18:42.138 [pool-1-thread-2] DEBUG org.apache.http.impl.execchain.MainClientExec - Executing request GET /books?type=fiction HTTP/1.1
11:18:42.138 [pool-1-thread-2] DEBUG org.apache.http.impl.execchain.MainClientExec - Target auth state: UNCHALLENGED
11:18:42.138 [pool-1-thread-2] DEBUG org.apache.http.impl.execchain.MainClientExec - Proxy auth state: UNCHALLENGED
11:18:42.138 [pool-1-thread-2] DEBUG org.apache.http.headers - http-outgoing-1 &gt;&gt; GET /books?type=fiction HTTP/1.1
11:18:42.138 [pool-1-thread-2] DEBUG org.apache.http.headers - http-outgoing-1 &gt;&gt; Host: simple-books-api.glitch.me
11:18:42.138 [pool-1-thread-2] DEBUG org.apache.http.headers - http-outgoing-1 &gt;&gt; Connection: Keep-Alive
11:18:42.138 [pool-1-thread-2] DEBUG org.apache.http.headers - http-outgoing-1 &gt;&gt; User-Agent: Apache-HttpClient/4.5.13 (Java/18.0.2.1)
11:18:42.138 [pool-1-thread-2] DEBUG org.apache.http.headers - http-outgoing-1 &gt;&gt; Accept-Encoding: gzip,deflate
11:18:42.138 [pool-1-thread-2] DEBUG org.apache.http.wire - http-outgoing-1 &gt;&gt; &quot;GET /books?type=fiction HTTP/1.1[\r][\n]&quot;
11:18:42.138 [pool-1-thread-2] DEBUG org.apache.http.wire - http-outgoing-1 &gt;&gt; &quot;Host: simple-books-api.glitch.me[\r][\n]&quot;
11:18:42.138 [pool-1-thread-2] DEBUG org.apache.http.wire - http-outgoing-1 &gt;&gt; &quot;Connection: Keep-Alive[\r][\n]&quot;
11:18:42.138 [pool-1-thread-2] DEBUG org.apache.http.wire - http-outgoing-1 &gt;&gt; &quot;User-Agent: Apache-HttpClient/4.5.13 (Java/18.0.2.1)[\r][\n]&quot;
11:18:42.138 [pool-1-thread-2] DEBUG org.apache.http.wire - http-outgoing-1 &gt;&gt; &quot;Accept-Encoding: gzip,deflate[\r][\n]&quot;
11:18:42.138 [pool-1-thread-2] DEBUG org.apache.http.wire - http-outgoing-1 &gt;&gt; &quot;[\r][\n]&quot;
11:18:42.437 [pool-1-thread-2] DEBUG org.apache.http.wire - http-outgoing-1 &lt;&lt; &quot;HTTP/1.1 200 OK[\r][\n]&quot;
11:18:42.437 [pool-1-thread-2] DEBUG org.apache.http.wire - http-outgoing-1 &lt;&lt; &quot;Date: Fri, 25 Nov 2022 10:18:33 GMT[\r][\n]&quot;
11:18:42.437 [pool-1-thread-2] DEBUG org.apache.http.wire - http-outgoing-1 &lt;&lt; &quot;Content-Type: application/json; charset=utf-8[\r][\n]&quot;
11:18:42.437 [pool-1-thread-2] DEBUG org.apache.http.wire - http-outgoing-1 &lt;&lt; &quot;Content-Length: 283[\r][\n]&quot;
11:18:42.437 [pool-1-thread-2] DEBUG org.apache.http.wire - http-outgoing-1 &lt;&lt; &quot;Connection: keep-alive[\r][\n]&quot;
11:18:42.437 [pool-1-thread-2] DEBUG org.apache.http.wire - http-outgoing-1 &lt;&lt; &quot;x-powered-by: Express[\r][\n]&quot;
11:18:42.437 [pool-1-thread-2] DEBUG org.apache.http.wire - http-outgoing-1 &lt;&lt; &quot;etag: W/&quot;11b-o9uRXcrIVMM6g2P09v+quQbTy2s&quot;[\r][\n]&quot;
11:18:42.437 [pool-1-thread-2] DEBUG org.apache.http.wire - http-outgoing-1 &lt;&lt; &quot;[\r][\n]&quot;
11:18:42.437 [pool-1-thread-2] DEBUG org.apache.http.wire - http-outgoing-1 &lt;&lt; &quot;[{&quot;id&quot;:1,&quot;name&quot;:&quot;The Russian&quot;,&quot;type&quot;:&quot;fiction&quot;,&quot;available&quot;:true},{&quot;id&quot;:3,&quot;name&quot;:&quot;The Vanishing Half&quot;,&quot;type&quot;:&quot;fiction&quot;,&quot;available&quot;:true},{&quot;id&quot;:4,&quot;name&quot;:&quot;The Midnight Library&quot;,&quot;type&quot;:&quot;fiction&quot;,&quot;available&quot;:true},{&quot;id&quot;:6,&quot;name&quot;:&quot;Viscount Who Loved Me&quot;,&quot;type&quot;:&quot;fiction&quot;,&quot;available&quot;:true}]&quot;
11:18:42.437 [pool-1-thread-2] DEBUG org.apache.http.headers - http-outgoing-1 &lt;&lt; HTTP/1.1 200 OK
11:18:42.437 [pool-1-thread-2] DEBUG org.apache.http.headers - http-outgoing-1 &lt;&lt; Date: Fri, 25 Nov 2022 10:18:33 GMT
11:18:42.437 [pool-1-thread-2] DEBUG org.apache.http.headers - http-outgoing-1 &lt;&lt; Content-Type: application/json; charset=utf-8
11:18:42.437 [pool-1-thread-2] DEBUG org.apache.http.headers - http-outgoing-1 &lt;&lt; Content-Length: 283
11:18:42.437 [pool-1-thread-2] DEBUG org.apache.http.headers - http-outgoing-1 &lt;&lt; Connection: keep-alive
11:18:42.437 [pool-1-thread-2] DEBUG org.apache.http.headers - http-outgoing-1 &lt;&lt; x-powered-by: Express
11:18:42.437 [pool-1-thread-2] DEBUG org.apache.http.headers - http-outgoing-1 &lt;&lt; etag: W/&quot;11b-o9uRXcrIVMM6g2P09v+quQbTy2s&quot;
11:18:42.437 [pool-1-thread-2] DEBUG org.apache.http.impl.execchain.MainClientExec - Connection can be kept alive indefinitely
11:18:42.437 [pool-1-thread-2] DEBUG org.apache.http.impl.conn.PoolingHttpClientConnectionManager - Connection [id: 0][route: {s}-&gt;https://simple-books-api.glitch.me:443] can be kept alive indefinitely
11:18:42.438 [pool-1-thread-2] DEBUG org.apache.http.impl.conn.DefaultManagedHttpClientConnection - http-outgoing-1: set socket timeout to 0
11:18:42.438 [pool-1-thread-2] DEBUG org.apache.http.impl.conn.PoolingHttpClientConnectionManager - Connection released: [id: 0][route: {s}-&gt;https://simple-books-api.glitch.me:443][total available: 1; route allocated: 1 of 5; total allocated: 1 of 10]
11:18:42.438 [pool-1-thread-2] DEBUG com.intuit.karate - response time in milliseconds: 2073
1 &lt; 200
1 &lt; Date: Fri, 25 Nov 2022 10:18:33 GMT
1 &lt; Content-Type: application/json; charset=utf-8
1 &lt; Content-Length: 283
1 &lt; Connection: keep-alive
1 &lt; x-powered-by: Express
1 &lt; etag: W/&quot;11b-o9uRXcrIVMM6g2P09v+quQbTy2s&quot;
[{&quot;id&quot;:1,&quot;name&quot;:&quot;The Russian&quot;,&quot;type&quot;:&quot;fiction&quot;,&quot;available&quot;:true},{&quot;id&quot;:3,&quot;name&quot;:&quot;The Vanishing Half&quot;,&quot;type&quot;:&quot;fiction&quot;,&quot;available&quot;:true},{&quot;id&quot;:4,&quot;name&quot;:&quot;The Midnight Library&quot;,&quot;type&quot;:&quot;fiction&quot;,&quot;available&quot;:true},{&quot;id&quot;:6,&quot;name&quot;:&quot;Viscount Who Loved Me&quot;,&quot;type&quot;:&quot;fiction&quot;,&quot;available&quot;:true}]

11:18:42.607 [pool-1-thread-1] DEBUG org.apache.http.conn.ssl.SSLConnectionSocketFactory - Secure session established
11:18:42.607 [pool-1-thread-1] DEBUG org.apache.http.conn.ssl.SSLConnectionSocketFactory -  negotiated protocol: TLSv1.2
11:18:42.607 [pool-1-thread-1] DEBUG org.apache.http.conn.ssl.SSLConnectionSocketFactory -  negotiated cipher suite: TLS_ECDHE_RSA_WITH_AES_128_GCM_SHA256
11:18:42.607 [pool-1-thread-1] DEBUG org.apache.http.conn.ssl.SSLConnectionSocketFactory -  peer principal: CN=glitch.com
11:18:42.607 [pool-1-thread-1] DEBUG org.apache.http.conn.ssl.SSLConnectionSocketFactory -  peer alternative names: [glitch.com, *.gomix.me, gomix.com, gomix.me, glitch.me, *.glitch.com, *.gomix.com, *.glitch.me]
11:18:42.607 [pool-1-thread-1] DEBUG org.apache.http.conn.ssl.SSLConnectionSocketFactory -  issuer principal: CN=Amazon, OU=Server CA 1B, O=Amazon, C=US
11:18:42.607 [pool-1-thread-1] DEBUG org.apache.http.impl.conn.DefaultHttpClientConnectionOperator - Connection established 192.168.1.35:49679&lt;-&gt;54.209.182.143:443
11:18:42.609 [pool-1-thread-1] DEBUG org.apache.http.impl.conn.DefaultManagedHttpClientConnection - http-outgoing-3: set socket timeout to 30000
11:18:42.609 [pool-1-thread-1] DEBUG org.apache.http.impl.execchain.MainClientExec - Executing request POST /orders HTTP/1.1
11:18:42.609 [pool-1-thread-1] DEBUG org.apache.http.impl.execchain.MainClientExec - Proxy auth state: UNCHALLENGED
11:18:42.609 [pool-1-thread-1] DEBUG org.apache.http.headers - http-outgoing-3 &gt;&gt; POST /orders HTTP/1.1
11:18:42.609 [pool-1-thread-1] DEBUG org.apache.http.headers - http-outgoing-3 &gt;&gt; Authorization: Bearer e054ac4e55291ea7990b109e244938810eacbbd428988bac517baf3d05501b58
11:18:42.609 [pool-1-thread-1] DEBUG org.apache.http.headers - http-outgoing-3 &gt;&gt; Content-Type: application/json; charset=UTF-8
11:18:42.609 [pool-1-thread-1] DEBUG org.apache.http.headers - http-outgoing-3 &gt;&gt; Content-Length: 34
11:18:42.609 [pool-1-thread-1] DEBUG org.apache.http.headers - http-outgoing-3 &gt;&gt; Host: simple-books-api.glitch.me
11:18:42.609 [pool-1-thread-1] DEBUG org.apache.http.headers - http-outgoing-3 &gt;&gt; Connection: Keep-Alive
11:18:42.609 [pool-1-thread-1] DEBUG org.apache.http.headers - http-outgoing-3 &gt;&gt; User-Agent: Apache-HttpClient/4.5.13 (Java/18.0.2.1)
11:18:42.609 [pool-1-thread-1] DEBUG org.apache.http.headers - http-outgoing-3 &gt;&gt; Accept-Encoding: gzip,deflate
11:18:42.609 [pool-1-thread-1] DEBUG org.apache.http.wire - http-outgoing-3 &gt;&gt; &quot;POST /orders HTTP/1.1[\r][\n]&quot;
11:18:42.609 [pool-1-thread-1] DEBUG org.apache.http.wire - http-outgoing-3 &gt;&gt; &quot;Authorization: Bearer e054ac4e55291ea7990b109e244938810eacbbd428988bac517baf3d05501b58[\r][\n]&quot;
11:18:42.609 [pool-1-thread-1] DEBUG org.apache.http.wire - http-outgoing-3 &gt;&gt; &quot;Content-Type: application/json; charset=UTF-8[\r][\n]&quot;
11:18:42.609 [pool-1-thread-1] DEBUG org.apache.http.wire - http-outgoing-3 &gt;&gt; &quot;Content-Length: 34[\r][\n]&quot;
11:18:42.609 [pool-1-thread-1] DEBUG org.apache.http.wire - http-outgoing-3 &gt;&gt; &quot;Host: simple-books-api.glitch.me[\r][\n]&quot;
11:18:42.609 [pool-1-thread-1] DEBUG org.apache.http.wire - http-outgoing-3 &gt;&gt; &quot;Connection: Keep-Alive[\r][\n]&quot;
11:18:42.609 [pool-1-thread-1] DEBUG org.apache.http.wire - http-outgoing-3 &gt;&gt; &quot;User-Agent: Apache-HttpClient/4.5.13 (Java/18.0.2.1)[\r][\n]&quot;
11:18:42.609 [pool-1-thread-1] DEBUG org.apache.http.wire - http-outgoing-3 &gt;&gt; &quot;Accept-Encoding: gzip,deflate[\r][\n]&quot;
11:18:42.609 [pool-1-thread-1] DEBUG org.apache.http.wire - http-outgoing-3 &gt;&gt; &quot;[\r][\n]&quot;
11:18:42.609 [pool-1-thread-1] DEBUG org.apache.http.wire - http-outgoing-3 &gt;&gt; &quot;{&quot;bookId&quot;:2,&quot;customerName&quot;:&quot;John&quot;}&quot;
11:18:42.885 [pool-1-thread-1] DEBUG org.apache.http.wire - http-outgoing-3 &lt;&lt; &quot;HTTP/1.1 404 Not Found[\r][\n]&quot;
11:18:42.885 [pool-1-thread-1] DEBUG org.apache.http.wire - http-outgoing-3 &lt;&lt; &quot;Date: Fri, 25 Nov 2022 10:18:33 GMT[\r][\n]&quot;
11:18:42.885 [pool-1-thread-1] DEBUG org.apache.http.wire - http-outgoing-3 &lt;&lt; &quot;Content-Type: application/json; charset=utf-8[\r][\n]&quot;
11:18:42.885 [pool-1-thread-1] DEBUG org.apache.http.wire - http-outgoing-3 &lt;&lt; &quot;Content-Length: 55[\r][\n]&quot;
11:18:42.885 [pool-1-thread-1] DEBUG org.apache.http.wire - http-outgoing-3 &lt;&lt; &quot;Connection: keep-alive[\r][\n]&quot;
11:18:42.885 [pool-1-thread-1] DEBUG org.apache.http.wire - http-outgoing-3 &lt;&lt; &quot;x-powered-by: Express[\r][\n]&quot;
11:18:42.885 [pool-1-thread-1] DEBUG org.apache.http.wire - http-outgoing-3 &lt;&lt; &quot;etag: W/&quot;37-EwJEhBGIU3KiOH3ypr8c6yRFaMQ&quot;[\r][\n]&quot;
11:18:42.885 [pool-1-thread-1] DEBUG org.apache.http.wire - http-outgoing-3 &lt;&lt; &quot;[\r][\n]&quot;
11:18:42.885 [pool-1-thread-1] DEBUG org.apache.http.wire - http-outgoing-3 &lt;&lt; &quot;{&quot;error&quot;:&quot;This book is not in stock. Try again later.&quot;}&quot;
11:18:42.885 [pool-1-thread-1] DEBUG org.apache.http.headers - http-outgoing-3 &lt;&lt; HTTP/1.1 404 Not Found
11:18:42.885 [pool-1-thread-1] DEBUG org.apache.http.headers - http-outgoing-3 &lt;&lt; Date: Fri, 25 Nov 2022 10:18:33 GMT
11:18:42.886 [pool-1-thread-1] DEBUG org.apache.http.headers - http-outgoing-3 &lt;&lt; Content-Type: application/json; charset=utf-8
11:18:42.886 [pool-1-thread-1] DEBUG org.apache.http.headers - http-outgoing-3 &lt;&lt; Content-Length: 55
11:18:42.886 [pool-1-thread-1] DEBUG org.apache.http.headers - http-outgoing-3 &lt;&lt; Connection: keep-alive
11:18:42.886 [pool-1-thread-1] DEBUG org.apache.http.headers - http-outgoing-3 &lt;&lt; x-powered-by: Express
11:18:42.886 [pool-1-thread-1] DEBUG org.apache.http.headers - http-outgoing-3 &lt;&lt; etag: W/&quot;37-EwJEhBGIU3KiOH3ypr8c6yRFaMQ&quot;
11:18:42.886 [pool-1-thread-1] DEBUG org.apache.http.impl.execchain.MainClientExec - Connection can be kept alive indefinitely
11:18:42.886 [pool-1-thread-1] DEBUG org.apache.http.impl.conn.PoolingHttpClientConnectionManager - Connection [id: 3][route: {s}-&gt;https://simple-books-api.glitch.me:443] can be kept alive indefinitely
11:18:42.886 [pool-1-thread-1] DEBUG org.apache.http.impl.conn.DefaultManagedHttpClientConnection - http-outgoing-3: set socket timeout to 0
11:18:42.887 [pool-1-thread-1] DEBUG org.apache.http.impl.conn.PoolingHttpClientConnectionManager - Connection released: [id: 3][route: {s}-&gt;https://simple-books-api.glitch.me:443][total available: 1; route allocated: 1 of 5; total allocated: 1 of 10]
11:18:42.887 [pool-1-thread-1] DEBUG com.intuit.karate - response time in milliseconds: 987
1 &lt; 404
1 &lt; Date: Fri, 25 Nov 2022 10:18:33 GMT
1 &lt; Content-Type: application/json; charset=utf-8
1 &lt; Content-Length: 55
1 &lt; Connection: keep-alive
1 &lt; x-powered-by: Express
1 &lt; etag: W/&quot;37-EwJEhBGIU3KiOH3ypr8c6yRFaMQ&quot;
{&quot;error&quot;:&quot;This book is not in stock. Try again later.&quot;}

11:18:43.026 [pool-1-thread-3] DEBUG org.apache.http.conn.ssl.SSLConnectionSocketFactory - Secure session established
11:18:43.026 [pool-1-thread-3] DEBUG org.apache.http.conn.ssl.SSLConnectionSocketFactory -  negotiated protocol: TLSv1.2
11:18:43.026 [pool-1-thread-3] DEBUG org.apache.http.conn.ssl.SSLConnectionSocketFactory -  negotiated cipher suite: TLS_ECDHE_RSA_WITH_AES_128_GCM_SHA256
11:18:43.026 [pool-1-thread-3] DEBUG org.apache.http.conn.ssl.SSLConnectionSocketFactory -  peer principal: CN=glitch.com
11:18:43.026 [pool-1-thread-3] DEBUG org.apache.http.conn.ssl.SSLConnectionSocketFactory -  peer alternative names: [glitch.com, *.gomix.me, gomix.com, gomix.me, glitch.me, *.glitch.com, *.gomix.com, *.glitch.me]
11:18:43.026 [pool-1-thread-3] DEBUG org.apache.http.conn.ssl.SSLConnectionSocketFactory -  issuer principal: CN=Amazon, OU=Server CA 1B, O=Amazon, C=US
11:18:43.027 [pool-1-thread-3] DEBUG org.apache.http.impl.conn.DefaultHttpClientConnectionOperator - Connection established 192.168.1.35:49678&lt;-&gt;54.209.182.143:443
11:18:43.027 [pool-1-thread-3] DEBUG org.apache.http.impl.conn.DefaultManagedHttpClientConnection - http-outgoing-2: set socket timeout to 30000
11:18:43.027 [pool-1-thread-3] DEBUG org.apache.http.impl.execchain.MainClientExec - Executing request POST /orders HTTP/1.1
11:18:43.027 [pool-1-thread-3] DEBUG org.apache.http.impl.execchain.MainClientExec - Proxy auth state: UNCHALLENGED
11:18:43.027 [pool-1-thread-3] DEBUG org.apache.http.headers - http-outgoing-2 &gt;&gt; POST /orders HTTP/1.1
11:18:43.027 [pool-1-thread-3] DEBUG org.apache.http.headers - http-outgoing-2 &gt;&gt; Authorization: Bearer null
11:18:43.027 [pool-1-thread-3] DEBUG org.apache.http.headers - http-outgoing-2 &gt;&gt; Content-Type: application/json; charset=UTF-8
11:18:43.028 [pool-1-thread-3] DEBUG org.apache.http.headers - http-outgoing-2 &gt;&gt; Content-Length: 34
11:18:43.028 [pool-1-thread-3] DEBUG org.apache.http.headers - http-outgoing-2 &gt;&gt; Host: simple-books-api.glitch.me
11:18:43.028 [pool-1-thread-3] DEBUG org.apache.http.headers - http-outgoing-2 &gt;&gt; Connection: Keep-Alive
11:18:43.028 [pool-1-thread-3] DEBUG org.apache.http.headers - http-outgoing-2 &gt;&gt; User-Agent: Apache-HttpClient/4.5.13 (Java/18.0.2.1)
11:18:43.028 [pool-1-thread-3] DEBUG org.apache.http.headers - http-outgoing-2 &gt;&gt; Accept-Encoding: gzip,deflate
11:18:43.028 [pool-1-thread-3] DEBUG org.apache.http.wire - http-outgoing-2 &gt;&gt; &quot;POST /orders HTTP/1.1[\r][\n]&quot;
11:18:43.028 [pool-1-thread-3] DEBUG org.apache.http.wire - http-outgoing-2 &gt;&gt; &quot;Authorization: Bearer null[\r][\n]&quot;
11:18:43.028 [pool-1-thread-3] DEBUG org.apache.http.wire - http-outgoing-2 &gt;&gt; &quot;Content-Type: application/json; charset=UTF-8[\r][\n]&quot;
11:18:43.028 [pool-1-thread-3] DEBUG org.apache.http.wire - http-outgoing-2 &gt;&gt; &quot;Content-Length: 34[\r][\n]&quot;
11:18:43.028 [pool-1-thread-3] DEBUG org.apache.http.wire - http-outgoing-2 &gt;&gt; &quot;Host: simple-books-api.glitch.me[\r][\n]&quot;
11:18:43.028 [pool-1-thread-3] DEBUG org.apache.http.wire - http-outgoing-2 &gt;&gt; &quot;Connection: Keep-Alive[\r][\n]&quot;
11:18:43.028 [pool-1-thread-3] DEBUG org.apache.http.wire - http-outgoing-2 &gt;&gt; &quot;User-Agent: Apache-HttpClient/4.5.13 (Java/18.0.2.1)[\r][\n]&quot;
11:18:43.028 [pool-1-thread-3] DEBUG org.apache.http.wire - http-outgoing-2 &gt;&gt; &quot;Accept-Encoding: gzip,deflate[\r][\n]&quot;
11:18:43.028 [pool-1-thread-3] DEBUG org.apache.http.wire - http-outgoing-2 &gt;&gt; &quot;[\r][\n]&quot;
11:18:43.028 [pool-1-thread-3] DEBUG org.apache.http.wire - http-outgoing-2 &gt;&gt; &quot;{&quot;bookId&quot;:1,&quot;customerName&quot;:&quot;John&quot;}&quot;
11:18:43.457 [pool-1-thread-3] DEBUG org.apache.http.wire - http-outgoing-2 &lt;&lt; &quot;HTTP/1.1 401 Unauthorized[\r][\n]&quot;
11:18:43.458 [pool-1-thread-3] DEBUG org.apache.http.wire - http-outgoing-2 &lt;&lt; &quot;Date: Fri, 25 Nov 2022 10:18:34 GMT[\r][\n]&quot;
11:18:43.458 [pool-1-thread-3] DEBUG org.apache.http.wire - http-outgoing-2 &lt;&lt; &quot;Content-Type: application/json; charset=utf-8[\r][\n]&quot;
11:18:43.458 [pool-1-thread-3] DEBUG org.apache.http.wire - http-outgoing-2 &lt;&lt; &quot;Content-Length: 33[\r][\n]&quot;
11:18:43.458 [pool-1-thread-3] DEBUG org.apache.http.wire - http-outgoing-2 &lt;&lt; &quot;Connection: keep-alive[\r][\n]&quot;
11:18:43.458 [pool-1-thread-3] DEBUG org.apache.http.wire - http-outgoing-2 &lt;&lt; &quot;x-powered-by: Express[\r][\n]&quot;
11:18:43.458 [pool-1-thread-3] DEBUG org.apache.http.wire - http-outgoing-2 &lt;&lt; &quot;etag: W/&quot;21-bG6N9MGZ9+XoO/KuGDSYhW5FJyc&quot;[\r][\n]&quot;
11:18:43.458 [pool-1-thread-3] DEBUG org.apache.http.wire - http-outgoing-2 &lt;&lt; &quot;[\r][\n]&quot;
11:18:43.458 [pool-1-thread-3] DEBUG org.apache.http.wire - http-outgoing-2 &lt;&lt; &quot;{&quot;error&quot;:&quot;Invalid bearer token.&quot;}&quot;
11:18:43.458 [pool-1-thread-3] DEBUG org.apache.http.headers - http-outgoing-2 &lt;&lt; HTTP/1.1 401 Unauthorized
11:18:43.458 [pool-1-thread-3] DEBUG org.apache.http.headers - http-outgoing-2 &lt;&lt; Date: Fri, 25 Nov 2022 10:18:34 GMT
11:18:43.458 [pool-1-thread-3] DEBUG org.apache.http.headers - http-outgoing-2 &lt;&lt; Content-Type: application/json; charset=utf-8
11:18:43.458 [pool-1-thread-3] DEBUG org.apache.http.headers - http-outgoing-2 &lt;&lt; Content-Length: 33
11:18:43.458 [pool-1-thread-3] DEBUG org.apache.http.headers - http-outgoing-2 &lt;&lt; Connection: keep-alive
11:18:43.458 [pool-1-thread-3] DEBUG org.apache.http.headers - http-outgoing-2 &lt;&lt; x-powered-by: Express
11:18:43.458 [pool-1-thread-3] DEBUG org.apache.http.headers - http-outgoing-2 &lt;&lt; etag: W/&quot;21-bG6N9MGZ9+XoO/KuGDSYhW5FJyc&quot;
11:18:43.459 [pool-1-thread-3] DEBUG org.apache.http.impl.execchain.MainClientExec - Connection can be kept alive indefinitely
11:18:43.459 [pool-1-thread-3] DEBUG org.apache.http.impl.auth.HttpAuthenticator - Authentication required
11:18:43.459 [pool-1-thread-3] DEBUG org.apache.http.impl.auth.HttpAuthenticator - simple-books-api.glitch.me:443 requested authentication
11:18:43.459 [pool-1-thread-3] DEBUG org.apache.http.impl.auth.HttpAuthenticator - Response contains no authentication challenges
11:18:43.459 [pool-1-thread-3] DEBUG org.apache.http.impl.conn.PoolingHttpClientConnectionManager - Connection [id: 1][route: {s}-&gt;https://simple-books-api.glitch.me:443] can be kept alive indefinitely
11:18:43.459 [pool-1-thread-3] DEBUG org.apache.http.impl.conn.DefaultManagedHttpClientConnection - http-outgoing-2: set socket timeout to 0
11:18:43.459 [pool-1-thread-3] DEBUG org.apache.http.impl.conn.PoolingHttpClientConnectionManager - Connection released: [id: 1][route: {s}-&gt;https://simple-books-api.glitch.me:443][total available: 1; route allocated: 1 of 5; total allocated: 1 of 10]
11:18:43.459 [pool-1-thread-3] DEBUG com.intuit.karate - response time in milliseconds: 3093
1 &lt; 401
1 &lt; Date: Fri, 25 Nov 2022 10:18:34 GMT
1 &lt; Content-Type: application/json; charset=utf-8
1 &lt; Content-Length: 33
1 &lt; Connection: keep-alive
1 &lt; x-powered-by: Express
1 &lt; etag: W/&quot;21-bG6N9MGZ9+XoO/KuGDSYhW5FJyc&quot;
{&quot;error&quot;:&quot;Invalid bearer token.&quot;}

11:18:43.461 [pool-1-thread-3] ERROR com.intuit.karate - classpath:tests/simpleBooksv1.feature:69
Then status 201
status code was: 401, expected: 201, response time in milliseconds: 3093, url: https://simple-books-api.glitch.me/orders, response: 
{&quot;error&quot;:&quot;Invalid bearer token.&quot;}
classpath:tests/simpleBooksv1.feature:69
11:18:43.505 [pool-2-thread-1] DEBUG org.thymeleaf.TemplateEngine - [THYMELEAF] INITIALIZING TEMPLATE ENGINE
11:18:43.598 [Finalizer] DEBUG org.apache.http.impl.conn.PoolingHttpClientConnectionManager - Connection manager is shutting down
11:18:43.599 [Finalizer] DEBUG org.apache.http.impl.conn.DefaultManagedHttpClientConnection - http-outgoing-0: Close connection
11:18:43.601 [Finalizer] DEBUG org.apache.http.impl.conn.PoolingHttpClientConnectionManager - Connection manager shut down
11:18:43.601 [Finalizer] DEBUG org.apache.http.impl.conn.PoolingHttpClientConnectionManager - Connection manager is shutting down
11:18:43.601 [Finalizer] DEBUG org.apache.http.impl.conn.DefaultManagedHttpClientConnection - http-outgoing-2: Close connection
11:18:43.602 [Finalizer] DEBUG org.apache.http.impl.conn.PoolingHttpClientConnectionManager - Connection manager shut down
11:18:43.602 [Finalizer] DEBUG org.apache.http.impl.conn.PoolingHttpClientConnectionManager - Connection manager is shutting down
11:18:43.602 [Finalizer] DEBUG org.apache.http.impl.conn.DefaultManagedHttpClientConnection - http-outgoing-1: Close connection
11:18:43.602 [Finalizer] DEBUG org.apache.http.impl.conn.PoolingHttpClientConnectionManager - Connection manager shut down
11:18:43.602 [Finalizer] DEBUG org.apache.http.impl.conn.PoolingHttpClientConnectionManager - Connection manager is shutting down
11:18:43.602 [Finalizer] DEBUG org.apache.http.impl.conn.DefaultManagedHttpClientConnection - http-outgoing-3: Close connection
11:18:43.602 [Finalizer] DEBUG org.apache.http.impl.conn.PoolingHttpClientConnectionManager - Connection manager shut down
11:18:43.797 [pool-2-thread-1] DEBUG org.thymeleaf.TemplateEngine.CONFIG - Initializing Thymeleaf Template engine configuration...
[THYMELEAF] TEMPLATE ENGINE CONFIGURATION:
[THYMELEAF] * Thymeleaf version: 3.0.14.RELEASE (built 2021-12-08T00:45:29+0000)
[THYMELEAF] * Cache Manager implementation: org.thymeleaf.cache.StandardCacheManager
[THYMELEAF] * Template resolvers:
[THYMELEAF]     * [1] com.intuit.karate.template.ResourceHtmlTemplateResolver
[THYMELEAF] * Message resolvers:
[THYMELEAF]     * org.thymeleaf.messageresolver.StandardMessageResolver
[THYMELEAF] * Link builders:
[THYMELEAF]     * org.thymeleaf.linkbuilder.StandardLinkBuilder
[THYMELEAF] * Dialect [1 of 2]: Standard (com.intuit.karate.template.KarateStandardDialect)
[THYMELEAF]     * Prefix: &quot;th&quot;
[THYMELEAF]     * Processors for Template Mode: HTML
[THYMELEAF]         * Element Tag Processors by [matching element and attribute name] [precedence]:
[THYMELEAF]             * [* {th:include,data-th-include}] [100]: org.thymeleaf.standard.processor.StandardIncludeTagProcessor
[THYMELEAF]             * [* {th:insert,data-th-insert}] [100]: org.thymeleaf.standard.processor.StandardInsertTagProcessor
[THYMELEAF]             * [* {th:replace,data-th-replace}] [100]: org.thymeleaf.standard.processor.StandardReplaceTagProcessor
[THYMELEAF]             * [* {th:substituteby,data-th-substituteby}] [100]: org.thymeleaf.standard.processor.StandardSubstituteByTagProcessor
[THYMELEAF]             * [* {th:each,data-th-each}] [200]: com.intuit.karate.template.KarateEachTagProcessor
[THYMELEAF]             * [* {th:switch,data-th-switch}] [250]: org.thymeleaf.standard.processor.StandardSwitchTagProcessor
[THYMELEAF]             * [* {th:case,data-th-case}] [275]: org.thymeleaf.standard.processor.StandardCaseTagProcessor
[THYMELEAF]             * [* {th:if,data-th-if}] [300]: org.thymeleaf.standard.processor.StandardIfTagProcessor
[THYMELEAF]             * [* {th:unless,data-th-unless}] [400]: org.thymeleaf.standard.processor.StandardUnlessTagProcessor
[THYMELEAF]             * [* {th:object,data-th-object}] [500]: org.thymeleaf.standard.processor.StandardObjectTagProcessor
[THYMELEAF]             * [* {th:with,data-th-with}] [600]: com.intuit.karate.template.KarateWithTagProcessor
[THYMELEAF]             * [* {th:attr,data-th-attr}] [700]: com.intuit.karate.template.KarateAttributeTagProcessor.KarateAttrTagProcessor
[THYMELEAF]             * [* {th:attrappend,data-th-attrappend}] [900]: com.intuit.karate.template.KarateAttributeTagProcessor.KarateAttrappendTagProcessor
[THYMELEAF]             * [* {th:attrprepend,data-th-attrprepend}] [900]: com.intuit.karate.template.KarateAttributeTagProcessor.KarateAttrprependTagProcessor
[THYMELEAF]             * [* {th:alt-title,data-th-alt-title}] [990]: org.thymeleaf.standard.processor.StandardAltTitleTagProcessor
[THYMELEAF]             * [* {th:lang-xmllang,data-th-lang-xmllang}] [990]: org.thymeleaf.standard.processor.StandardLangXmlLangTagProcessor
[THYMELEAF]             * [* {th:action,data-th-action}] [1000]: org.thymeleaf.standard.processor.StandardActionTagProcessor
[THYMELEAF]             * [* {th:default,data-th-default}] [1000]: org.thymeleaf.standard.processor.StandardConditionalFixedValueTagProcessor
[THYMELEAF]             * [* {th:open,data-th-open}] [1000]: org.thymeleaf.standard.processor.StandardConditionalFixedValueTagProcessor
[THYMELEAF]             * [* {th:autoplay,data-th-autoplay}] [1000]: org.thymeleaf.standard.processor.StandardConditionalFixedValueTagProcessor
[THYMELEAF]             * [* {th:controls,data-th-controls}] [1000]: org.thymeleaf.standard.processor.StandardConditionalFixedValueTagProcessor
[THYMELEAF]             * [* {th:seamless,data-th-seamless}] [1000]: org.thymeleaf.standard.processor.StandardConditionalFixedValueTagProcessor
[THYMELEAF]             * [* {th:scoped,data-th-scoped}] [1000]: org.thymeleaf.standard.processor.StandardConditionalFixedValueTagProcessor
[THYMELEAF]             * [* {th:defer,data-th-defer}] [1000]: org.thymeleaf.standard.processor.StandardConditionalFixedValueTagProcessor
[THYMELEAF]             * [* {th:declare,data-th-declare}] [1000]: org.thymeleaf.standard.processor.StandardConditionalFixedValueTagProcessor
[THYMELEAF]             * [* {th:nowrap,data-th-nowrap}] [1000]: org.thymeleaf.standard.processor.StandardConditionalFixedValueTagProcessor
[THYMELEAF]             * [* {th:selected,data-th-selected}] [1000]: org.thymeleaf.standard.processor.StandardConditionalFixedValueTagProcessor
[THYMELEAF]             * [* {th:async,data-th-async}] [1000]: org.thymeleaf.standard.processor.StandardConditionalFixedValueTagProcessor
[THYMELEAF]             * [* {th:formnovalidate,data-th-formnovalidate}] [1000]: org.thymeleaf.standard.processor.StandardConditionalFixedValueTagProcessor
[THYMELEAF]             * [* {th:required,data-th-required}] [1000]: org.thymeleaf.standard.processor.StandardConditionalFixedValueTagProcessor
[THYMELEAF]             * [* {th:multiple,data-th-multiple}] [1000]: org.thymeleaf.standard.processor.StandardConditionalFixedValueTagProcessor
[THYMELEAF]             * [* {th:reversed,data-th-reversed}] [1000]: org.thymeleaf.standard.processor.StandardConditionalFixedValueTagProcessor
[THYMELEAF]             * [* {th:hidden,data-th-hidden}] [1000]: org.thymeleaf.standard.processor.StandardConditionalFixedValueTagProcessor
[THYMELEAF]             * [* {th:disabled,data-th-disabled}] [1000]: org.thymeleaf.standard.processor.StandardConditionalFixedValueTagProcessor
[THYMELEAF]             * [* {th:ismap,data-th-ismap}] [1000]: org.thymeleaf.standard.processor.StandardConditionalFixedValueTagProcessor
[THYMELEAF]             * [* {th:pubdate,data-th-pubdate}] [1000]: org.thymeleaf.standard.processor.StandardConditionalFixedValueTagProcessor
[THYMELEAF]             * [* {th:novalidate,data-th-novalidate}] [1000]: org.thymeleaf.standard.processor.StandardConditionalFixedValueTagProcessor
[THYMELEAF]             * [* {th:autofocus,data-th-autofocus}] [1000]: org.thymeleaf.standard.processor.StandardConditionalFixedValueTagProcessor
[THYMELEAF]             * [* {th:loop,data-th-loop}] [1000]: org.thymeleaf.standard.processor.StandardConditionalFixedValueTagProcessor
[THYMELEAF]             * [* {th:checked,data-th-checked}] [1000]: org.thymeleaf.standard.processor.StandardConditionalFixedValueTagProcessor
[THYMELEAF]             * [* {th:readonly,data-th-readonly}] [1000]: org.thymeleaf.standard.processor.StandardConditionalFixedValueTagProcessor
[THYMELEAF]             * [* {th:onshow,data-th-onshow}] [1000]: org.thymeleaf.standard.processor.StandardDOMEventAttributeTagProcessor
[THYMELEAF]             * [* {th:onscroll,data-th-onscroll}] [1000]: org.thymeleaf.standard.processor.StandardDOMEventAttributeTagProcessor
[THYMELEAF]             * [* {th:onhashchange,data-th-onhashchange}] [1000]: org.thymeleaf.standard.processor.StandardDOMEventAttributeTagProcessor
[THYMELEAF]             * [* {th:onredo,data-th-onredo}] [1000]: org.thymeleaf.standard.processor.StandardDOMEventAttributeTagProcessor
[THYMELEAF]             * [* {th:onkeyup,data-th-onkeyup}] [1000]: org.thymeleaf.standard.processor.StandardDOMEventAttributeTagProcessor
[THYMELEAF]             * [* {th:onseeking,data-th-onseeking}] [1000]: org.thymeleaf.standard.processor.StandardDOMEventAttributeTagProcessor
[THYMELEAF]             * [* {th:ondragleave,data-th-ondragleave}] [1000]: org.thymeleaf.standard.processor.StandardDOMEventAttributeTagProcessor
[THYMELEAF]             * [* {th:onreadystatechange,data-th-onreadystatechange}] [1000]: org.thymeleaf.standard.processor.StandardDOMEventAttributeTagProcessor
[THYMELEAF]             * [* {th:ondblclick,data-th-ondblclick}] [1000]: org.thymeleaf.standard.processor.StandardDOMEventAttributeTagProcessor
[THYMELEAF]             * [* {th:onseeked,data-th-onseeked}] [1000]: org.thymeleaf.standard.processor.StandardDOMEventAttributeTagProcessor
[THYMELEAF]             * [* {th:onforminput,data-th-onforminput}] [1000]: org.thymeleaf.standard.processor.StandardDOMEventAttributeTagProcessor
[THYMELEAF]             * [* {th:oninput,data-th-oninput}] [1000]: org.thymeleaf.standard.processor.StandardDOMEventAttributeTagProcessor
[THYMELEAF]             * [* {th:onblur,data-th-onblur}] [1000]: org.thymeleaf.standard.processor.StandardDOMEventAttributeTagProcessor
[THYMELEAF]             * [* {th:onwaiting,data-th-onwaiting}] [1000]: org.thymeleaf.standard.processor.StandardDOMEventAttributeTagProcessor
[THYMELEAF]             * [* {th:onmousemove,data-th-onmousemove}] [1000]: org.thymeleaf.standard.processor.StandardDOMEventAttributeTagProcessor
[THYMELEAF]             * [* {th:ontimeupdate,data-th-ontimeupdate}] [1000]: org.thymeleaf.standard.processor.StandardDOMEventAttributeTagProcessor
[THYMELEAF]             * [* {th:oninvalid,data-th-oninvalid}] [1000]: org.thymeleaf.standard.processor.StandardDOMEventAttributeTagProcessor
[THYMELEAF]             * [* {th:onselect,data-th-onselect}] [1000]: org.thymeleaf.standard.processor.StandardDOMEventAttributeTagProcessor
[THYMELEAF]             * [* {th:onratechange,data-th-onratechange}] [1000]: org.thymeleaf.standard.processor.StandardDOMEventAttributeTagProcessor
[THYMELEAF]             * [* {th:oncanplay,data-th-oncanplay}] [1000]: org.thymeleaf.standard.processor.StandardDOMEventAttributeTagProcessor
[THYMELEAF]             * [* {th:onclick,data-th-onclick}] [1000]: org.thymeleaf.standard.processor.StandardDOMEventAttributeTagProcessor
[THYMELEAF]             * [* {th:onfocus,data-th-onfocus}] [1000]: org.thymeleaf.standard.processor.StandardDOMEventAttributeTagProcessor
[THYMELEAF]             * [* {th:onloadedmetadata,data-th-onloadedmetadata}] [1000]: org.thymeleaf.standard.processor.StandardDOMEventAttributeTagProcessor
[THYMELEAF]             * [* {th:oncanplaythrough,data-th-oncanplaythrough}] [1000]: org.thymeleaf.standard.processor.StandardDOMEventAttributeTagProcessor
[THYMELEAF]             * [* {th:onstorage,data-th-onstorage}] [1000]: org.thymeleaf.standard.processor.StandardDOMEventAttributeTagProcessor
[THYMELEAF]             * [* {th:onabort,data-th-onabort}] [1000]: org.thymeleaf.standard.processor.StandardDOMEventAttributeTagProcessor
[THYMELEAF]             * [* {th:onkeypress,data-th-onkeypress}] [1000]: org.thymeleaf.standard.processor.StandardDOMEventAttributeTagProcessor
[THYMELEAF]             * [* {th:ondragstart,data-th-ondragstart}] [1000]: org.thymeleaf.standard.processor.StandardDOMEventAttributeTagProcessor
[THYMELEAF]             * [* {th:oncontextmenu,data-th-oncontextmenu}] [1000]: org.thymeleaf.standard.processor.StandardDOMEventAttributeTagProcessor
[THYMELEAF]             * [* {th:ondrag,data-th-ondrag}] [1000]: org.thymeleaf.standard.processor.StandardDOMEventAttributeTagProcessor
[THYMELEAF]             * [* {th:onloadstart,data-th-onloadstart}] [1000]: org.thymeleaf.standard.processor.StandardDOMEventAttributeTagProcessor
[THYMELEAF]             * [* {th:onpopstate,data-th-onpopstate}] [1000]: org.thymeleaf.standard.processor.StandardDOMEventAttributeTagProcessor
[THYMELEAF]             * [* {th:onplay,data-th-onplay}] [1000]: org.thymeleaf.standard.processor.StandardDOMEventAttributeTagProcessor
[THYMELEAF]             * [* {th:onreset,data-th-onreset}] [1000]: org.thymeleaf.standard.processor.StandardDOMEventAttributeTagProcessor
[THYMELEAF]             * [* {th:onsubmit,data-th-onsubmit}] [1000]: org.thymeleaf.standard.processor.StandardDOMEventAttributeTagProcessor
[THYMELEAF]             * [* {th:onunload,data-th-onunload}] [1000]: org.thymeleaf.standard.processor.StandardDOMEventAttributeTagProcessor
[THYMELEAF]             * [* {th:onloadeddata,data-th-onloadeddata}] [1000]: org.thymeleaf.standard.processor.StandardDOMEventAttributeTagProcessor
[THYMELEAF]             * [* {th:onmouseup,data-th-onmouseup}] [1000]: org.thymeleaf.standard.processor.StandardDOMEventAttributeTagProcessor
[THYMELEAF]             * [* {th:onafterprint,data-th-onafterprint}] [1000]: org.thymeleaf.standard.processor.StandardDOMEventAttributeTagProcessor
[THYMELEAF]             * [* {th:ondurationchange,data-th-ondurationchange}] [1000]: org.thymeleaf.standard.processor.StandardDOMEventAttributeTagProcessor
[THYMELEAF]             * [* {th:onprogress,data-th-onprogress}] [1000]: org.thymeleaf.standard.processor.StandardDOMEventAttributeTagProcessor
[THYMELEAF]             * [* {th:onformchange,data-th-onformchange}] [1000]: org.thymeleaf.standard.processor.StandardDOMEventAttributeTagProcessor
[THYMELEAF]             * [* {th:ondragover,data-th-ondragover}] [1000]: org.thymeleaf.standard.processor.StandardDOMEventAttributeTagProcessor
[THYMELEAF]             * [* {th:onended,data-th-onended}] [1000]: org.thymeleaf.standard.processor.StandardDOMEventAttributeTagProcessor
[THYMELEAF]             * [* {th:ondragend,data-th-ondragend}] [1000]: org.thymeleaf.standard.processor.StandardDOMEventAttributeTagProcessor
[THYMELEAF]             * [* {th:onemptied,data-th-onemptied}] [1000]: org.thymeleaf.standard.processor.StandardDOMEventAttributeTagProcessor
[THYMELEAF]             * [* {th:onchange,data-th-onchange}] [1000]: org.thymeleaf.standard.processor.StandardDOMEventAttributeTagProcessor
[THYMELEAF]             * [* {th:onbeforeunload,data-th-onbeforeunload}] [1000]: org.thymeleaf.standard.processor.StandardDOMEventAttributeTagProcessor
[THYMELEAF]             * [* {th:onoffline,data-th-onoffline}] [1000]: org.thymeleaf.standard.processor.StandardDOMEventAttributeTagProcessor
[THYMELEAF]             * [* {th:onundo,data-th-onundo}] [1000]: org.thymeleaf.standard.processor.StandardDOMEventAttributeTagProcessor
[THYMELEAF]             * [* {th:ondrop,data-th-ondrop}] [1000]: org.thymeleaf.standard.processor.StandardDOMEventAttributeTagProcessor
[THYMELEAF]             * [* {th:onmouseout,data-th-onmouseout}] [1000]: org.thymeleaf.standard.processor.StandardDOMEventAttributeTagProcessor
[THYMELEAF]             * [* {th:onvolumechange,data-th-onvolumechange}] [1000]: org.thymeleaf.standard.processor.StandardDOMEventAttributeTagProcessor
[THYMELEAF]             * [* {th:onstalled,data-th-onstalled}] [1000]: org.thymeleaf.standard.processor.StandardDOMEventAttributeTagProcessor
[THYMELEAF]             * [* {th:onpause,data-th-onpause}] [1000]: org.thymeleaf.standard.processor.StandardDOMEventAttributeTagProcessor
[THYMELEAF]             * [* {th:onmousedown,data-th-onmousedown}] [1000]: org.thymeleaf.standard.processor.StandardDOMEventAttributeTagProcessor
[THYMELEAF]             * [* {th:onbeforeprint,data-th-onbeforeprint}] [1000]: org.thymeleaf.standard.processor.StandardDOMEventAttributeTagProcessor
[THYMELEAF]             * [* {th:onplaying,data-th-onplaying}] [1000]: org.thymeleaf.standard.processor.StandardDOMEventAttributeTagProcessor
[THYMELEAF]             * [* {th:ononline,data-th-ononline}] [1000]: org.thymeleaf.standard.processor.StandardDOMEventAttributeTagProcessor
[THYMELEAF]             * [* {th:onkeydown,data-th-onkeydown}] [1000]: org.thymeleaf.standard.processor.StandardDOMEventAttributeTagProcessor
[THYMELEAF]             * [* {th:onresize,data-th-onresize}] [1000]: org.thymeleaf.standard.processor.StandardDOMEventAttributeTagProcessor
[THYMELEAF]             * [* {th:ondragenter,data-th-ondragenter}] [1000]: org.thymeleaf.standard.processor.StandardDOMEventAttributeTagProcessor
[THYMELEAF]             * [* {th:onmessage,data-th-onmessage}] [1000]: org.thymeleaf.standard.processor.StandardDOMEventAttributeTagProcessor
[THYMELEAF]             * [* {th:onmousewheel,data-th-onmousewheel}] [1000]: org.thymeleaf.standard.processor.StandardDOMEventAttributeTagProcessor
[THYMELEAF]             * [* {th:onmouseover,data-th-onmouseover}] [1000]: org.thymeleaf.standard.processor.StandardDOMEventAttributeTagProcessor
[THYMELEAF]             * [* {th:onerror,data-th-onerror}] [1000]: org.thymeleaf.standard.processor.StandardDOMEventAttributeTagProcessor
[THYMELEAF]             * [* {th:onload,data-th-onload}] [1000]: org.thymeleaf.standard.processor.StandardDOMEventAttributeTagProcessor
[THYMELEAF]             * [* {th:onsuspend,data-th-onsuspend}] [1000]: org.thymeleaf.standard.processor.StandardDOMEventAttributeTagProcessor
[THYMELEAF]             * [* {th:href,data-th-href}] [1000]: org.thymeleaf.standard.processor.StandardHrefTagProcessor
[THYMELEAF]             * [* {th:inline,data-th-inline}] [1000]: org.thymeleaf.standard.processor.StandardInlineHTMLTagProcessor
[THYMELEAF]             * [* {th:method,data-th-method}] [1000]: org.thymeleaf.standard.processor.StandardMethodTagProcessor
[THYMELEAF]             * [* {th:type,data-th-type}] [1000]: org.thymeleaf.standard.processor.StandardNonRemovableAttributeTagProcessor
[THYMELEAF]             * [* {th:name,data-th-name}] [1000]: org.thymeleaf.standard.processor.StandardNonRemovableAttributeTagProcessor
[THYMELEAF]             * [* {th:accept,data-th-accept}] [1000]: org.thymeleaf.standard.processor.StandardRemovableAttributeTagProcessor
[THYMELEAF]             * [* {th:keytype,data-th-keytype}] [1000]: org.thymeleaf.standard.processor.StandardRemovableAttributeTagProcessor
[THYMELEAF]             * [* {th:cite,data-th-cite}] [1000]: org.thymeleaf.standard.processor.StandardRemovableAttributeTagProcessor
[THYMELEAF]             * [* {th:compact,data-th-compact}] [1000]: org.thymeleaf.standard.processor.StandardRemovableAttributeTagProcessor
[THYMELEAF]             * [* {th:title,data-th-title}] [1000]: org.thymeleaf.standard.processor.StandardRemovableAttributeTagProcessor
[THYMELEAF]             * [* {th:srclang,data-th-srclang}] [1000]: org.thymeleaf.standard.processor.StandardRemovableAttributeTagProcessor
[THYMELEAF]             * [* {th:datetime,data-th-datetime}] [1000]: org.thymeleaf.standard.processor.StandardRemovableAttributeTagProcessor
[THYMELEAF]             * [* {th:maxlength,data-th-maxlength}] [1000]: org.thymeleaf.standard.processor.StandardRemovableAttributeTagProcessor
[THYMELEAF]             * [* {th:valuetype,data-th-valuetype}] [1000]: org.thymeleaf.standard.processor.StandardRemovableAttributeTagProcessor
[THYMELEAF]             * [* {th:lang,data-th-lang}] [1000]: org.thymeleaf.standard.processor.StandardRemovableAttributeTagProcessor
[THYMELEAF]             * [* {th:style,data-th-style}] [1000]: org.thymeleaf.standard.processor.StandardRemovableAttributeTagProcessor
[THYMELEAF]             * [* {th:contenteditable,data-th-contenteditable}] [1000]: org.thymeleaf.standard.processor.StandardRemovableAttributeTagProcessor
[THYMELEAF]             * [* {th:scope,data-th-scope}] [1000]: org.thymeleaf.standard.processor.StandardRemovableAttributeTagProcessor
[THYMELEAF]             * [* {th:enctype,data-th-enctype}] [1000]: org.thymeleaf.standard.processor.StandardRemovableAttributeTagProcessor
[THYMELEAF]             * [* {th:rules,data-th-rules}] [1000]: org.thymeleaf.standard.processor.StandardRemovableAttributeTagProcessor
[THYMELEAF]             * [* {th:preload,data-th-preload}] [1000]: org.thymeleaf.standard.processor.StandardRemovableAttributeTagProcessor
[THYMELEAF]             * [* {th:marginheight,data-th-marginheight}] [1000]: org.thymeleaf.standard.processor.StandardRemovableAttributeTagProcessor
[THYMELEAF]             * [* {th:manifest,data-th-manifest}] [1000]: org.thymeleaf.standard.processor.StandardRemovableAttributeTagProcessor
[THYMELEAF]             * [* {th:id,data-th-id}] [1000]: org.thymeleaf.standard.processor.StandardRemovableAttributeTagProcessor
[THYMELEAF]             * [* {th:sandbox,data-th-sandbox}] [1000]: org.thymeleaf.standard.processor.StandardRemovableAttributeTagProcessor
[THYMELEAF]             * [* {th:wrap,data-th-wrap}] [1000]: org.thymeleaf.standard.processor.StandardRemovableAttributeTagProcessor
[THYMELEAF]             * [* {th:pattern,data-th-pattern}] [1000]: org.thymeleaf.standard.processor.StandardRemovableAttributeTagProcessor
[THYMELEAF]             * [* {th:hspace,data-th-hspace}] [1000]: org.thymeleaf.standard.processor.StandardRemovableAttributeTagProcessor
[THYMELEAF]             * [* {th:dir,data-th-dir}] [1000]: org.thymeleaf.standard.processor.StandardRemovableAttributeTagProcessor
[THYMELEAF]             * [* {th:bgcolor,data-th-bgcolor}] [1000]: org.thymeleaf.standard.processor.StandardRemovableAttributeTagProcessor
[THYMELEAF]             * [* {th:codebase,data-th-codebase}] [1000]: org.thymeleaf.standard.processor.StandardRemovableAttributeTagProcessor
[THYMELEAF]             * [* {th:align,data-th-align}] [1000]: org.thymeleaf.standard.processor.StandardRemovableAttributeTagProcessor
[THYMELEAF]             * [* {th:step,data-th-step}] [1000]: org.thymeleaf.standard.processor.StandardRemovableAttributeTagProcessor
[THYMELEAF]             * [* {th:border,data-th-border}] [1000]: org.thymeleaf.standard.processor.StandardRemovableAttributeTagProcessor
[THYMELEAF]             * [* {th:list,data-th-list}] [1000]: org.thymeleaf.standard.processor.StandardRemovableAttributeTagProcessor
[THYMELEAF]             * [* {th:size,data-th-size}] [1000]: org.thymeleaf.standard.processor.StandardRemovableAttributeTagProcessor
[THYMELEAF]             * [* {th:rowspan,data-th-rowspan}] [1000]: org.thymeleaf.standard.processor.StandardRemovableAttributeTagProcessor
[THYMELEAF]             * [* {th:vspace,data-th-vspace}] [1000]: org.thymeleaf.standard.processor.StandardRemovableAttributeTagProcessor
[THYMELEAF]             * [* {th:http-equiv,data-th-http-equiv}] [1000]: org.thymeleaf.standard.processor.StandardRemovableAttributeTagProcessor
[THYMELEAF]             * [* {th:sizes,data-th-sizes}] [1000]: org.thymeleaf.standard.processor.StandardRemovableAttributeTagProcessor
[THYMELEAF]             * [* {th:draggable,data-th-draggable}] [1000]: org.thymeleaf.standard.processor.StandardRemovableAttributeTagProcessor
[THYMELEAF]             * [* {th:width,data-th-width}] [1000]: org.thymeleaf.standard.processor.StandardRemovableAttributeTagProcessor
[THYMELEAF]             * [* {th:tabindex,data-th-tabindex}] [1000]: org.thymeleaf.standard.processor.StandardRemovableAttributeTagProcessor
[THYMELEAF]             * [* {th:height,data-th-height}] [1000]: org.thymeleaf.standard.processor.StandardRemovableAttributeTagProcessor
[THYMELEAF]             * [* {th:audio,data-th-audio}] [1000]: org.thymeleaf.standard.processor.StandardRemovableAttributeTagProcessor
[THYMELEAF]             * [* {th:target,data-th-target}] [1000]: org.thymeleaf.standard.processor.StandardRemovableAttributeTagProcessor
[THYMELEAF]             * [* {th:max,data-th-max}] [1000]: org.thymeleaf.standard.processor.StandardRemovableAttributeTagProcessor
[THYMELEAF]             * [* {th:accept-charset,data-th-accept-charset}] [1000]: org.thymeleaf.standard.processor.StandardRemovableAttributeTagProcessor
[THYMELEAF]             * [* {th:marginwidth,data-th-marginwidth}] [1000]: org.thymeleaf.standard.processor.StandardRemovableAttributeTagProcessor
[THYMELEAF]             * [* {th:alt,data-th-alt}] [1000]: org.thymeleaf.standard.processor.StandardRemovableAttributeTagProcessor
[THYMELEAF]             * [* {th:min,data-th-min}] [1000]: org.thymeleaf.standard.processor.StandardRemovableAttributeTagProcessor
[THYMELEAF]             * [* {th:frame,data-th-frame}] [1000]: org.thymeleaf.standard.processor.StandardRemovableAttributeTagProcessor
[THYMELEAF]             * [* {th:kind,data-th-kind}] [1000]: org.thymeleaf.standard.processor.StandardRemovableAttributeTagProcessor
[THYMELEAF]             * [* {th:scheme,data-th-scheme}] [1000]: org.thymeleaf.standard.processor.StandardRemovableAttributeTagProcessor
[THYMELEAF]             * [* {th:for,data-th-for}] [1000]: org.thymeleaf.standard.processor.StandardRemovableAttributeTagProcessor
[THYMELEAF]             * [* {th:start,data-th-start}] [1000]: org.thymeleaf.standard.processor.StandardRemovableAttributeTagProcessor
[THYMELEAF]             * [* {th:formtarget,data-th-formtarget}] [1000]: org.thymeleaf.standard.processor.StandardRemovableAttributeTagProcessor
[THYMELEAF]             * [* {th:low,data-th-low}] [1000]: org.thymeleaf.standard.processor.StandardRemovableAttributeTagProcessor
[THYMELEAF]             * [* {th:cellspacing,data-th-cellspacing}] [1000]: org.thymeleaf.standard.processor.StandardRemovableAttributeTagProcessor
[THYMELEAF]             * [* {th:charset,data-th-charset}] [1000]: org.thymeleaf.standard.processor.StandardRemovableAttributeTagProcessor
[THYMELEAF]             * [* {th:dropzone,data-th-dropzone}] [1000]: org.thymeleaf.standard.processor.StandardRemovableAttributeTagProcessor
[THYMELEAF]             * [* {th:summary,data-th-summary}] [1000]: org.thymeleaf.standard.processor.StandardRemovableAttributeTagProcessor
[THYMELEAF]             * [* {th:form,data-th-form}] [1000]: org.thymeleaf.standard.processor.StandardRemovableAttributeTagProcessor
[THYMELEAF]             * [* {th:label,data-th-label}] [1000]: org.thymeleaf.standard.processor.StandardRemovableAttributeTagProcessor
[THYMELEAF]             * [* {th:abbr,data-th-abbr}] [1000]: org.thymeleaf.standard.processor.StandardRemovableAttributeTagProcessor
[THYMELEAF]             * [* {th:formenctype,data-th-formenctype}] [1000]: org.thymeleaf.standard.processor.StandardRemovableAttributeTagProcessor
[THYMELEAF]             * [* {th:poster,data-th-poster}] [1000]: org.thymeleaf.standard.processor.StandardRemovableAttributeTagProcessor
[THYMELEAF]             * [* {th:usemap,data-th-usemap}] [1000]: org.thymeleaf.standard.processor.StandardRemovableAttributeTagProcessor
[THYMELEAF]             * [* {th:hreflang,data-th-hreflang}] [1000]: org.thymeleaf.standard.processor.StandardRemovableAttributeTagProcessor
[THYMELEAF]             * [* {th:span,data-th-span}] [1000]: org.thymeleaf.standard.processor.StandardRemovableAttributeTagProcessor
[THYMELEAF]             * [* {th:scrolling,data-th-scrolling}] [1000]: org.thymeleaf.standard.processor.StandardRemovableAttributeTagProcessor
[THYMELEAF]             * [* {th:classid,data-th-classid}] [1000]: org.thymeleaf.standard.processor.StandardRemovableAttributeTagProcessor
[THYMELEAF]             * [* {th:longdesc,data-th-longdesc}] [1000]: org.thymeleaf.standard.processor.StandardRemovableAttributeTagProcessor
[THYMELEAF]             * [* {th:challenge,data-th-challenge}] [1000]: org.thymeleaf.standard.processor.StandardRemovableAttributeTagProcessor
[THYMELEAF]             * [* {th:content,data-th-content}] [1000]: org.thymeleaf.standard.processor.StandardRemovableAttributeTagProcessor
[THYMELEAF]             * [* {th:formmethod,data-th-formmethod}] [1000]: org.thymeleaf.standard.processor.StandardRemovableAttributeTagProcessor
[THYMELEAF]             * [* {th:autocomplete,data-th-autocomplete}] [1000]: org.thymeleaf.standard.processor.StandardRemovableAttributeTagProcessor
[THYMELEAF]             * [* {th:media,data-th-media}] [1000]: org.thymeleaf.standard.processor.StandardRemovableAttributeTagProcessor
[THYMELEAF]             * [* {th:axis,data-th-axis}] [1000]: org.thymeleaf.standard.processor.StandardRemovableAttributeTagProcessor
[THYMELEAF]             * [* {th:cols,data-th-cols}] [1000]: org.thymeleaf.standard.processor.StandardRemovableAttributeTagProcessor
[THYMELEAF]             * [* {th:class,data-th-class}] [1000]: org.thymeleaf.standard.processor.StandardRemovableAttributeTagProcessor
[THYMELEAF]             * [* {th:spellcheck,data-th-spellcheck}] [1000]: org.thymeleaf.standard.processor.StandardRemovableAttributeTagProcessor
[THYMELEAF]             * [* {th:contextmenu,data-th-contextmenu}] [1000]: org.thymeleaf.standard.processor.StandardRemovableAttributeTagProcessor
[THYMELEAF]             * [* {th:frameborder,data-th-frameborder}] [1000]: org.thymeleaf.standard.processor.StandardRemovableAttributeTagProcessor
[THYMELEAF]             * [* {th:standby,data-th-standby}] [1000]: org.thymeleaf.standard.processor.StandardRemovableAttributeTagProcessor
[THYMELEAF]             * [* {th:rev,data-th-rev}] [1000]: org.thymeleaf.standard.processor.StandardRemovableAttributeTagProcessor
[THYMELEAF]             * [* {th:high,data-th-high}] [1000]: org.thymeleaf.standard.processor.StandardRemovableAttributeTagProcessor
[THYMELEAF]             * [* {th:codetype,data-th-codetype}] [1000]: org.thymeleaf.standard.processor.StandardRemovableAttributeTagProcessor
[THYMELEAF]             * [* {th:rows,data-th-rows}] [1000]: org.thymeleaf.standard.processor.StandardRemovableAttributeTagProcessor
[...]
11:18:45.085 [main] DEBUG org.apache.velocity.macro - added VM includeBuildInfo: source=org.apache.velocity.Template@48c3205a
11:18:45.085 [main] DEBUG org.apache.velocity.loader - ResourceManager: found /templates/macros/page/buildinfo.vm with loader org.apache.velocity.runtime.resource.loader.ClasspathResourceLoader
11:18:45.086 [main] DEBUG org.apache.velocity.macro - added VM includeClassifications: source=org.apache.velocity.Template@7c6442c2
11:18:45.086 [main] DEBUG org.apache.velocity.loader - ResourceManager: found /templates/macros/page/classifications.vm with loader org.apache.velocity.runtime.resource.loader.ClasspathResourceLoader
11:18:45.087 [main] DEBUG org.apache.velocity.macro - added VM includeLead: source=org.apache.velocity.Template@1948ea69
11:18:45.087 [main] DEBUG org.apache.velocity.loader - ResourceManager: found /templates/macros/page/lead.vm with loader org.apache.velocity.runtime.resource.loader.ClasspathResourceLoader
11:18:45.088 [main] DEBUG org.apache.velocity.macro - added VM includeNavigation: source=org.apache.velocity.Template@6ed06f69
11:18:45.089 [main] DEBUG org.apache.velocity.loader - ResourceManager: found /templates/macros/page/navigation.vm with loader org.apache.velocity.runtime.resource.loader.ClasspathResourceLoader
11:18:45.089 [main] DEBUG org.apache.velocity.macro - added VM includeReportInfo: source=org.apache.velocity.Template@39109136
11:18:45.090 [main] DEBUG org.apache.velocity.loader - ResourceManager: found /templates/macros/page/reportInfo.vm with loader org.apache.velocity.runtime.resource.loader.ClasspathResourceLoader
11:18:45.090 [main] DEBUG org.apache.velocity.macro - added VM includeTitle: source=org.apache.velocity.Template@67403656
11:18:45.090 [main] DEBUG org.apache.velocity.loader - ResourceManager: found /templates/macros/page/title.vm with loader org.apache.velocity.runtime.resource.loader.ClasspathResourceLoader
11:18:45.091 [main] DEBUG org.apache.velocity.macro - added VM includeExpandingButtons: source=org.apache.velocity.Template@12f8b1d8
11:18:45.091 [main] DEBUG org.apache.velocity.loader - ResourceManager: found /templates/macros/report/expandAllButtons.vm with loader org.apache.velocity.runtime.resource.loader.ClasspathResourceLoader
11:18:45.092 [main] DEBUG org.apache.velocity.macro - added VM includeReportTable: source=org.apache.velocity.Template@2098d37d
11:18:45.092 [main] DEBUG org.apache.velocity.loader - ResourceManager: found /templates/macros/report/reportTable.vm with loader org.apache.velocity.runtime.resource.loader.ClasspathResourceLoader
11:18:45.092 [main] DEBUG org.apache.velocity.macro - added VM includeReportHeader: source=org.apache.velocity.Template@749ab7b4
11:18:45.092 [main] DEBUG org.apache.velocity.loader - ResourceManager: found /templates/macros/report/reportHeader.vm with loader org.apache.velocity.runtime.resource.loader.ClasspathResourceLoader
11:18:45.094 [main] DEBUG org.apache.velocity.macro - added VM includeStatsTable: source=org.apache.velocity.Template@2532b351
11:18:45.094 [main] DEBUG org.apache.velocity.loader - ResourceManager: found /templates/macros/report/statsTable.vm with loader org.apache.velocity.runtime.resource.loader.ClasspathResourceLoader
11:18:45.095 [main] DEBUG org.apache.velocity.macro - added VM includeBrief: source=org.apache.velocity.Template@b967222
11:18:45.095 [main] DEBUG org.apache.velocity.loader - ResourceManager: found /templates/macros/json/brief.vm with loader org.apache.velocity.runtime.resource.loader.ClasspathResourceLoader
11:18:45.096 [main] DEBUG org.apache.velocity.macro - added VM includeDocString: source=org.apache.velocity.Template@6c298dc
11:18:45.096 [main] DEBUG org.apache.velocity.loader - ResourceManager: found /templates/macros/json/docstring.vm with loader org.apache.velocity.runtime.resource.loader.ClasspathResourceLoader
11:18:45.097 [main] DEBUG org.apache.velocity.macro - added VM includeDuration: source=org.apache.velocity.Template@6b760460
11:18:45.097 [main] DEBUG org.apache.velocity.loader - ResourceManager: found /templates/macros/json/duration.vm with loader org.apache.velocity.runtime.resource.loader.ClasspathResourceLoader
11:18:45.098 [main] DEBUG org.apache.velocity.macro - added VM includeElement: source=org.apache.velocity.Template@2c306a57
11:18:45.098 [main] DEBUG org.apache.velocity.loader - ResourceManager: found /templates/macros/json/element.vm with loader org.apache.velocity.runtime.resource.loader.ClasspathResourceLoader
11:18:45.101 [main] DEBUG org.apache.velocity.macro - added VM includeEmbeddings: source=org.apache.velocity.Template@1436a7ab
11:18:45.101 [main] DEBUG org.apache.velocity.macro - added VM includeHtmlEmbedding: source=org.apache.velocity.Template@1436a7ab
11:18:45.101 [main] DEBUG org.apache.velocity.macro - added VM includeVideoEmbedding: source=org.apache.velocity.Template@1436a7ab
11:18:45.101 [main] DEBUG org.apache.velocity.macro - added VM includeImageEmbedding: source=org.apache.velocity.Template@1436a7ab
11:18:45.101 [main] DEBUG org.apache.velocity.macro - added VM includeImageReferenceEmbedding: source=org.apache.velocity.Template@1436a7ab
11:18:45.101 [main] DEBUG org.apache.velocity.macro - added VM includeTextEmbedding: source=org.apache.velocity.Template@1436a7ab
11:18:45.101 [main] DEBUG org.apache.velocity.macro - added VM includeUnknownEmbedding: source=org.apache.velocity.Template@1436a7ab
11:18:45.101 [main] DEBUG org.apache.velocity.loader - ResourceManager: found /templates/macros/json/embeddings.vm with loader org.apache.velocity.runtime.resource.loader.ClasspathResourceLoader
11:18:45.103 [main] DEBUG org.apache.velocity.macro - added VM includeHooks: source=org.apache.velocity.Template@7abe27bf
11:18:45.103 [main] DEBUG org.apache.velocity.loader - ResourceManager: found /templates/macros/json/hooks.vm with loader org.apache.velocity.runtime.resource.loader.ClasspathResourceLoader
11:18:45.106 [main] DEBUG org.apache.velocity.macro - added VM includeOutput: source=org.apache.velocity.Template@336365bc
11:18:45.107 [main] DEBUG org.apache.velocity.loader - ResourceManager: found /templates/macros/json/output.vm with loader org.apache.velocity.runtime.resource.loader.ClasspathResourceLoader
11:18:45.109 [main] DEBUG org.apache.velocity.macro - added VM includeMessage: source=org.apache.velocity.Template@7351a16e
11:18:45.109 [main] DEBUG org.apache.velocity.loader - ResourceManager: found /templates/macros/json/message.vm with loader org.apache.velocity.runtime.resource.loader.ClasspathResourceLoader
11:18:45.112 [main] DEBUG org.apache.velocity.macro - added VM includeSteps: source=org.apache.velocity.Template@4074023c
11:18:45.112 [main] DEBUG org.apache.velocity.loader - ResourceManager: found /templates/macros/json/steps.vm with loader org.apache.velocity.runtime.resource.loader.ClasspathResourceLoader
11:18:45.114 [main] DEBUG org.apache.velocity.macro - added VM includeStepName: source=org.apache.velocity.Template@66ec9390
11:18:45.114 [main] DEBUG org.apache.velocity.loader - ResourceManager: found /templates/macros/json/stepName.vm with loader org.apache.velocity.runtime.resource.loader.ClasspathResourceLoader
11:18:45.115 [main] DEBUG org.apache.velocity.macro - added VM includeTags: source=org.apache.velocity.Template@562457e1
11:18:45.115 [main] DEBUG org.apache.velocity.loader - ResourceManager: found /templates/macros/json/tags.vm with loader org.apache.velocity.runtime.resource.loader.ClasspathResourceLoader
11:18:45.117 [main] DEBUG org.apache.velocity.loader - ResourceManager: found /templates/footer.vm with loader org.apache.velocity.runtime.resource.loader.ClasspathResourceLoader
11:18:45.119 [main] DEBUG org.apache.velocity - Initializing Velocity, Calling init()...
11:18:45.119 [main] DEBUG org.apache.velocity - Starting Apache Velocity v2.3
11:18:45.121 [main] DEBUG org.apache.velocity - Default Properties resource: org/apache/velocity/runtime/defaults/velocity.properties
11:18:45.122 [main] DEBUG org.apache.velocity - ResourceLoader instantiated: org.apache.velocity.runtime.resource.loader.ClasspathResourceLoader
11:18:45.122 [main] DEBUG org.apache.velocity - initialized (class org.apache.velocity.runtime.resource.ResourceCacheImpl) with class java.util.Collections$SynchronizedMap cache map.
11:18:45.123 [main] DEBUG org.apache.velocity - Loaded System Directive: org.apache.velocity.runtime.directive.Stop
11:18:45.123 [main] DEBUG org.apache.velocity - Loaded System Directive: org.apache.velocity.runtime.directive.Define
11:18:45.123 [main] DEBUG org.apache.velocity - Loaded System Directive: org.apache.velocity.runtime.directive.Break
11:18:45.123 [main] DEBUG org.apache.velocity - Loaded System Directive: org.apache.velocity.runtime.directive.Evaluate
11:18:45.123 [main] DEBUG org.apache.velocity - Loaded System Directive: org.apache.velocity.runtime.directive.Macro
11:18:45.123 [main] DEBUG org.apache.velocity - Loaded System Directive: org.apache.velocity.runtime.directive.Parse
11:18:45.123 [main] DEBUG org.apache.velocity - Loaded System Directive: org.apache.velocity.runtime.directive.Include
11:18:45.123 [main] DEBUG org.apache.velocity - Loaded System Directive: org.apache.velocity.runtime.directive.Foreach
11:18:45.127 [main] DEBUG org.apache.velocity.parser - Created &apos;20&apos; parsers.
11:18:45.127 [main] DEBUG org.apache.velocity.macro - &quot;velocimacro.library.path&quot; is not set. Trying default library: velocimacros.vtl
11:18:45.129 [main] DEBUG org.apache.velocity.loader.class - Could not load resource &apos;velocimacros.vtl&apos; from ResourceLoader org.apache.velocity.runtime.resource.loader.ClasspathResourceLoader
11:18:45.129 [main] DEBUG org.apache.velocity.macro - Default library velocimacros.vtl not found. Trying old default library: VM_global_library.vm
11:18:45.129 [main] DEBUG org.apache.velocity.loader.class - Could not load resource &apos;VM_global_library.vm&apos; from ResourceLoader org.apache.velocity.runtime.resource.loader.ClasspathResourceLoader
11:18:45.129 [main] DEBUG org.apache.velocity.macro - Old default library VM_global_library.vm not found.
11:18:45.129 [main] DEBUG org.apache.velocity.macro - allowInline = true: VMs can be defined inline in templates
11:18:45.129 [main] DEBUG org.apache.velocity.macro - allowInlineToOverride = false: VMs defined inline may NOT replace previous VM definitions
11:18:45.129 [main] DEBUG org.apache.velocity.macro - allowInlineLocal = false: VMs defined inline will be global in scope if allowed.
11:18:45.129 [main] DEBUG org.apache.velocity.macro - autoload off: VM system will not automatically reload global library macros
11:18:45.131 [main] DEBUG org.apache.velocity.loader - ResourceManager: found templates/generators/overviewFailures.vm with loader org.apache.velocity.runtime.resource.loader.ClasspathResourceLoader
11:18:45.134 [main] DEBUG org.apache.velocity.loader - ResourceManager: found /templates/headers.vm with loader org.apache.velocity.runtime.resource.loader.ClasspathResourceLoader
11:18:45.135 [main] DEBUG org.apache.velocity.loader - ResourceManager: found /templates/head.vm with loader org.apache.velocity.runtime.resource.loader.ClasspathResourceLoader
11:18:45.136 [main] DEBUG org.apache.velocity.macro - added VM stringArray: source=org.apache.velocity.Template@7207cb51
11:18:45.136 [main] DEBUG org.apache.velocity.macro - added VM numberArray: source=org.apache.velocity.Template@7207cb51
11:18:45.136 [main] DEBUG org.apache.velocity.loader - ResourceManager: found /templates/macros/array.js.vm with loader org.apache.velocity.runtime.resource.loader.ClasspathResourceLoader
11:18:45.137 [main] DEBUG org.apache.velocity.macro - added VM includeBuildInfo: source=org.apache.velocity.Template@6fd1660
11:18:45.138 [main] DEBUG org.apache.velocity.loader - ResourceManager: found /templates/macros/page/buildinfo.vm with loader org.apache.velocity.runtime.resource.loader.ClasspathResourceLoader
11:18:45.139 [main] DEBUG org.apache.velocity.macro - added VM includeClassifications: source=org.apache.velocity.Template@20095ab4
11:18:45.139 [main] DEBUG org.apache.velocity.loader - ResourceManager: found /templates/macros/page/classifications.vm with loader org.apache.velocity.runtime.resource.loader.ClasspathResourceLoader
11:18:45.140 [main] DEBUG org.apache.velocity.macro - added VM includeLead: source=org.apache.velocity.Template@ae7950d
11:18:45.140 [main] DEBUG org.apache.velocity.loader - ResourceManager: found /templates/macros/page/lead.vm with loader org.apache.velocity.runtime.resource.loader.ClasspathResourceLoader
11:18:45.141 [main] DEBUG org.apache.velocity.macro - added VM includeNavigation: source=org.apache.velocity.Template@546621c4
11:18:45.141 [main] DEBUG org.apache.velocity.loader - ResourceManager: found /templates/macros/page/navigation.vm with loader org.apache.velocity.runtime.resource.loader.ClasspathResourceLoader
11:18:45.143 [main] DEBUG org.apache.velocity.macro - added VM includeReportInfo: source=org.apache.velocity.Template@2822c6ff
11:18:45.143 [main] DEBUG org.apache.velocity.loader - ResourceManager: found /templates/macros/page/reportInfo.vm with loader org.apache.velocity.runtime.resource.loader.ClasspathResourceLoader
11:18:45.145 [main] DEBUG org.apache.velocity.macro - added VM includeTitle: source=org.apache.velocity.Template@40368a46
11:18:45.145 [main] DEBUG org.apache.velocity.loader - ResourceManager: found /templates/macros/page/title.vm with loader org.apache.velocity.runtime.resource.loader.ClasspathResourceLoader
11:18:45.145 [main] DEBUG org.apache.velocity.macro - added VM includeExpandingButtons: source=org.apache.velocity.Template@3d43fe
11:18:45.145 [main] DEBUG org.apache.velocity.loader - ResourceManager: found /templates/macros/report/expandAllButtons.vm with loader org.apache.velocity.runtime.resource.loader.ClasspathResourceLoader
11:18:45.147 [main] DEBUG org.apache.velocity.macro - added VM includeReportTable: source=org.apache.velocity.Template@35ff8fc9
11:18:45.147 [main] DEBUG org.apache.velocity.loader - ResourceManager: found /templates/macros/report/reportTable.vm with loader org.apache.velocity.runtime.resource.loader.ClasspathResourceLoader
11:18:45.148 [main] DEBUG org.apache.velocity.macro - added VM includeReportHeader: source=org.apache.velocity.Template@5f80fa43
11:18:45.148 [main] DEBUG org.apache.velocity.loader - ResourceManager: found /templates/macros/report/reportHeader.vm with loader org.apache.velocity.runtime.resource.loader.ClasspathResourceLoader
11:18:45.150 [main] DEBUG org.apache.velocity.macro - added VM includeStatsTable: source=org.apache.velocity.Template@65bcf7c2
11:18:45.150 [main] DEBUG org.apache.velocity.loader - ResourceManager: found /templates/macros/report/statsTable.vm with loader org.apache.velocity.runtime.resource.loader.ClasspathResourceLoader
11:18:45.150 [main] DEBUG org.apache.velocity.macro - added VM includeBrief: source=org.apache.velocity.Template@576c5536
11:18:45.150 [main] DEBUG org.apache.velocity.loader - ResourceManager: found /templates/macros/json/brief.vm with loader org.apache.velocity.runtime.resource.loader.ClasspathResourceLoader
11:18:45.152 [main] DEBUG org.apache.velocity.macro - added VM includeDocString: source=org.apache.velocity.Template@37c2eacb
11:18:45.152 [main] DEBUG org.apache.velocity.loader - ResourceManager: found /templates/macros/json/docstring.vm with loader org.apache.velocity.runtime.resource.loader.ClasspathResourceLoader
11:18:45.152 [main] DEBUG org.apache.velocity.macro - added VM includeDuration: source=org.apache.velocity.Template@352e787a
11:18:45.152 [main] DEBUG org.apache.velocity.loader - ResourceManager: found /templates/macros/json/duration.vm with loader org.apache.velocity.runtime.resource.loader.ClasspathResourceLoader
11:18:45.152 [main] DEBUG org.apache.velocity.macro - added VM includeElement: source=org.apache.velocity.Template@7e75bf2d
11:18:45.152 [main] DEBUG org.apache.velocity.loader - ResourceManager: found /templates/macros/json/element.vm with loader org.apache.velocity.runtime.resource.loader.ClasspathResourceLoader
11:18:45.157 [main] DEBUG org.apache.velocity.macro - added VM includeEmbeddings: source=org.apache.velocity.Template@205b132e
11:18:45.157 [main] DEBUG org.apache.velocity.macro - added VM includeHtmlEmbedding: source=org.apache.velocity.Template@205b132e
11:18:45.157 [main] DEBUG org.apache.velocity.macro - added VM includeVideoEmbedding: source=org.apache.velocity.Template@205b132e
11:18:45.157 [main] DEBUG org.apache.velocity.macro - added VM includeImageEmbedding: source=org.apache.velocity.Template@205b132e
11:18:45.157 [main] DEBUG org.apache.velocity.macro - added VM includeImageReferenceEmbedding: source=org.apache.velocity.Template@205b132e
11:18:45.157 [main] DEBUG org.apache.velocity.macro - added VM includeTextEmbedding: source=org.apache.velocity.Template@205b132e
11:18:45.157 [main] DEBUG org.apache.velocity.macro - added VM includeUnknownEmbedding: source=org.apache.velocity.Template@205b132e
11:18:45.157 [main] DEBUG org.apache.velocity.loader - ResourceManager: found /templates/macros/json/embeddings.vm with loader org.apache.velocity.runtime.resource.loader.ClasspathResourceLoader
11:18:45.159 [main] DEBUG org.apache.velocity.macro - added VM includeHooks: source=org.apache.velocity.Template@719843e5
11:18:45.159 [main] DEBUG org.apache.velocity.loader - ResourceManager: found /templates/macros/json/hooks.vm with loader org.apache.velocity.runtime.resource.loader.ClasspathResourceLoader
11:18:45.161 [main] DEBUG org.apache.velocity.macro - added VM includeOutput: source=org.apache.velocity.Template@2301b75
11:18:45.161 [main] DEBUG org.apache.velocity.loader - ResourceManager: found /templates/macros/json/output.vm with loader org.apache.velocity.runtime.resource.loader.ClasspathResourceLoader
11:18:45.162 [main] DEBUG org.apache.velocity.macro - added VM includeMessage: source=org.apache.velocity.Template@7ec25216
11:18:45.162 [main] DEBUG org.apache.velocity.loader - ResourceManager: found /templates/macros/json/message.vm with loader org.apache.velocity.runtime.resource.loader.ClasspathResourceLoader
11:18:45.163 [main] DEBUG org.apache.velocity.macro - added VM includeSteps: source=org.apache.velocity.Template@258ee7de
11:18:45.163 [main] DEBUG org.apache.velocity.loader - ResourceManager: found /templates/macros/json/steps.vm with loader org.apache.velocity.runtime.resource.loader.ClasspathResourceLoader
11:18:45.164 [main] DEBUG org.apache.velocity.macro - added VM includeStepName: source=org.apache.velocity.Template@22bd2039
11:18:45.164 [main] DEBUG org.apache.velocity.loader - ResourceManager: found /templates/macros/json/stepName.vm with loader org.apache.velocity.runtime.resource.loader.ClasspathResourceLoader
11:18:45.165 [main] DEBUG org.apache.velocity.macro - added VM includeTags: source=org.apache.velocity.Template@6e1d4137
11:18:45.165 [main] DEBUG org.apache.velocity.loader - ResourceManager: found /templates/macros/json/tags.vm with loader org.apache.velocity.runtime.resource.loader.ClasspathResourceLoader
11:18:45.166 [main] DEBUG org.apache.velocity.macro - VM #includeBrief: too few arguments to macro. Wanted 5 got 4
11:18:45.167 [main] DEBUG org.apache.velocity.macro - VM #includeBrief: too few arguments to macro. Wanted 5 got 4
11:18:45.172 [main] DEBUG org.apache.velocity.loader - ResourceManager: found /templates/footer.vm with loader org.apache.velocity.runtime.resource.loader.ClasspathResourceLoader
</system-out>
    <system-err>nov. 25, 2022 11:18:44 AM net.masterthought.cucumber.ReportParser parseJsonFiles
INFO: File &apos;C:\Users\fzjadour\IdeaProjects\KarateSimpleBooksExercice\target\karate-reports\tests.simpleBooksv1.json&apos; contains 1 feature(s)
</system-err>
  </testcase>
</testsuite>