-------------------------------------------------------------------------------
Test set: tests.TestRunner
-------------------------------------------------------------------------------
Tests run: 1, Failures: 1, Errors: 0, Skipped: 0, Time elapsed: 7.286 sec <<< FAILURE!
tests.TestRunner.testParallel()  Time elapsed: 7.283 sec  <<< FAILURE!
org.opentest4j.AssertionFailedError: status code was: 401, expected: 201, response time in milliseconds: 3093, url: https://simple-books-api.glitch.me/orders, response: 
{"error":"Invalid bearer token."}
classpath:tests/simpleBooksv1.feature:69 ==> expected: <0> but was: <1>
	at org.junit.jupiter.api.AssertionUtils.fail(AssertionUtils.java:55)
	at org.junit.jupiter.api.AssertionUtils.failNotEqual(AssertionUtils.java:62)
	at org.junit.jupiter.api.AssertEquals.assertEquals(AssertEquals.java:150)
	at org.junit.jupiter.api.Assertions.assertEquals(Assertions.java:542)
	at tests.TestRunner.testParallel(TestRunner.java:27)

